-1
-1
-1
-1
-1
14.4265
24.8233
8218.0000
0.0001
-1
-1
-1
3.5840
-1
10658.6757
-1
38.0998
176.3958
0.1414
-1
-1
-1
-1
0.0023
256.3889
-1
0.0000
2.2081
0.2800
5.1984
243871.3333
144.4054
0.0052
-1
-1
-1
-1
0.0038
-1
-1
0.0000
-1
3529.0909
0.0003
1994862.3000
-1
-1
-1
-1
183.7946
0.0000
-1
-1
0.8418
-1
-1
0.0000
0.0008
0.0001
-1
-1
3.5942
0.0005
38.5000
-1
-1
0.0269
0.0119
0.0004
3344157.0000
60521.0870
-1
-1
-1
-1
-1
0.3653
-1
-1
11.2586
-1
0.1600
-1
-1
-1
129723.2618
-1
182706.0000
-1
-1
-1
-1
-1
0.0000
-1
0.0000
-1
-1
-1
-1
-1
53646468.0000
0.0500
-1
46347058.5000
-1
0.0004
-1
-1
0.0000
146020.3615
-1
-1
-1
-1
0.0000
-1
0.0000
0.0013
0.0014
75.6139
0.0013
-1
0.0028
-1
53.7158
0.0000
-1
1.5798
-1
-1
-1
0.0165
-1
0.5000
-1
-1
-1
-1
-1
-1
-1
2134.3810
1017.0034
-1
295.6777
0.0000
-1
0.5000
-1
112.0400
-1
0.0094
-1
-1
-1
-1
14921.5000
96.0330
-1
-1
-1
0.0244
-1
-1
-1
2378.4782
-1
-1
3.0000
0.0082
-1
-1
-1
13.9281
0.0000
0.8154
3.4375
1728.7246
-1
0.0400
4.0250
1.0756
-1
-1
-1
0.9082
380431.3684
-1
2687.4333
0.0000
-1
96605.6250
-1
-1
-1
6.6973
-1
-1
-1
-1
3506.6343
9852.0000
26472129.5000
215713.8511
-1
0.0299
-1
-1
-1
0.0580
-1
36.0417
0.0297
-1
0.6302
0.0723
0.0000
-1
-1
-1
-1
0.0084
-1
0.6789
-1
-1
-1
-1
0.0403
-1
-1
-1
-1
-1
-1
-1
-1
-1
883.3630
-1
0.0478
0.0002
-1
0.0717
-1
-1
-1
-1
16.6667
-1
-1
1793.6000
-1
211.4327
918.8000
-1
-1
0.0000
2165.2092
-1
-1
-1
-1
-1
-1
12481.3646
0.5000
0.0000
0.0000
0.0002
-1
1598.9375
-1
-1
81280.8446
204683.6667
-1
4691.0606
-1
0.0000
-1
-1
4297499.2857
-1
-1
0.4527
0.0052
-1
0.0346
-1
-1
-1
-1
-1
0.0000
-1
1.4250
16682.4459
-1
-1
4.8955
1.7049
0.0000
76039.4756
-1
-1
4.9333
-1
-1
194.0000
0.0029
1.2285
-1
10.9207
-1
-1
-1
-1
4053.7816
-1
0.1429
-1
20863890.5000
0.0000
0.0185
-1
-1
0.0001
36.4737
0.0090
0.3846
3.3462
869.4815
0.0146
0.0001
-1
1.8948
-1
-1
-1
-1
-1
28.5000
-1
42.5170
24030.0000
-1
-1
-1
0.6486
-1
13854.9155
-1
-1
187808.7931
8898.0091
0.0001
11.6000
0.0000
-1
-1
79.8632
0.0001
0.0003
-1
861.1762
0.0000
0.0000
-1
0.0204
0.0001
-1
-1
0.0119
-1
-1
0.0000
-1
6.2857
2.6115
-1
-1
-1
61531.2500
-1
-1
-1
-1
-1
102447.3333
0.2451
-1
3.5921
0.0014
36.8244
-1
0.0001
0.0000
0.0041
714.9075
0.0357
-1
-1
-1
3.0401
-1
0.0010
-1
0.0000
-1
0.0062
14557.7809
-1
1771.2500
-1
-1
-1
0.0689
0.0013
-1
3583.2900
0.7471
-1
-1
0.0000
-1
-1
0.0269
-1
-1
-1
-1
-1
-1
1.8452
-1
0.0905
-1
-1
20.7500
38.5000
-1
-1
184.0000
104799.0000
97.0416
-1
0.5714
-1
-1
0.0620
0.0695
-1
-1
48.2353
-1
0.0036
-1
3.7917
-1
-1
0.0008
1.5525
-1
0.0185
-1
41.4000
25748.0000
31.4552
-1
0.1690
-1
0.0000
-1
-1
0.0407
-1
4524.0671
-1
0.0133
242.0291
-1
-1
-1
0.0000
1.3333
-1
0.0000
-1
129.2500
9875.6052
8148.2500
-1
-1
0.0005
0.0000
-1
221615.3306
0.7204
-1
-1
-1
-1
-1
1.9134
0.0047
-1
1.5562
0.0010
17.0379
-1
0.9178
320524.4444
2.8093
3.0591
-1
0.0184
6313.8333
357.4207
-1
-1
0.0000
546.1429
6925.9767
-1
32.2857
498.0000
-1
-1
83.1481
-1
1251.4898
0.0000
-1
3753.5313
-1
0.0014
1730.2024
0.0000
0.0021
-1
-1
-1
16.2775
1415.2661
0.1458
182787.0000
643.2906
-1
-1
0.0006
0.1322
4282385.0000
0.0541
0.0116
-1
0.0009
0.5777
0.0000
-1
-1
0.7376
0.0211
0.0000
0.0029
-1
-1
145724.3571
0.8657
-1
43.0187
0.1171
-1
0.2480
-1
-1
0.0000
-1
-1
-1
7858.6719
-1
-1
-1
-1
0.0397
0.0000
0.0649
-1
0.3566
-1
-1
201792.8800
-1
-1
0.0013
-1
0.0001
-1
-1
-1
-1
-1
-1
-1
-1
0.0455
-1
0.0003
-1
-1
-1
-1
-1
7.8430
0.0888
1798.6429
-1
0.0000
-1
218.9342
-1
2686027.0000
0.0001
-1
0.0123
-1
-1
0.0142
0.0019
-1
0.1468
0.3839
-1
-1
-1
0.0051
413.6884
-1
-1
0.0002
-1
0.0000
-1
6.4851
2730.6353
-1
16.0136
-1
-1
0.0081
-1
-1
0.0431
0.0002
0.0000
-1
0.0001
0.0500
-1
0.5000
-1
0.0000
1294.0467
0.0000
0.0857
-1
-1
-1
562.8519
-1
-1
-1
-1
-1
-1
0.0104
7.0000
-1
6.4172
-1
-1
49145.8000
-1
-1
-1
-1
-1
0.7480
4477.9518
0.0246
-1
0.5556
-1
548.7712
-1
-1
-1
-1
-1
11.4429
168359.4038
-1
0.0405
-1
-1
-1
-1
0.0006
-1
198969.3333
0.4338
-1
-1
0.0000
-1
-1
-1
-1
0.0000
-1
-1
-1
-1
-1
574.8644
0.0002
22.7140
360.2457
-1
-1
-1
0.0000
12.2546
-1
0.0007
-1
1379.9647
-1
-1
-1
-1
-1
0.0009
-1
-1
0.0000
0.6667
0.0000
1153.6131
-1
17.0803
0.0020
-1
0.0000
0.9540
144005.9498
125.3333
-1
5.9322
287.2812
-1
0.0000
-1
0.0021
0.0000
0.0046
-1
-1
-1
0.0003
0.5000
-1
698.3489
21.5926
-1
-1
0.0000
-1
-1
-1
-1
-1
-1
0.2881
-1
-1
-1
82938.0000
0.0002
1.8451
-1
-1
-1
4.2115
0.0000
-1
0.0000
9182.0000
0.0046
381514.0000
-1
43.1500
0.0000
0.0000
-1
-1
3.2080
-1
-1
-1
-1
2953.7318
-1
-1
0.0706
-1
-1
-1
47.7100
-1
0.0002
1109.5687
-1
1.1403
-1
-1
0.0020
39.1787
1.7581
-1
1.7686
-1
-1
-1
-1
0.0363
-1
-1
1428.0000
-1
-1
3679.7127
3.5476
0.0007
-1
-1
5.3098
-1
-1
-1
-1
-1
-1
-1
-1
-1
9.6539
0.0000
781.2000
-1
0.0938
-1
-1
0.0526
-1
-1
-1
0.0000
-1
-1
-1
-1
-1
0.2006
-1
0.0000
-1
-1
-1
-1
-1
0.0215
0.0000
5.0000
-1
-1
-1
164686.0000
-1
-1
256.2174
-1
23010.9765
2.7419
-1
-1
3457.0870
-1
-1
-1
-1
-1
0.0000
154.6129
0.0333
-1
-1
-1
-1
0.0000
-1
-1
2.0989
-1
-1
107.5357
4.1192
-1
0.0000
19.7500
-1
-1
-1
-1
-1
0.0002
-1
0.0009
-1
-1
-1
0.0004
5.3182
0.3529
5.3212
0.1134
0.0036
1834518.1250
-1
-1
-1
-1
-1
29177178.0000
0.0000
-1
0.0333
-1
-1
-1
-1
-1
1382.6514
-1
13651514.0000
-1
-1
-1
26958.6875
229377.8333
-1
0.0034
-1
0.0221
-1
-1
-1
51.6150
-1
-1
2320.8238
0.0112
0.0003
-1
663.0667
0.6057
-1
-1
0.0022
34070.5000
-1
-1
1.0189
-1
-1
-1
427.0278
0.0182
355.8676
1.5000
-1
-1
-1
690.2222
-1
0.0000
0.0107
-1
-1
-1
-1
-1
0.0000
-1
-1
-1
0.0385
0.1670
-1
-1
47.1543
-1
0.4363
-1
0.0090
0.2008
0.0000
-1
-1
3.2254
306.6300
-1
0.2327
0.0000
0.0119
1.3099
-1
0.0031
0.0435
0.0203
-1
0.0145
-1
175.5799
-1
1323.3425
-1
0.0002
-1
-1
-1
-1
-1
-1
0.0000
602.6429
-1
0.1055
0.0015
3447.8919
-1
-1
-1
-1
4.8558
-1
0.0092
-1
292.2471
0.0000
-1
-1
1.6362
-1
-1
2048.9792
-1
0.0000
-1
0.0007
-1
4.4278
-1
0.0784
1174.1129
-1
-1
-1
-1
-1
0.0439
-1
-1
-1
-1
1659.8649
1.2171
-1
692595.4167
0.0031
-1
-1
-1
233.3333
19.2341
-1
0.0011
-1
0.0268
0.0000
-1
-1
0.0209
-1
-1
-1
-1
0.0043
0.0004
-1
15812.6607
0.0000
-1
-1
0.0000
0.0004
-1
-1
-1
-1
-1
-1
-1
-1
-1
-1
-1
25894927.5000
-1
-1
-1
1451.0000
-1
0.0858
-1
-1
0.0005
-1
-1
-1
0.3930
-1
0.0001
0.1429
-1
-1
-1
-1
44225.7042
0.0001
0.2364
131159.8852
-1
-1
0.0000
-1
-1
84038872.0000
7.1690
-1
-1
-1
0.0447
-1
-1
0.0001
-1
-1
-1
-1
-1
6.0000
-1
-1
0.0001
-1
0.0005
-1
3382.3376
0.0000
0.2907
-1
4229.1538
4.3995
-1
-1
0.2502
-1
-1
-1
714992.3333
-1
-1
-1
-1
-1
0.0019
-1
-1
-1
19.7922
-1
299441.3273
-1
0.8140
-1
-1
6.4424
7.9834
0.1591
9845.2389
-1
-1
0.2000
-1
1.3985
-1
-1
-1
-1
0.4170
-1
189.7143
249.5000
-1
-1
7.9813
0.2888
-1
-1
-1
0.0369
-1
-1
-1
3980.8405
-1
-1
-1
11029.9868
3.8318
-1
0.0095
-1
-1
-1
0.5470
-1
-1
0.0000
4.0693
-1
2.1250
540279.2500
0.0064
103557.3556
-1
60.5095
-1
-1
0.0753
1857.0000
-1
0.0001
232998.3822
-1
11.8550
73.0000
0.1776
1968.0000
0.0001
-1
33.3333
-1
-1
-1
0.0132
-1
-1
0.2154
-1
318.3333
1013.1532
1276.0000
49310.1667
0.0001
-1
-1
0.0000
2.0435
0.0001
-1
0.0000
-1
-1
0.0015
-1
-1
-1
31358.0000
693.4444
-1
0.0000
-1
-1
96.6154
-1
0.1644
-1
-1
0.0164
0.0136
0.0002
-1
-1
26318.0000
-1
-1
-1
-1
-1
2.8421
-1
-1
0.0034
-1
-1
-1
159.9525
-1
0.7633
-1
-1
0.0011
-1
-1
-1
-1
0.5917
-1
-1
-1
-1
-1
-1
-1
0.0208
1.5757
-1
-1
0.0011
0.0005
2.0000
52.3546
0.0026
-1
-1
-1
-1
1018.9298
12.1449
381.8246
-1
0.0000
-1
-1
1.4638
6.0297
2636.0000
2.0000
-1
-1
0.6525
-1
-1
-1
0.0429
-1
-1
-1
-1
6897.6722
0.3974
0.0000
-1
-1
-1
0.0006
-1
-1
-1
-1
0.0002
-1
-1
674.2624
-1
-1
-1
-1
604958.6000
20089.2273
0.0001
-1
0.0826
-1
-1
0.0033
-1
0.0000
-1
0.0082
0.0001
-1
-1
-1
0.0000
0.3330
-1
-1
9.3175
824.3034
0.0999
19.1818
106096.8353
1701.9500
0.0000
-1
-1
-1
-1
2.6751
-1
-1
-1
2498.4737
132.3262
-1
0.0000
124.3333
-1
-1
-1
0.0010
-1
-1
16871.3704
9540.3173
-1
-1
-1
-1
0.0098
-1
-1
-1
-1
181990.6000
25420.1200
-1
0.0000
-1
0.0002
-1
7.0000
9.9683
0.6857
16354.4252
-1
1.3744
1.1287
-1
259922.1855
-1
-1
-1
-1
-1
-1
-1
-1
0.0018
882.7137
-1
0.0002
-1
-1
1.2975
-1
-1
-1
8.3651
-1
0.0054
-1
-1
-1
0.0646
-1
2132906.5000
-1
0.0116
-1
-1
0.0035
0.0000
-1
0.0000
120504.6250
-1
-1
-1
0.0000
-1
-1
0.2000
0.6637
-1
0.0010
11.4589
0.0000
-1
-1
-1
-1
0.0000
0.0255
-1
-1
-1
-1
-1
-1
-1
-1
-1
-1
-1
-1
-1
-1
6.5038
0.0202
-1
0.0000
-1
0.0013
0.0034
15337206.6667
-1
-1
-1
0.0752
-1
-1
0.0000
111.3730
-1
-1
-1
-1
10.3984
1.3000
0.0121
-1
-1
-1
0.1413
4.1709
0.1429
0.0879
-1
0.0001
-1
0.0008
-1
10.9761
0.0122
-1
105.4623
-1
-1
3381.1724
-1
0.4146
0.0024
0.0000
0.0639
-1
0.0000
-1
-1
-1
-1
0.0846
-1
-1
-1
-1
-1
-1
52275.9397
-1
-1
-1
311818.0000
-1
-1
-1
-1
31686.7132
453769.4737
1.0307
0.2000
-1
0.2419
-1
-1
0.0000
-1
-1
-1
-1
-1
0.0000
56.6761
0.0000
-1
0.2500
-1
0.0039
6.9591
-1
23.1492
-1
-1
-1
1.0000
-1
699.4583
-1
0.0087
-1
-1
-1
0.3333
0.0034
-1
0.3333
0.0847
0.0080
19.0000
3532.5385
-1
-1
-1
-1
-1
-1
0.0033
-1
-1
2.8786
-1
-1
-1
0.0011
-1
481.0625
-1
-1
10.8780
1.3605
-1
7.8833
1.9065
-1
-1
0.0000
-1
-1
107327.2705
-1
-1
-1
-1
-1
0.0000
0.0002
0.4605
-1
0.8063
-1
-1
-1
-1
0.0003
-1
-1
0.3405
-1
0.1252
4271.5022
0.0005
0.1363
0.5308
-1
-1
177065.4821
112813.5000
1.3314
-1
-1
-1
13.1250
-1
-1
36.0175
16936.4264
0.3333
-1
-1
-1
68657.9655
5.7500
-1
-1
-1
1262375.3000
-1
21.6624
-1
0.0019
-1
-1
-1
0.1173
-1
1465.3525
-1
23.1234
607.5682
-1
75.9836
-1
-1
-1
-1
0.0001
-1
-1
0.1620
-1
-1
0.2540
-1
-1
-1
128.0000
-1
0.0032
0.0032
-1
0.0003
-1
-1
-1
-1
0.0526
7.5741
0.2000
15.2968
1293.6578
0.0048
0.7692
-1
-1
-1
1.0000
0.8898
0.0000
-1
-1
-1
-1
-1
-1
3.7063
-1
0.0054
0.8379
-1
-1
-1
-1
0.0149
23.3333
-1
-1
-1
-1
-1
-1
-1
33439.0000
-1
-1
4384.6573
-1
-1
-1
-1
0.0037
-1
0.0136
0.0000
-1
-1
-1
7599.2857
-1
0.1134
-1
-1
0.0056
1.8085
-1
17879961.2500
22755.1955
-1
0.0000
-1
1.4381
-1
913.0000
238.1250
-1
-1
-1
-1
0.0312
-1
-1
-1
-1
-1
-1
-1
-1
0.0000
-1
-1
-1
17365.2500
0.0011
-1
1.5972
26.3904
-1
-1
-1
-1
0.2619
0.0000
-1
-1
-1
705765.1429
-1
0.1363
-1
-1
0.0513
6.7319
1.0000
-1
-1
-1
-1
-1
-1
17.3529
-1
0.1083
0.0001
-1
-1
-1
-1
-1
-1
-1
1.6528
1.0000
-1
-1
-1
0.0000
-1
-1
0.0009
0.0000
0.0455
2.4434
360.5000
0.0007
1.3206
156771.0390
0.0010
10.4483
244.6789
-1
0.0000
289173.5652
-1
0.0000
-1
1.1944
0.0004
66639673.0000
2.5823
111093.8077
7.2110
-1
1.5000
-1
-1
-1
0.4675
-1
-1
-1
-1
-1
0.0023
-1
-1
-1
-1
-1
0.0769
-1
-1
0.0001
-1
0.0001
-1
-1
-1
3.1393
-1
-1
822.0000
-1
-1
11.1834
1.7500
-1
-1
129.8202
-1
0.0287
-1
-1
-1
0.1442
4.0838
5.3359
-1
-1
-1
0.0026
-1
1290300.6667
-1
-1
246.3295
-1
64.9572
-1
0.0415
-1
0.0000
-1
-1
-1
-1
-1
-1
-1
0.0046
11710.3394
-1
0.6697
-1
-1
649156.0000
809.3103
-1
0.0109
-1
705.0000
0.0186
-1
-1
-1
-1
-1
-1
15.5578
0.0000
0.0000
-1
-1
-1
120.2269
0.0022
-1
0.0035
-1
0.0016
1.3764
0.0000
0.0048
106.8016
0.0250
-1
-1
1.2571
-1
134865.7500
-1
-1
1856.7878
0.1312
-1
1403.6000
0.2857
-1
-1
0.0001
8669.9491
-1
-1
-1
-1
-1
-1
-1
-1
974.5264
0.0035
-1
2353.3882
-1
0.0000
0.0000
6620193.0000
0.0000
-1
-1
-1
-1
0.0008
70.8163
-1
0.0000
-1
-1
0.0001
0.0000
159.1042
-1
0.0000
0.0000
-1
-1
-1
0.0000
3136592.1111
-1
-1
0.0000
0.0340
0.0084
-1
12.6671
0.0006
-1
2.3686
-1
-1
15.5000
0.0000
-1
0.0020
-1
-1
-1
0.0156
2607001.5000
-1
0.0000
-1
-1
835.9156
3.8187
199.7008
-1
1.2963
-1
-1
14849744.8333
0.0032
-1
17615359.6000
-1
-1
-1
-1
12.6667
0.4000
0.0030
-1
-1
22672.7467
-1
-1
0.0000
279.2941
0.0108
0.3023
-1
0.0003
-1
-1
19.6446
-1
-1
0.0000
-1
-1
0.0054
-1
104.1277
-1
0.5000
-1
7278.0000
1.7069
-1
-1
-1
175.6334
-1
0.0048
0.0000
0.0163
-1
-1
-1
0.0003
-1
297.3193
-1
937.0270
3257.9478
-1
373563.5000
-1
3639462.0000
-1
2025.5236
0.0173
0.9769
-1
0.2000
-1
-1
-1
-1
6036467.8333
3445977.0000
-1
-1
-1
-1
0.0000
72.2759
-1
0.0000
-1
-1
11203.7333
-1
0.9804
0.0006
-1
1.2300
-1
-1
365665.5333
0.3511
-1
0.0002
-1
1.6667
0.0185
-1
0.0089
-1
0.5000
-1
583.7333
0.0766
0.0003
-1
-1
0.1582
0.0044
5317.1601
-1
0.0714
0.0050
-1
452169.5263
-1
0.2500
2175371.0811
-1
-1
-1
-1
-1
-1
0.0002
-1
-1
-1
143863.8400
-1
0.0102
-1
-1
-1
0.0126
-1
2.6667
-1
-1
1984972.8750
0.0004
-1
-1
-1
-1
0.0039
7.9119
2.5918
-1
0.4691
-1
-1
0.0000
-1
-1
0.3333
-1
0.0000
-1
-1
-1
124.0624
652.2089
0.4637
0.7889
0.0000
-1
7221589.3333
-1
0.0000
24.9637
-1
-1
275847.5000
9.6458
50.3855
-1
-1
0.0089
0.1097
60.1618
-1
-1
-1
-1
-1
0.0000
-1
0.3889
-1
-1
-1
11.3378
1.3046
0.0001
-1
-1
-1
14803.7959
-1
-1
-1
0.1072
-1
-1
-1
0.2532
-1
0.3909
0.0006
700058.4286
111.7107
-1
1.0000
-1
303.2519
82.5000
0.3398
0.0002
15.4833
-1
0.0472
0.0001
16816.0000
-1
-1
-1
-1
10.0000
-1
0.0010
-1
-1
3.5167
485.9686
3015.0000
3.9160
-1
2.4667
0.0077
100.0000
0.2500
-1
0.0000
0.0280
-1
-1
-1
0.0800
1.6230
-1
-1
804.8319
-1
0.0001
-1
-1
0.0000
-1
-1
-1
-1
1.2842
-1
-1
-1
-1
0.0001
431.0288
-1
-1
-1
3750.9884
-1
0.0062
44122.2759
-1
13.6250
-1
-1
-1
160211.6853
0.0000
-1
-1
0.0264
-1
46.2374
-1
1973277.5000
-1
0.0000
0.0000
-1
-1
0.0002
-1
0.4167
0.0001
-1
-1
0.0139
-1
-1
0.0102
0.0250
-1
-1
3.2698
-1
-1
-1
0.0347
0.0000
2297944.0000
-1
-1
0.5844
-1
-1
-1
0.0003
0.0000
-1
-1
-1
-1
-1
-1
682.0000
1.2764
-1
-1
0.0000
0.1618
0.0006
-1
-1
-1
-1
-1
-1
0.0000
-1
77740399.0000
109297.4068
-1
334.6471
-1
22176.6143
-1
0.0016
-1
3.6572
-1
-1
-1
-1
192536.8000
-1
1.8596
-1
-1
-1
0.4699
-1
0.0189
-1
-1
-1
-1
1.9442
-1
-1
8.0000
77.3077
-1
456.2071
2454.2826
3204.8337
-1
-1
-1
860.0653
11413.8182
0.0004
-1
-1
-1
1342.2000
0.0160
-1
9563.9512
0.0049
-1
2.2500
-1
-1
30998.6538
-1
0.1169
-1
-1
-1
0.0001
-1
0.0078
-1
-1
-1
-1
-1
0.0281
-1
-1
-1
0.0000
-1
0.0000
11851.9091
0.0967
0.0000
1158.8618
-1
-1
-1
0.0012
-1
-1
0.0794
-1
-1
-1
-1
-1
-1
-1
0.0000
-1
-1
0.0000
17794.6764
-1
0.2364
0.0000
-1
-1
-1
-1
-1
-1
-1
0.0000
0.0000
0.1227
0.0020
-1
0.0046
-1
0.0092
-1
5.0000
1.1043
-1
-1
-1
0.0001
2207.5887
34469.3243
-1
70904.0000
0.0010
45.0792
-1
-1
-1
0.0747
-1
-1
-1
-1
-1
-1
1.0464
14932.0303
86.3129
-1
-1
-1
-1
-1
1081.6967
-1
-1
-1
1.1010
171639.7912
-1
0.0000
0.0268
0.1615
0.0000
0.0678
-1
1247.1240
102014.0372
0.0001
-1
-1
0.0026
89.7973
0.0002
-1
0.0208
-1
-1
-1
-1
-1
460642.8533
-1
0.0556
0.0005
-1
-1
-1
674730.7167
393367.5976
1.6821
-1
-1
12.2788
0.0187
2.0677
-1
-1
-1
-1
-1
12832.5000
-1
-1
-1
496781.0000
-1
-1
-1
-1
-1
0.0051
3.6835
0.8272
-1
124053.1431
-1
-1
0.2500
507.8333
-1
26020.3333
-1
633538.7222
-1
39095779.0000
-1
-1
-1
0.0004
2707.6421
-1
5.4000
-1
-1
-1
0.1429
15.2426
3580.9086
2.9512
0.0113
0.2483
-1
88342.5375
-1
-1
0.0004
-1
3354839.1429
139.2517
0.0006
-1
0.0015
0.2585
-1
0.0052
11.5000
1134.0000
-1
-1
-1
-1
-1
3802.8407
-1
-1
-1
0.0000
-1
-1
-1
-1
154.2775
-1
100.0872
-1
-1
0.4831
0.5000
-1
-1
11.4287
-1
0.4899
1.4051
-1
-1
0.0667
-1
-1
280661.9052
0.6143
286.6111
-1
-1
-1
8705.9206
-1
101.9134
0.0001
1.7500
-1
-1
-1
0.0153
-1
-1
-1
0.6949
6773.9880
-1
-1
0.0013
-1
251010.9545
-1
1273.0137
-1
7.4627
-1
-1
-1
-1
-1
106.3821
-1
-1
348.0000
1.0708
-1
0.0000
0.0005
12499.0000
1.0000
-1
-1
0.4699
0.0064
-1
0.0000
0.0006
18063.7371
-1
-1
-1
-1
-1
-1
-1
14.8430
0.0000
0.0000
-1
790.8537
-1
7461056.0000
-1
-1
-1
0.1216
23018.6562
-1
-1
-1
-1
-1
-1
45494.5000
-1
79.8688
123809.7264
-1
5993.7616
162.3333
0.0069
767.7776
3.2468
0.0089
15634312.8333
-1
0.0000
-1
-1
-1
-1
207535.9677
-1
0.0380
-1
-1
-1
0.0003
-1
-1
-1
-1
-1
-1
-1
10.0343
0.0286
-1
-1
3.3847
0.0000
-1
-1
-1
-1
0.0000
-1
11.4527
-1
-1
0.0000
0.0000
-1
-1
0.0000
0.0185
0.0000
-1
-1
124444.9545
-1
-1
0.0000
-1
-1
-1
-1
23.6667
-1
-1
0.0244
-1
572.5954
-1
0.0051
-1
-1
2622998.6667
0.0016
-1
0.3684
0.0020
-1
47371.0000
1286.7524
0.0000
29.7418
-1
0.1667
363683.3370
0.0002
285673.6667
-1
306.6795
0.0448
0.0000
-1
0.0001
0.0443
-1
-1
8.0000
-1
-1
3.5476
-1
0.0001
0.2483
139183.7601
-1
-1
-1
-1
0.9476
0.0002
-1
-1
-1
0.0370
-1
-1
0.0013
-1
1.1504
0.1392
-1
-1
-1
0.0001
-1
-1
0.2478
0.0000
582.4011
4.2381
6.1371
-1
-1
-1
-1
0.0512
-1
0.0963
1.7862
0.0174
-1
-1
-1
-1
-1
-1
0.0016
0.0000
-1
-1
0.0022
6.6771
0.0002
0.0000
6.4501
-1
-1
4918.8411
-1
-1
0.1119
-1
8.2857
-1
0.0000
0.0000
-1
-1
-1
-1
0.0000
1021.2218
0.0000
0.0970
-1
-1
78760.5600
-1
89538.7143
-1
0.1344
0.7778
-1
9607555.3333
-1
-1
-1
-1
-1
83837045.0000
-1
-1
-1
0.1429
23.0000
-1
-1
0.0000
8391.8750
1.1314
-1
0.2970
-1
-1
0.0132
-1
0.1373
0.8788
0.0000
-1
-1
-1
0.0015
-1
-1
-1
9.7998
-1
0.0000
-1
-1
-1
0.2600
0.0040
-1
6490.0074
-1
-1
0.0444
-1
0.0114
0.0189
-1
-1
-1
85610.0000
-1
-1
-1
-1
1.9455
-1
-1
-1
-1
-1
-1
25.8025
-1
-1
-1
-1
5735595.0000
-1
0.2000
0.0000
557.1501
0.4509
0.2812
-1
-1
0.0036
-1
-1
0.2218
-1
0.0459
-1
-1
-1
0.0185
1242.4898
-1
0.0154
-1
0.0001
-1
-1
-1
-1
2734.0000
-1
1443.6037
4261.2857
386758.5000
-1
-1
-1
-1
-1
-1
103548.5000
0.0000
-1
-1
-1
-1
-1
487.5118
-1
0.0000
-1
-1
-1
0.0004
-1
1152.3456
-1
0.0000
1.3621
-1
0.0000
0.0003
0.1812
2552.3940
-1
92.4286
0.0291
-1
-1
-1
-1
0.0028
-1
-1
102.0157
-1
-1
-1
0.0000
81.5460
-1
1.4030
-1
97658.5714
5545.1571
19207.5144
437.1616
0.0011
3.4887
-1
-1
0.0356
-1
0.0046
0.0036
-1
-1
0.0124
0.0001
5734.7692
-1
-1
0.0013
-1
0.0208
1.2000
0.0013
0.5000
-1
-1
392.4444
1835.4303
-1
-1
-1
121.8943
-1
-1
-1
1210.7792
0.0000
-1
-1
0.0000
-1
-1
-1
0.6571
-1
-1
1.7308
783.7973
-1
0.0000
0.0011
-1
-1
0.0006
0.1111
-1
2142471.1471
4.2593
0.1667
-1
0.0004
-1
36.3141
-1
-1
-1
-1
-1
-1
-1
-1
-1
0.0000
-1
-1
-1
0.0019
-1
2423644.6389
-1
-1
46571.7255
100333.0000
0.0038
18.6522
-1
-1
-1
-1
0.0002
15919.3878
-1
-1
85354.3795
-1
-1
-1
-1
47.2999
-1
0.0000
0.0000
-1
-1
-1
0.0147
-1
0.0008
-1
0.0000
-1
1.2000
2.4385
-1
-1
-1
-1
14.7708
-1
-1
6.5602
-1
-1
278.5164
0.1838
-1
0.0000
-1
0.0047
-1
0.0011
-1
-1
82.4306
62.8376
0.1579
-1
0.1451
19.0584
-1
-1
-1
0.0007
-1
0.0000
-1
0.0017
-1
-1
0.0205
74.2047
0.0000
-1
1300.5000
11140.4978
0.3333
-1
2556948.0000
0.0000
3179506.0000
-1
123.5000
31952.5954
-1
703.5294
-1
-1
-1
-1
39.5000
8.6503
-1
-1
-1
9853.6245
-1
84394651.0000
-1
-1
0.0256
-1
-1
-1
-1
-1
-1
0.0000
-1
936134.5556
-1
-1
-1
0.0000
0.6671
-1
0.0000
-1
-1
-1
33114.0575
-1
-1
1.2500
0.0000
0.0538
0.2000
-1
39942.7143
1.0000
-1
-1
0.9508
-1
0.0000
-1
-1
0.0019
2628130.0000
-1
-1
-1
-1
208.6912
-1
-1
-1
-1
31484.5000
-1
-1
-1
-1
1.3326
0.0025
-1
0.0082
0.8570
-1
-1
0.0181
-1
62.0000
2.5270
-1
-1
-1
15.2331
-1
-1
-1
245065.3571
0.1928
-1
0.0023
422.1262
0.0003
-1
0.0001
0.5163
-1
332.8475
0.8189
0.0002
-1
0.0000
-1
0.0001
-1
1910956.5000
-1
-1
-1
-1
-1
-1
1.2537
35.7185
-1
-1
201751.2500
32342.3357
7.8546
-1
-1
0.0452
0.0159
0.0058
3869.1630
-1
-1
392932.0000
0.0013
1.5000
-1
1.0708
0.0005
1.6968
0.0000
-1
-1
0.0000
0.0001
-1
28.6667
-1
-1
-1
-1
-1
-1
-1
44.5263
186.1130
-1
-1
-1
6.1111
15452.2727
-1
-1
0.6949
-1
0.0102
0.0000
0.0008
0.0000
-1
-1
-1
-1
-1
0.1539
-1
10.1417
-1
-1
0.0192
-1
-1
-1
-1
-1
-1
-1
-1
0.0000
10.0000
-1
3.5554
-1
4653.6818
42.5735
-1
0.5833
-1
-1
-1
-1
0.0047
-1
0.2000
-1
-1
-1
11100.1714
-1
435.0000
-1
-1
-1
14.6667
-1
-1
0.7179
-1
-1
3.0000
0.0204
0.0000
0.8493
0.0003
-1
-1
-1
-1
0.0324
-1
-1
-1
0.0166
-1
-1
0.0020
-1
0.0000
-1
-1
-1
-1
1706212.1569
-1
-1
-1
2.6737
-1
-1
-1
0.0277
0.0001
-1
0.0075
-1
-1
0.0722
-1
835334.0308
-1
82472.2222
1.9383
-1
9203.0000
-1
-1
-1
1286.0645
1.0179
0.0000
0.4080
-1
-1
0.0000
0.0012
0.6839
-1
0.0000
-1
-1
-1
0.0001
-1
103.7333
-1
-1
-1
0.0085
-1
0.1951
-1
-1
0.0001
-1
-1
14.6508
-1
-1
0.0001
0.0000
-1
-1
8.6250
0.0000
-1
0.1818
329.9000
-1
0.0039
1.1220
0.0086
-1
-1
-1
-1
-1
0.0000
-1
1.4000
-1
1308.2400
-1
2320398.9750
-1
-1
66018.4868
0.0000
-1
4261.4476
3.9571
-1
0.2000
-1
-1
-1
384.2317
0.5830
-1
9.7588
0.0000
0.0003
-1
0.0002
12667.4318
0.0002
-1
2.0951
0.0000
-1
-1
-1
-1
-1
-1
210000.1667
23473.7778
-1
0.0000
17.0000
31133.3905
1146.7791
-1
-1
-1
-1
0.0002
-1
-1
379.1136
-1
-1
-1
204.4601
-1
-1
-1
-1
0.3333
-1
0.1287
62.6997
22098.6012
-1
-1
-1
-1
3218.7857
0.0017
-1
-1
-1
0.0006
-1
-1
-1
0.0000
-1
0.4307
0.0004
-1
-1
-1
0.0004
-1
-1
-1
1144712.7500
-1
0.2821
5.1842
-1
-1
-1
0.0213
22638.9167
-1
524.9590
0.8272
0.0090
-1
0.0000
-1
-1
-1
0.0000
0.0000
558.6531
16.2776
-1
-1
26928.6667
-1
-1
-1
105.5136
0.0001
3085677.8667
-1
-1
-1
0.0000
11902.2623
10175.6667
-1
-1
0.0010
0.0045
-1
-1
-1
0.0030
1.2857
0.0019
-1
1.0000
-1
2.8571
-1
0.0075
0.2141
-1
-1
-1
0.0622
0.0011
-1
-1
22.7500
-1
-1
20.2903
13583.8333
-1
-1
-1
0.0000
-1
4468.1150
-1
0.0653
-1
-1
231.2000
0.0127
-1
-1
-1
1181.7274
0.0003
0.0010
-1
0.0735
-1
-1
-1
0.3333
-1
-1
-1
-1
1423.6940
-1
1.4907
-1
-1
0.1911
-1
-1
0.2985
26.9042
-1
-1
4.6667
0.0516
-1
66102.2126
20248.0000
-1
0.1884
-1
0.8086
-1
0.0002
-1
-1
0.0419
-1
-1
41.7500
65.4000
-1
0.0000
2689163.8438
10.6531
-1
-1
-1
-1
0.0000
290.2333
0.0601
4003139.1765
-1
0.0001
-1
0.0011
-1
120.8290
-1
1951.2669
154.8387
-1
9328.4500
-1
30301.5833
1.0385
1.0000
-1
-1
-1
-1
0.0000
0.0001
-1
-1
153679.5000
-1
5559.5079
0.2098
-1
0.0000
-1
0.0000
8.7532
0.2500
-1
0.0000
0.2000
-1
-1
0.3189
1.5735
0.1080
-1
-1
-1
-1
-1
-1
-1
0.0000
-1
-1
-1
-1
284747.5500
-1
-1
427.7293
1702.9415
-1
0.1429
617.7864
-1
1.2335
118707.0114
-1
-1
-1
-1
-1
0.0000
-1
0.0000
-1
-1
0.6524
0.0027
44.2177
-1
185.9326
0.0000
1.3471
4.1451
0.4366
0.0000
0.0247
199971.6000
0.1365
-1
-1
0.0000
35.5600
-1
-1
55116.1792
0.0006
-1
3.0973
-1
-1
-1
0.0901
-1
576910.8333
-1
0.0014
-1
0.0000
-1
-1
-1
-1
5387.7722
-1
-1
1168.3995
0.0441
-1
-1
0.0000
-1
0.1111
0.0025
580.0000
-1
0.0083
-1
-1
77230.8246
0.9863
0.0000
-1
-1
-1
-1
-1
-1
0.0233
-1
2780272.8333
0.6178
-1
-1
-1
301337.1562
0.0000
2.4022
-1
-1
-1
-1
-1
-1
6.2605
69384.3333
1.0467
-1
-1
0.0000
1015.6679
-1
-1
0.0023
-1
-1
-1
0.0013
-1
-1
4631.7619
-1
-1
1647968.0000
-1
25.1801
239.6061
-1
0.0003
0.5047
0.0012
-1
-1
1.7120
25408.1370
-1
60611.2369
0.0000
-1
-1
-1
0.0124
13.7271
0.0011
0.0086
-1
-1
351.2025
-1
-1
-1
0.0003
-1
11008.4164
0.0001
-1
-1
-1
32375.2531
0.0001
-1
-1
2943.6235
-1
0.0021
40.3385
2054.4283
0.0000
-1
64.8128
-1
-1
949779.9870
0.0000
2.3333
-1
0.0000
0.0000
0.0001
-1
-1
-1
2.9005
78.4728
-1
-1
-1
0.0000
-1
-1
-1
-1
13.3387
-1
-1
0.0177
-1
1.5000
30.6640
5359.1810
-1
-1
0.0032
2.7548
-1
-1
-1
2369.2500
-1
-1
-1
-1
-1
-1
-1
-1
2606.0609
-1
-1
-1
-1
0.0000
-1
9.3440
35161.4706
-1
-1
0.0009
-1
62.4000
136.0986
-1
0.4444
-1
16.6667
-1
171.8974
0.0001
0.0000
-1
4148.5143
-1
0.0995
-1
0.0366
0.0233
-1
0.0011
0.0000
18.4113
-1
0.0006
-1
-1
-1
-1
3.2407
-1
358.1471
-1
-1
0.0058
109.7778
0.0476
-1
-1
-1
0.0500
-1
-1
-1
0.0000
-1
-1
0.0000
18.7500
0.0360
-1
-1
0.0002
-1
0.0455
-1
-1
0.0000
39.2246
1.6667
-1
0.0000
19.6243
0.0000
-1
4123.4000
19.0525
-1
0.1069
1744.8083
-1
0.0029
199650.3333
-1
-1
0.0345
0.0001
-1
-1
-1
0.0000
1729.8256
-1
5.0000
13204.6271
-1
-1
275764.3333
-1
4021.1000
464.1111
0.0003
-1
8302.8217
-1
-1
-1
-1
-1
-1
-1
2.0142
-1
-1
-1
0.0151
-1
-1
-1
-1
-1
0.0035
1506.7600
-1
-1
874.0000
-1
-1
0.0146
0.9174
-1
0.3226
0.0137
-1
-1
-1
37.0714
1.4575
-1
0.0000
11.6730
-1
2673.7248
-1
0.0000
0.1292
-1
254.5276
-1
12486.2133
-1
-1
-1
0.0038
84827675.0000
0.0000
-1
-1
0.2547
-1
-1
-1
-1
-1
-1
2.7855
-1
-1
-1
-1
-1
-1
3451.8018
-1
-1
-1
-1
-1
0.0764
376338.0357
-1
0.0011
0.9079
4.1935
-1
0.0588
0.0001
95154.5763
0.0000
-1
0.0021
-1
0.0000
-1
10309.5888
-1
-1
-1
292.7378
-1
6280.0000
8.3918
5.2500
10274.5000
-1
0.0002
4.6336
26904.4007
3008.3894
-1
67.0974
-1
0.0074
-1
0.3972
-1
84.6250
-1
135272.9259
-1
-1
1.7231
-1
-1
-1
305.5289
98277.9383
7.4886
-1
-1
1700.6623
-1
0.1218
-1
25068.6667
-1
-1
-1
0.1250
-1
36175.0000
-1
-1
-1
446.5000
0.0000
0.0000
-1
0.1707
-1
0.0297
-1
94.8685
1.8600
0.0082
-1
-1
-1
-1
-1
17114.0000
-1
-1
2.0870
-1
15.0833
633.2472
-1
11.4354
-1
0.0000
-1
3923788.5000
-1
-1
0.0001
0.0270
-1
0.0239
-1
14.2391
0.0092
-1
-1
-1
-1
0.2857
-1
-1
6.6952
-1
0.0000
160141.8902
0.0000
0.0228
-1
-1
-1
3.1200
114539.8800
-1
10421.6364
-1
-1
9.0828
-1
-1
-1
0.0001
-1
18.6667
197.6667
-1
-1
-1
-1
-1
101.9197
315.5148
0.0029
-1
-1
-1
-1
-1
-1
3007.4707
-1
-1
629226.9167
-1
783.8000
-1
178.2091
-1
2.1137
-1
-1
-1
13.3333
-1
0.0016
-1
-1
-1
-1
0.0013
-1
219057.5668
-1
-1
140634.5536
-1
0.1888
-1
0.0169
243.7388
0.3034
-1
1.6742
295063.6667
-1
-1
-1
-1
18.6457
0.0000
-1
-1
-1
0.0003
3972.5000
1.4884
-1
20431.2500
96.3786
0.0386
-1
0.0030
-1
-1
-1
1.5635
-1
-1
-1
-1
-1
-1
-1
-1
0.0000
-1
-1
-1
0.0000
-1
-1
2.0000
-1
-1
-1
-1
-1
0.0104
9.4992
-1
-1
1668.2229
-1
-1
-1
44.0000
-1
2.6865
0.1712
1658.5019
-1
-1
-1
0.0100
-1
0.7935
-1
158.8415
0.0000
16060.5000
-1
-1
6.7719
-1
0.0000
-1
-1
-1
-1
-1
-1
-1
-1
-1
4.7007
-1
-1
0.0000
-1
-1
-1
-1
0.0000
-1
-1
-1
-1
0.0793
-1
-1
-1
88.5581
0.1167
-1
-1
-1
0.4076
0.0000
-1
-1
-1
36.6949
0.0025
-1
-1
-1
-1
0.0000
0.0006
0.0041
-1
-1
0.3513
-1
-1
4896.0000
0.0604
-1
-1
-1
0.2969
37.1750
-1
-1
0.0007
-1
2.1098
0.0000
1029.2438
-1
-1
148.1667
0.1629
-1
-1
-1
-1
-1
-1
-1
1957.1212
-1
15.4396
10.1922
-1
0.0141
-1
0.0009
-1
1458.7500
-1
0.0000
-1
-1
-1
-1
-1
193.7786
0.0218
0.2200
0.4545
-1
1022794.5000
-1
0.0198
-1
-1
-1
586.9542
0.0024
-1
-1
4414.0000
1130.3113
0.0040
-1
1.5310
0.0000
-1
-1
0.0003
-1
-1
0.0000
0.0011
-1
-1
-1
0.1219
-1
-1
0.1429
-1
-1
0.0357
-1
0.0001
-1
66628.0000
0.0022
-1
-1
0.1404
-1
-1
-1
717868.7500
-1
0.0554
-1
-1
38900.0569
-1
-1
-1
20.0000
-1
-1
-1
-1
-1
67566.2619
0.0027
-1
-1
5356.0000
-1
1854.5000
-1
-1
-1
0.0094
16.5640
-1
1.0627
-1
-1
-1
0.0029
0.6667
-1
-1
-1
0.0319
-1
-1
-1
-1
0.0000
-1
-1
-1
88.9277
0.0005
-1
1.6667
2751.3333
834.3210
1567675.3333
115.7500
-1
-1
-1
1.8571
-1
11.9886
-1
-1
-1
387.5000
1.0778
-1
0.7592
0.0000
-1
-1
-1
-1
0.0000
-1
-1
178.9887
0.2564
-1
0.0124
-1
0.0000
5092.3916
-1
-1
0.0001
6791768.0909
-1
-1
-1
-1
20.2771
0.2052
-1
-1
1373.4485
-1
-1
-1
808.3939
-1
-1
104.3405
0.5000
0.0002
0.0021
76.8635
-1
-1
0.0000
-1
1.3083
-1
128.4058
-1
-1
0.0075
0.0221
-1
9661.6667
-1
-1
53.0000
-1
0.8919
0.0471
0.0370
-1
32.2041
-1
-1
-1
0.0182
0.0000
-1
313.1627
0.0114
0.0000
-1
-1
61359265.0000
75301.0000
-1
-1
-1
0.0472
-1
50.0999
0.0205
125.8948
-1
0.0000
954.4656
-1
-1
-1
-1
-1
0.1600
520.6135
0.0000
-1
-1
-1
0.1055
0.0043
-1
0.0000
-1
-1
-1
0.3795
-1
-1
218.5010
26777.0299
0.0000
-1
-1
5.5094
-1
0.9821
0.0000
1.1213
0.0002
2.0669
4449.2644
0.7831
-1
-1
-1
-1
-1
-1
0.0000
-1
294.7419
1.1074
0.1404
0.0001
-1
0.0000
-1
1.0000
0.7907
79867.0727
-1
-1
0.0051
0.0382
0.0002
0.0022
0.0972
154.6803
-1
-1
-1
-1
-1
-1
105894.2703
23026.0250
-1
-1
0.0057
-1
-1
-1
-1
0.2000
-1
0.0000
-1
10.7283
1.7645
-1
0.8750
-1
-1
-1
0.0002
15.9990
-1
1410.2585
-1
-1
-1
-1
-1
4031.6875
1432.0588
-1
-1
0.9353
-1
-1
-1
-1
-1
1032533.5714
0.0019
22.3333
-1
-1
0.0000
0.0000
144817.2727
-1
1.0000
-1
4955177.8333
0.0001
-1
0.0365
1966.1354
2.6553
8.1866
0.0000
-1
-1
-1
46.6802
-1
6870099.0000
-1
-1
-1
0.0016
-1
-1
-1
-1
0.1011
-1
-1
-1
0.0320
-1
0.9091
-1
2.6547
-1
-1
1.7500
0.0008
5955.0556
-1
0.0000
-1
-1
0.3333
-1
-1
-1
-1
-1
-1
-1
0.0107
-1
64630.6111
93.0000
-1
-1
-1
0.4057
-1
102215.0000
0.9779
-1
327.0000
-1
-1
-1
-1
-1
-1
-1
0.7717
0.0101
-1
1.3583
-1
-1
-1
0.0133
43.6120
0.0012
0.1154
-1
-1
-1
0.0180
0.1279
0.0002
-1
0.0002
0.1640
-1
-1
6.7465
-1
0.0000
0.0011
298.2222
0.0423
-1
-1
18.2426
8182.0000
-1
-1
514.4017
96647.3179
-1
21.3846
0.0001
3132.5000
-1
-1
-1
2.1417
-1
60.8919
-1
26.5913
846.1719
136.8533
3.1852
-1
-1
-1
-1
-1
-1
3.9756
-1
2397.2500
-1
-1
-1
274.6393
-1
0.0144
0.4091
-1
-1
0.0001
-1
0.0001
0.0232
0.0004
-1
-1
-1
-1
0.0000
-1
0.1584
0.1072
-1
-1
0.0000
-1
17875.6942
-1
-1
2239.8560
0.0026
-1
34703431.5000
-1
-1
0.0005
-1
-1
-1
-1
-1
0.3333
171849.2393
-1
0.0022
-1
3641.2857
0.0568
-1
-1
-1
0.0010
-1
-1
-1
1.2222
1.3718
0.0468
0.0000
-1
0.4984
-1
-1
-1
984998.5000
0.0040
0.0000
0.0009
-1
-1
137066.3467
-1
-1
-1
-1
-1
7.8333
-1
-1
103.2857
1554.1979
-1
0.0003
-1
129.8023
0.0000
-1
-1
-1
-1
23.6667
-1
0.0462
0.0422
0.0000
-1
-1
0.0000
-1
1884.1327
0.5000
-1
-1
-1
0.0507
-1
0.0056
0.7327
0.5959
0.4068
-1
-1
-1
8.3672
0.1346
-1
-1
-1
-1
16.5957
-1
-1
0.0002
-1
69.8804
-1
-1
-1
0.0012
-1
475.5000
4.6512
-1
-1
-1
-1
1.6051
-1
0.0000
0.0001
0.5000
-1
-1
0.0001
1220.8444
0.0000
0.0278
-1
1.3333
0.0000
-1
-1
9079.0000
-1
-1
-1
-1
0.0363
-1
-1
1732385.6667
-1
0.0725
-1
-1
-1
-1
61.1074
-1
0.0280
0.0000
-1
-1
-1
116765.8333
0.0002
0.2107
0.0013
1490.0340
0.0063
-1
-1
888.2567
0.0257
72.3333
0.0000
-1
0.3438
-1
-1
-1
-1
1344533.1429
6.9444
-1
-1
0.3333
-1
-1
-1
0.0033
-1
670.5953
1.0000
-1
-1
-1
-1
-1
0.0004
-1
68.4331
-1
0.0000
-1
0.0180
-1
0.0009
-1
-1
4.7027
9129.9529
-1
0.1471
-1
0.1127
27.0303
833.5814
-1
-1
-1
0.8335
-1
-1
-1
-1
-1
109053.7414
0.5152
2195.0815
21878.2626
0.0000
-1
3922.3386
-1
140.8305
30445.0255
-1
-1
-1
0.0011
6.2048
-1
-1
-1
3599.2797
-1
0.0112
-1
-1
-1
-1
-1
-1
217457.0000
11.3570
-1
11.0000
-1
-1
0.0619
-1
-1
2.3310
1.0254
-1
0.0013
-1
-1
0.2668
-1
3.5000
0.1849
-1
-1
-1
-1
-1
-1
0.0000
0.0009
0.0070
-1
1299.5000
-1
-1
498.9501
114123.0000
-1
-1
0.0078
0.0000
-1
-1
6302683.0000
-1
0.0004
0.0006
-1
-1
-1
0.0078
-1
-1
-1
4764683.0000
-1
-1
-1
-1
-1
-1
0.0407
-1
-1
12.0957
-1
11.5364
-1
-1
-1
49041.1667
-1
-1
-1
0.0099
0.0007
1.1986
-1
59.6359
0.0001
269919.8923
-1
0.0011
6.7234
-1
0.0001
-1
-1
-1
-1
0.0035
0.0000
-1
3.5000
-1
-1
-1
-1
0.0000
0.0016
-1
0.2000
0.0001
354.0564
-1
-1
-1
0.2500
-1
-1
0.0188
0.1538
29.3333
-1
15.2499
-1
-1
1484143.1064
-1
6142856.7500
-1
-1
-1
0.0000
791837.5714
-1
-1
-1
0.0000
0.3333
189.2791
0.0033
-1
-1
0.0000
-1
-1
-1
0.2359
0.3751
-1
3.4026
196.8708
1165519.2500
-1
0.0000
-1
-1
-1
0.0000
-1
0.8571
-1
-1
-1
0.0248
-1
1.2543
0.0000
-1
-1
-1
2.8396
0.0011
-1
-1
-1
0.0136
-1
-1
-1
-1
248479.6667
18196.8000
868707.2308
-1
-1
-1
-1
0.0006
-1
0.0093
0.0016
0.1038
-1
-1
-1
0.0968
1071142.2857
-1
0.0001
-1
9055.9241
-1
-1
0.0004
0.0018
0.0096
-1
0.5771
-1
254.1444
-1
-1
0.0153
1.7353
5.4128
-1
-1
0.0031
0.0000
-1
-1
-1
-1
0.0004
28850.5188
0.0005
-1
-1
-1
-1
-1
0.0010
-1
0.0000
128.3035
-1
-1
-1
-1
-1
-1
-1
27.5161
-1
-1
0.0000
-1
-1
472.1910
-1
0.0501
0.0000
-1
-1
0.0004
-1
-1
-1
-1
-1
0.0011
0.0002
-1
-1
-1
0.6386
-1
-1
0.0099
-1
-1
0.0233
1.0178
-1
10.2147
-1
-1
-1
2709.6443
0.0003
-1
-1
-1
-1
1.1382
2.7039
-1
-1
191.0551
-1
-1
-1
-1
0.5610
-1
0.9643
-1
15.9841
-1
0.0242
1.9653
-1
0.0104
-1
0.0004
0.8369
4.7179
139.8928
0.0625
0.0029
-1
0.1038
-1
-1
-1
-1
45231.5000
1.0000
-1
-1
-1
-1
-1
-1
-1
18109.5376
-1
-1
1.0218
-1
-1
-1
-1
140613.6667
-1
0.3134
5.9335
-1
-1
0.0020
0.6494
-1
-1
-1
-1
0.3939
-1
-1
0.1804
1.3281
-1
-1
1.8453
-1
0.0245
0.0040
0.1756
-1
-1
-1
0.0000
-1
-1
-1
0.0269
-1
-1
4710.8200
-1
0.5694
-1
0.0931
-1
-1
-1
0.0000
0.0001
-1
-1
-1
-1
-1
-1
-1
-1
-1
-1
-1
-1
-1
0.5275
270515.6176
0.0290
0.0364
-1
0.0010
72.4382
-1
-1
0.0036
0.0000
-1
0.0000
-1
0.0000
-1
-1
-1
-1
0.0186
-1
902170.0000
-1
-1
-1
0.0000
-1
-1
-1
-1
6564.7222
30937.3462
-1
-1
-1
-1
-1
-1
-1
0.0001
0.0000
-1
59089.4531
-1
95448.0000
-1
-1
0.1310
93708395.0000
1.0556
-1
-1
73021.2500
0.0081
-1
-1
0.0004
0.0000
3521690.0000
-1
278103.4000
-1
-1
0.0033
-1
-1
-1
0.0000
-1
-1
-1
32009.1132
-1
739.4179
-1
-1
-1
-1
-1
13.6504
439591.0000
0.4411
-1
-1
-1
-1
0.0000
-1
-1
71.3427
-1
-1
-1
-1
-1
-1
21829.8200
-1
-1
-1
0.0000
0.0003
-1
-1
-1
-1
-1
-1
-1
-1
-1
218.7568
-1
-1
-1
-1
0.5000
2688101.4000
-1
15400.6071
-1
-1
0.2845
1012.7200
0.0698
7.5961
-1
-1
78.5373
7623941.0000
-1
-1
-1
11965784.2500
2.3703
0.0003
-1
115.2688
-1
-1
-1
-1
0.0496
-1
-1
-1
-1
-1
-1
13234.4584
0.0000
13813.9759
-1
0.0000
0.1014
-1
-1
-1
-1
1759588.2727
-1
4117099.5000
0.0000
-1
1858.9762
-1
-1
-1
-1
0.0229
-1
-1
-1
-1
32984.5185
-1
-1
0.1287
0.0000
-1
0.0560
2760.1576
0.0370
4175.0000
14.2000
-1
-1
-1
-1
-1
0.0000
-1
-1
-1
-1
-1
-1
116.5612
-1
0.0018
18210.0459
-1
1.7433
5.7062
-1
-1
-1
1858.3722
1.2409
2438.4000
-1
-1
-1
-1
0.5000
-1
0.0491
-1
0.0004
-1
12872.2288
-1
-1
-1
0.0085
18.0980
-1
-1
0.0200
0.0605
-1
-1
-1
-1
0.0000
12.7663
-1
2.3884
-1
0.4915
-1
-1
-1
0.0410
0.3037
-1
-1
-1
0.0014
0.0004
0.0130
-1
0.0007
2013675.2903
24.8418
-1
-1
-1
675.9546
-1
-1
-1
0.0881
-1
5579.3026
2.7600
-1
-1
-1
-1
30.0760
0.0227
16008.3333
13500.8571
-1
0.0238
-1
4144.0047
-1
-1
-1
1255838.5294
-1
0.0000
-1
-1
20.3514
-1
-1
-1
-1
-1
3141.3060
-1
-1
-1
-1
-1
0.0001
0.0000
-1
0.0492
-1
-1
0.0000
-1
-1
26306.4733
1.6000
-1
-1
15.7449
-1
-1
0.0000
-1
5460222.0833
0.0005
-1
-1
-1
-1
-1
-1
-1
-1
-1
6421.7500
0.0000
-1
-1
0.0000
96875.6173
17702.0000
-1
-1
0.0006
-1
-1
-1
0.0025
-1
-1
-1
0.1688
0.0001
2129.7756
47.6000
-1
17.6546
-1
-1
-1
-1
75.7300
8318.0000
-1
-1
18.1900
-1
25.2717
-1
0.2500
0.1132
0.0000
-1
12.2500
0.0035
-1
-1
-1
-1
-1
-1
-1
-1
-1
-1
25.9248
0.0013
0.0000
0.0000
-1
0.0001
4.9484
-1
-1
-1
-1
-1
1.0000
-1
0.0000
1.5700
-1
0.0006
0.0005
68463.6868
-1
0.8889
-1
-1
17.7838
0.0001
0.0000
12681378.0000
549.9831
-1
-1
-1
-1
-1
0.0809
290646.4765
1.3242
-1
-1
-1
0.0195
-1
-1
-1
-1
-1
-1
-1
0.0000
23.6541
-1
-1
-1
-1
0.0003
-1
0.0000
-1
24.6949
0.0000
-1
6484.5961
0.1213
-1
-1
5363.3571
-1
-1
-1
-1
-1
0.0000
-1
5206.4020
-1
-1
-1
-1
-1
-1
-1
3.7086
-1
-1
0.0105
-1
-1
-1
-1
-1
-1
-1
-1
-1
0.0000
-1
-1
180.9363
0.0000
-1
0.1435
-1
224258.6530
0.0013
-1
-1
-1
-1
-1
0.0000
-1
-1
0.0000
-1
-1
-1
53.1763
650.8288
0.0003
-1
20119.2817
-1
-1
-1
-1
-1
-1
0.0019
0.0001
67335.9180
-1
-1
0.0000
-1
920.4373
-1
216.4286
-1
1.3077
-1
1.9254
-1
0.5228
0.0149
-1
1.0323
-1
23404.3333
-1
709.6889
2.4822
-1
-1
0.0004
-1
0.1842
-1
-1
-1
-1
0.2091
58321.5000
-1
0.0010
-1
5469.5612
0.0074
23.5106
0.0002
-1
0.0634
70799818.0000
17549.0000
0.0029
0.0000
-1
632960.7767
-1
188.9826
-1
-1
-1
-1
-1
-1
-1
297791.7847
0.0175
-1
0.0594
8.5766
-1
-1
-1
-1
-1
-1
0.0000
1141.1812
0.4218
0.0286
-1
-1
400103.5000
-1
-1
-1
-1
1.0558
-1
-1
12.7529
-1
-1
23.1702
4175140.0000
105573.6018
0.0000
-1
-1
-1
-1
-1
-1
0.0023
-1
1.6709
0.0571
18.3720
128.0853
-1
-1
4148.8710
-1
10341.6129
0.0000
-1
-1
22.5432
-1
33.9572
-1
-1
-1
-1
0.3293
-1
0.0010
0.0046
-1
-1
-1
-1
-1
0.0535
-1
0.0000
0.0029
-1
-1
14812.5000
-1
-1
-1
-1
0.0001
-1
-1
0.0001
0.0110
0.4881
-1
-1
-1
-1
-1
-1
-1
-1
88528.5000
919702.5000
-1
-1
4873502.4286
0.0822
0.0051
-1
0.0000
0.0000
-1
-1
-1
-1
192.9091
892.6126
0.0007
-1
0.1500
-1
0.0193
-1
-1
-1
1.2903
-1
-1
0.1582
-1
-1
-1
-1
-1
647.0000
38.5536
196.6475
-1
0.0000
0.0619
-1
0.6763
-1
0.0002
9.9782
0.0000
24.8677
-1
-1
0.1242
-1
7.4444
-1
26630.8356
0.0043
3.8730
-1
56184.0000
-1
-1
-1
-1
605.9905
-1
65898.4714
-1
0.0006
195.6000
0.0004
336.7619
0.3861
-1
8904.5259
8192846.0000
-1
-1
-1
-1
-1
0.0563
8.1875
4727.8150
-1
-1
1737.9767
-1
0.0000
-1
10271.3333
-1
0.0667
-1
-1
-1
-1
0.4032
175.1509
0.0145
-1
0.0000
-1
55.7619
-1
12.7500
-1
-1
-1
-1
-1
-1
-1
-1
0.0008
-1
-1
0.0000
0.0003
4.9552
-1
787.3953
-1
0.0283
12556.4286
-1
3805265.4286
535.8472
0.0005
-1
-1
-1
-1
-1
0.0000
-1
-1
162.6259
-1
-1
-1
-1
-1
-1
0.0036
-1
-1
-1
-1
73.0256
0.0000
53938.2424
0.0238
69230.7500
-1
10.7941
-1
-1
-1
0.0075
-1
0.6191
-1
-1
4279.9524
398.0044
0.0000
-1
-1
0.6996
-1
-1
-1
-1
-1
-1
-1
2747.1194
0.0167
-1
-1
-1
0.0000
0.0053
0.0152
0.0012
-1
-1
-1
-1
-1
0.0032
-1
-1
0.0013
-1
0.0429
-1
3.3333
31463.6129
-1
-1
-1
-1
-1
-1
0.4641
-1
-1
3593.5000
0.0013
17.5116
-1
0.0000
-1
119.3927
-1
-1
0.0024
0.2071
453.1111
-1
-1
16.5312
0.0004
-1
-1
0.5420
-1
10022.7442
-1
0.8158
0.0000
-1
4.3878
0.0019
-1
-1
0.2000
27352.7019
-1
-1
175.4000
85.5424
93320.0000
52.6110
-1
0.0000
-1
-1
-1
0.0328
0.0000
-1
-1
1.3750
0.0079
22.0000
-1
-1
-1
0.0028
-1
-1
0.0000
0.0002
-1
77.3517
-1
-1
0.0018
0.3551
-1
1650.7556
-1
16.3542
4.5341
0.0002
-1
-1
-1
-1
0.0090
2.6908
0.0002
0.0139
0.0144
-1
-1
-1
-1
5.0000
-1
-1
-1
364.0000
-1
-1
-1
0.0008
-1
13644.2250
0.0017
-1
0.0076
-1
-1
0.9111
-1
-1
-1
2.6334
-1
-1
-1
-1
-1
-1
-1
-1
20.5045
0.0004
10466.5294
-1
-1
1886039.8913
0.0020
-1
-1
-1
0.0000
0.0000
-1
0.0039
-1
0.0000
-1
-1
9317.0532
-1
-1
67466.1351
-1
-1
-1
0.0000
1.3889
0.4319
-1
-1
-1
-1
0.5206
-1
-1
-1
-1
0.9223
3.0000
-1
-1
64896.7451
-1
0.0860
-1
0.0000
0.0003
0.0000
-1
0.0597
-1
117.0625
1.6842
-1
0.0000
2.0000
-1
14.1186
1080.1390
-1
0.0000
-1
-1
-1
2.8288
-1
0.0002
0.0001
0.0077
-1
-1
0.0005
62.7613
227.6170
-1
0.0012
66784.0870
0.0086
-1
-1
792.9444
-1
1221.7425
276953.8485
-1
-1
-1
0.0000
-1
0.8456
0.0002
3945.3881
0.0002
201.6972
-1
-1
0.0000
-1
7.2439
-1
31.1414
-1
0.0185
89.1600
-1
3676699.5000
-1
0.2633
17304553.2500
-1
-1
-1
-1
-1
0.0000
-1
6347723.5000
-1
0.0085
-1
-1
0.0001
22.2527
0.0626
0.0001
-1
-1
-1
312.1667
0.0017
402.8939
-1
-1
0.0328
0.0312
-1
0.0312
-1
-1
-1
0.0641
-1
-1
944855.6667
0.0000
0.0000
41219.5000
-1
375.5000
88.6667
0.0076
477.5000
0.0000
-1
-1
-1
-1
0.0005
-1
-1
1.1551
0.1776
0.7363
27.3185
99728.0000
3465648.5714
80523.8316
-1
-1
-1
9178.0066
-1
-1
3.3293
-1
-1
-1
-1
-1
-1
517.0000
-1
-1
95763.8891
984.3216
-1
-1
-1
7.0000
-1
0.0023
0.0000
2.3887
0.0000
-1
-1
4.0962
-1
1.6238
-1
-1
-1
-1
0.7274
-1
-1
-1
0.0011
0.0000
0.0001
-1
0.0430
199928.6667
22.5681
858470.2745
0.0000
0.9963
-1
0.5795
-1
-1
21061.1877
-1
-1
-1
-1
-1
0.0019
0.0000
-1
-1
-1
18.9677
4559231.0000
-1
11211.0000
0.0020
0.0052
0.0001
-1
-1
0.3333
-1
-1
-1
-1
0.0000
0.0763
-1
-1
4504.4145
-1
205.1667
-1
-1
-1
-1
603.6620
-1
2227.2500
2622834.6667
-1
-1
0.0779
-1
-1
0.0000
-1
-1
78.7938
-1
-1
-1
0.4109
0.0000
-1
-1
603.3215
-1
-1
0.1429
0.0001
-1
-1
433.0000
0.0000
-1
365944.8333
-1
-1
-1
-1
-1
-1
0.0039
-1
-1
-1
-1
0.0000
0.0036
-1
-1
-1
7900311.0000
158369.1944
0.8984
-1
-1
-1
0.0014
-1
0.0032
0.0000
0.1852
0.0000
-1
1.7115
24.8710
-1
150.1310
-1
-1
-1
-1
-1
-1
0.0096
-1
-1
5.4910
2.2927
-1
-1
22978.7000
-1
0.0000
272.0217
-1
-1
-1
10.9922
-1
-1
-1
0.0000
-1
-1
-1
1.6468
-1
28.9870
0.0002
13.6124
0.1627
-1
-1
0.0000
40.8250
371365.7593
-1
11560685.3333
-1
72.0000
-1
-1
-1
-1
0.0001
-1
3.1205
-1
-1
-1
-1
0.0001
-1
0.0000
0.0122
0.0017
-1
-1
-1
-1
-1
-1
-1
-1
-1
0.0043
-1
-1
-1
-1
-1
-1
-1
-1
0.0297
-1
-1
0.0054
-1
22500.6585
-1
6.4706
0.0004
0.0225
-1
0.0042
-1
229.0253
1.0000
-1
0.0001
-1
11.4592
-1
1329.8502
0.0074
-1
-1
-1
-1
-1
-1
6.0906
0.0000
-1
-1
341.6000
0.9683
-1
-1
0.0004
-1
0.7914
-1
27898.9401
-1
2.9821
-1
-1
-1
-1
-1
-1
0.0000
-1
-1
-1
-1
0.0000
-1
7.0203
-1
770.3945
-1
-1
-1
-1
0.0000
4.9333
-1
-1
0.0000
186.4727
0.4220
-1
0.0278
-1
-1
209.0000
-1
-1
-1
796.7244
-1
0.0002
-1
0.3609
49.4938
-1
-1
-1
-1
0.0000
-1
-1
-1
-1
-1
0.0337
1078118.0133
-1
-1
-1
-1
0.7100
8364.5714
-1
0.1111
-1
-1
-1
-1
-1
2.1748
0.0024
-1
39163.0909
-1
1.2971
-1
-1
0.0001
5.0000
-1
550.7477
0.0038
-1
11.4933
0.0000
13032.5000
-1
-1
2.4543
-1
-1
0.0090
-1
0.0002
407.7018
2871.6667
-1
-1
0.0000
-1
21.4722
-1
-1
20.0513
-1
0.0013
-1
-1
-1
-1
-1
-1
-1
-1
29938.0112
-1
-1
0.0000
-1
855830.0000
-1
-1
-1
8.8767
-1
-1
0.0002
-1
-1
-1
0.0001
1883.5379
487.2972
134.6956
-1
0.0000
0.0000
2.0000
86.1093
-1
0.0043
-1
0.0055
-1
-1
-1
-1
117489.2000
-1
43.4461
104839.3158
-1
-1
-1
0.0016
-1
48.3442
0.0118
-1
14.9394
-1
-1
12.9214
45796165.0000
519.5186
44971.7500
-1
-1
-1
0.0167
1.4096
-1
-1
-1
373.3242
-1
-1
-1
-1
-1
-1
0.0462
-1
10629.1686
0.1194
-1
-1
-1
-1
-1
-1
-1
5.0000
-1
-1
226.5000
-1
-1
-1
0.0000
-1
0.0000
85.7464
-1
-1
-1
-1
-1
-1
-1
3726.5471
-1
2.8067
26827.4286
26.0588
-1
0.0000
0.1439
0.0093
-1
-1
113.4240
1952769.0000
-1
-1
-1
-1
-1
-1
-1
268531.1250
-1
0.0002
-1
561749.7442
-1
-1
-1
0.0264
-1
-1
0.0001
0.0900
-1
9.9059
0.1312
-1
29.4444
0.0000
0.2446
0.0003
-1
0.0613
-1
-1
-1
0.0000
0.1173
0.0043
2054.4699
1.2632
-1
0.2645
-1
37209.5502
-1
-1
-1
0.0687
-1
-1
83.1429
0.1565
567.6696
-1
0.4457
11719.0000
-1
-1
0.4000
-1
-1
0.0013
19191.3577
-1
8.5526
-1
-1
-1
990.3023
3.5000
-1
-1
-1
-1
-1
2.3138
-1
0.1111
0.7039
-1
-1
-1
0.0977
7.2876
-1
-1
-1
-1
0.1376
0.0000
-1
-1
-1
3.0514
-1
-1
-1
-1
-1
1866.4723
0.0000
0.0000
0.0001
-1
-1
472.8571
-1
-1
-1
0.0002
-1
-1
10895.8889
-1
0.0035
0.0546
46.3158
0.0222
-1
-1
5.6034
0.0256
-1
-1
0.1111
-1
-1
-1
10946.6667
-1
0.2972
-1
387.6667
0.0009
0.0003
0.0000
-1
-1
9425.3065
-1
1894975.0000
-1
-1
-1
-1
0.5059
15.5758
0.0003
-1
-1
-1
-1
933.6667
-1
12.5000
-1
-1
0.0001
-1
0.0000
0.0003
177112.3579
-1
-1
-1
-1
-1
-1
-1
-1
-1
2.7350
-1
0.3142
-1
-1
-1
0.0000
-1
-1
-1
0.0000
-1
17.9639
0.0054
-1
0.0002
-1
-1
1.9854
-1
-1
-1
-1
-1
10.5000
0.0023
0.0000
-1
-1
13.2690
1.0000
250.4235
-1
-1
163.5000
166.9444
13207.3382
15.3539
3.0000
0.0026
-1
-1
-1
-1
-1
-1
436611.4000
0.0000
-1
1.5410
-1
-1
17.2717
-1
-1
-1
-1
4.0000
3406.6973
-1
-1
-1
6770.0000
0.1087
-1
0.3662
4.3729
-1
0.0000
0.0110
-1
0.0000
-1
80.6667
10926.0000
-1
0.0000
-1
0.4177
-1
10.8867
113.8751
-1
-1
-1
-1
-1
0.0000
8004033.2222
6815.1429
784.0000
-1
0.5000
-1
0.1439
0.0000
0.0002
-1
-1
-1
-1
223.9143
-1
-1
0.0001
-1
0.0000
-1
32126.1707
0.0000
-1
-1
5.3793
24454.2993
-1
0.0043
0.4519
-1
0.0000
0.5144
-1
3151.1425
-1
47728.6964
0.0000
-1
2.5399
-1
-1
1669.3792
-1
0.1722
-1
-1
-1
-1
-1
0.0000
-1
1916.8292
-1
0.0012
-1
-1
-1
-1
-1
-1
-1
169737.4062
-1
-1
0.0000
-1
1.1830
-1
-1
-1
-1
21495.5455
0.0000
0.0000
-1
-1
0.0000
-1
264.7138
-1
0.0000
-1
-1
32.8736
5.7908
0.0041
0.0228
325.6497
-1
-1
-1
-1
-1
-1
-1
0.0026
0.0005
-1
1.0000
-1
-1
0.0015
-1
0.0108
-1
0.0000
0.3333
-1
0.1567
4.2245
187.4822
-1
0.0026
0.3223
0.0286
-1
-1
-1
-1
458.1667
-1
-1
-1
9.0000
-1
-1
-1
0.0001
0.0033
-1
9137.9350
0.0005
-1
-1
-1
0.0006
0.0545
0.1706
918.1111
70112.3333
0.0010
-1
295954.0526
9544184.0000
-1
-1
-1
-1
-1
-1
202.6251
94.5446
-1
-1
-1
35.2258
-1
-1
-1
-1
0.0000
-1
-1
9.7423
-1
1903.7143
-1
4904.0000
0.0001
4.6316
-1
106.6232
-1
1917.4000
-1
-1
0.2067
-1
-1
393482.0000
-1
-1
14.7143
-1
0.0083
-1
-1
954491.7647
-1
-1
814.5806
0.0008
-1
0.0046
-1
4.3755
-1
-1
-1
-1
0.0003
0.1107
3.0221
-1
-1
0.0190
1356.4701
0.0205
0.0007
-1
-1
-1
23349.0287
1.3054
-1
-1
28213.4000
-1
-1
-1
-1
8040825.0000
-1
0.0004
-1
-1
-1
246.7273
0.0000
20.1161
-1
-1
-1
1.3984
-1
-1
-1
18873.3784
0.0001
0.3333
0.0080
0.0714
0.0055
-1
-1
-1
0.0000
0.0004
0.0055
4.7000
-1
-1
-1
-1
-1
-1
-1
0.0000
565781.0484
-1
-1
-1
0.0001
-1
0.0016
-1
-1
0.0147
-1
0.8194
0.0085
0.0009
-1
-1
-1
0.0001
-1
-1
-1
-1
-1
0.1156
1186.3700
-1
-1
6.4143
-1
67.8557
22.7612
-1
-1
-1
-1
17.6027
-1
0.0008
-1
-1
-1
1.6872
15916.9440
0.0071
-1
0.2857
-1
-1
0.0000
34.5000
400710.9667
-1
0.0000
-1
-1
-1
-1
0.0010
0.2500
-1
334.9788
0.0000
-1
-1
345.2013
75862382.0000
0.0131
0.0000
0.4114
-1
-1
-1
0.0000
1844227.4000
-1
12.5000
2.6835
0.0000
-1
-1
0.0001
-1
-1
-1
-1
-1
12.1400
-1
-1
0.0254
129.8866
-1
0.1827
-1
3722120.0000
-1
0.0304
0.0014
-1
-1
-1
-1
-1
-1
-1
-1
-1
0.0000
20989.2923
-1
-1
-1
-1
66096.3750
-1
0.0022
-1
-1
-1
4.0864
18.5691
-1
-1
-1
-1
-1
13365.4000
0.0000
-1
0.0014
0.0140
-1
-1
0.0222
0.0004
0.0455
7791.0000
0.0007
-1
113363.8276
-1
0.0500
-1
-1
-1
7.0000
-1
0.0010
-1
-1
5939.4723
-1
-1
27.5570
-1
0.0212
367.1667
-1
-1
-1
9469.0000
-1
-1
0.0000
73.0000
-1
-1
-1
0.0000
-1
0.0117
602261.6875
0.0012
-1
-1
0.0250
-1
-1
-1
0.0003
0.0109
-1
0.0014
59329.8124
0.0000
0.0002
0.1305
3718.2175
6734.8962
-1
-1
22045.0000
-1
-1
-1
-1
-1
-1
-1
-1
-1
-1
-1
-1
-1
-1
86.2964
-1
0.0024
2429.3333
-1
51.6895
-1
-1
0.2204
-1
-1
28.6647
-1
1752.5000
-1
-1
-1
0.0000
-1
-1
-1
0.0000
-1
-1
-1
7.0698
-1
-1
-1
255330.1667
-1
-1
-1
0.0000
-1
1.2288
-1
-1
-1
12.1039
-1
0.0000
-1
-1
-1
-1
0.3333
-1
-1
-1
0.4397
-1
-1
23.0000
0.0000
0.0000
-1
-1
-1
0.0000
-1
-1
-1
-1
-1
-1
169475.2344
-1
369217.4091
0.0026
-1
-1
-1
3.3597
11.5957
0.0238
-1
0.1053
-1
-1
-1
39183.2443
-1
1.4376
-1
-1
-1
0.0000
-1
40.2500
-1
-1
-1
-1
-1
2681.0000
-1
0.0000
0.0087
-1
-1
-1
9.2096
0.0305
-1
3.2531
-1
-1
2.3056
-1
-1
-1
-1
-1
0.0066
-1
-1
-1
-1
-1
-1
241.4115
95.9411
-1
11788.0145
283.2926
1029.0000
-1
-1
176385.4630
12.6500
2.3002
0.0168
-1
-1
0.0001
-1
-1
-1
-1
2834.4286
-1
1046.5000
0.0001
0.1085
0.0242
-1
0.2771
0.0118
0.0092
-1
9.0000
-1
516.8002
40.0000
655.9314
0.0112
-1
12.0726
-1
-1
-1
4.2000
-1
0.0014
0.0447
-1
-1
-1
6.8486
10595972.8000
0.0123
-1
863.1567
-1
-1
-1
0.0106
0.8412
-1
-1
0.2384
2.2589
-1
0.8560
-1
0.0769
-1
0.0000
-1
1.4882
772.1552
4331.3691
0.3908
-1
-1
-1
-1
-1
0.2632
-1
0.1526
0.0000
-1
0.0654
0.2862
0.0001
-1
-1
-1
767.1698
-1
0.0000
-1
0.1071
-1
0.3077
-1
-1
22.8673
-1
-1
-1
0.2283
0.4162
110719.7778
15561.0000
0.0035
-1
-1
-1
-1
-1
0.0001
0.0000
0.9395
-1
85.7500
-1
-1
124331.7027
-1
0.0065
19.2232
39.7106
-1
0.0016
31.5957
-1
-1
0.0445
-1
-1
-1
-1
-1
-1
0.0000
-1
11.1460
0.0000
0.6526
-1
2216.7018
0.7475
-1
245.7384
6.4595
-1
-1
-1
-1
0.2131
0.0000
-1
-1
-1
-1
-1
-1
-1
-1
0.0002
22.1771
-1
-1
-1
-1
-1
1.0080
-1
297.6320
-1
20177.9583
-1
-1
-1
37.6779
0.0002
-1
-1
-1
-1
-1
0.0000
-1
-1
4.5089
123.6648
0.8824
-1
0.0001
31519.6585
1.0529
-1
-1
-1
0.0020
-1
-1
0.0001
-1
-1
-1
-1
0.0010
-1
-1
-1
604.9080
0.0192
-1
-1
-1
0.2418
7131.0000
0.1768
-1
-1
2.2862
-1
-1
7051.0619
-1
-1
-1
-1
-1
0.7420
-1
77.0000
-1
4.0000
-1
-1
-1
0.0011
0.0000
-1
-1
-1
0.0017
-1
-1
-1
-1
9.0000
0.0000
1651.6724
0.0000
-1
-1
-1
0.1107
20.4733
-1
255401.8000
-1
0.0367
0.9675
0.0132
7645.0000
-1
-1
135633.3333
0.0000
0.0002
-1
-1
-1
-1
0.0029
0.0002
-1
-1
-1
-1
21.1418
-1
-1
1204.8364
-1
-1
-1
-1
-1
-1
0.7669
-1
-1
20.0399
-1
-1
0.3190
0.6000
-1
-1
5.2419
-1
0.0942
0.0130
17.1905
0.0538
0.0001
-1
-1
-1
0.0068
-1
-1
0.2020
-1
-1
-1
0.0455
36.5368
-1
-1
-1
-1
-1
-1
-1
-1
-1
16084.2500
-1
2.6300
0.1347
-1
-1
4648.8853
0.0006
0.0002
8485.0000
48.3684
0.0019
-1
0.0007
-1
-1
11.8052
-1
0.0000
-1
89.4040
0.0000
-1
2932160.0000
-1
-1
-1
-1
0.0405
-1
0.0000
-1
154981.6364
-1
-1
-1
-1
-1
0.6759
-1
-1
0.0000
-1
-1
-1
0.0000
15.5550
-1
-1
0.0001
18359.2339
15932.7500
-1
-1
-1
19384.1222
-1
-1
0.0065
-1
-1
-1
-1
0.0002
-1
-1
-1
0.1852
-1
-1
0.0029
-1
-1
-1
5864.9181
-1
-1
-1
-1
-1
483319.3333
2.7535
-1
0.0481
-1
-1
0.0032
-1
-1
-1
0.0616
-1
0.0016
0.0001
47.5000
0.1077
-1
49910.7727
0.1429
-1
-1
-1
-1
-1
-1
-1
33.6470
-1
-1
0.0097
-1
0.1434
-1
-1
0.0288
0.0615
-1
3165.9444
-1
-1
18.0000
115827.4000
-1
-1
-1
-1
-1
-1
0.0002
-1
1.7878
0.0270
-1
-1
-1
0.0000
-1
-1
-1
-1
9.2857
-1
4827.2750
41.2250
0.0018
0.2416
-1
0.0000
-1
-1
-1
9220.1304
0.3659
0.0138
-1
70.3111
-1
-1
1.8000
-1
-1
-1
-1
1.7063
89176.6531
0.0549
-1
0.1643
-1
30.8015
-1
60.0000
-1
0.0001
0.8031
-1
-1
7225.9187
-1
0.0000
-1
-1
0.0001
14425544.0000
-1
0.0000
-1
-1
-1
-1
1786.5873
0.0380
-1
11930986.0000
-1
-1
0.0000
-1
-1
-1
-1
-1
0.0000
-1
-1
0.0002
0.3645
41.5633
5.2974
-1
-1
0.0025
-1
-1
-1
0.0000
498.0563
-1
-1
-1
-1
-1
1.2100
-1
-1
-1
-1
-1
-1
499397.0000
-1
1631546.8000
0.0025
0.0000
0.0227
-1
5532.6667
-1
1.3715
-1
-1
-1
-1
5.8333
722407.4000
-1
-1
-1
0.1667
-1
0.0058
-1
-1
-1
0.2500
0.0012
-1
-1
2.0124
6.2113
-1
-1
-1
2068.8182
31.5000
0.0013
354.2857
114.1697
0.0000
-1
-1
-1
-1
0.0000
0.0016
-1
32.5000
3720.0722
-1
0.0000
-1
1009598.9464
-1
-1
-1
-1
-1
-1
35.8000
0.0057
-1
-1
1.8000
-1
-1
0.0000
-1
0.0000
-1
-1
0.5260
-1
1.8994
-1
-1
-1
0.0000
0.0000
0.0707
-1
0.0002
0.0486
0.0104
0.0000
-1
0.0006
-1
-1
0.2116
222387.5543
-1
3224.1579
-1
-1
-1
-1
-1
0.0126
-1
-1
-1
-1
-1
-1
-1
-1
-1
-1
6.9563
512.0204
-1
194.8378
-1
-1
3.3333
-1
-1
-1
-1
-1
-1
-1
-1
-1
898.5911
-1
-1
-1
2.1176
1.0000
-1
-1
-1
-1
-1
0.0001
-1
1.3714
0.3333
12132986.1667
12758.3863
-1
-1
1214.9365
0.0004
143.0285
0.0001
-1
0.0000
130772.3478
-1
-1
-1
-1
0.2252
0.9747
0.1669
-1
-1
0.0002
-1
-1
0.0003
-1
0.0000
0.4051
-1
-1
811276.6322
-1
-1
0.0208
-1
-1
1.0000
0.3333
0.0013
-1
-1
0.6923
-1
189196.9446
-1
0.0000
0.4822
124.1488
-1
-1
0.0000
-1
0.0000
-1
-1
0.0102
-1
34.3284
-1
0.2500
0.0180
17645.2286
0.0105
0.0010
0.0187
0.0370
67.5060
473.2817
-1
22.4623
-1
62205.5341
0.0000
-1
-1
-1
0.0003
0.0029
31447653.3333
-1
-1
-1
-1
0.0259
-1
-1
-1
-1
-1
-1
0.0000
-1
-1
0.0000
-1
-1
0.0007
328088.8506
0.1233
-1
6.8332
123.7576
-1
-1
-1
-1
-1
0.0000
243.1951
-1
-1
-1
-1
-1
0.0434
-1
12.8571
-1
-1
-1
-1
0.4006
-1
888.5690
-1
-1
-1
169.3807
85.5915
-1
-1
-1
-1
-1
-1
-1
-1
-1
-1
76.1200
0.0000
0.0001
-1
3.2688
-1
-1
3.9222
-1
202.9269
0.3844
30.6809
8.3609
-1
0.0120
-1
-1
-1
24685.2645
12393.5000
-1
-1
-1
545.1367
3.2259
-1
-1
17392.5000
-1
-1
0.2500
0.0048
0.0000
0.0000
-1
-1
-1
1.5640
9.1076
-1
0.0000
-1
-1
0.0000
1.0707
-1
-1
-1
0.0128
182807.6000
-1
-1
0.0176
-1
-1
-1
-1
1928304.1200
-1
0.0001
0.5000
0.0134
-1
0.0015
-1
-1
0.0027
-1
-1
28521.3767
1.6687
-1
-1
-1
-1
-1
-1
-1
-1
-1
0.4832
-1
-1
40.6160
0.0000
-1
-1
53.2153
-1
-1
11.9964
0.0003
721991.2000
0.3321
8.1198
-1
0.0001
-1
-1
-1
-1
0.0016
1712.9524
-1
-1
0.0157
0.0000
52.1111
-1
35.2598
-1
-1
14020.7848
-1
-1
-1
-1
0.0000
17.1945
7930.8534
0.0145
16.6667
-1
-1
-1
0.5670
1.1623
-1
3115.7345
0.0000
-1
0.0000
-1
0.0003
-1
8244.6932
0.0066
-1
-1
-1
-1
-1
-1
-1
0.0000
13639660.1667
0.0407
8659.5063
0.0020
-1
-1
-1
-1
1.2745
0.0082
0.6358
-1
-1
-1
-1
0.0037
0.3981
1.2409
-1
-1
-1
-1
-1
461.5000
-1
-1
0.9903
0.0000
-1
0.2529
1.2941
-1
-1
-1
0.0061
-1
-1
-1
-1
-1
0.0001
-1
0.0912
-1
0.1375
-1
-1
-1
-1
-1
120.2308
-1
7877.4000
-1
0.0625
-1
19888.0909
-1
-1
-1
-1
3.2167
0.0008
-1
124.0000
-1
0.0012
0.9524
-1
19875.4000
300285.5000
0.0000
0.0016
0.6667
68.0833
0.0030
-1
11410.9770
12.7500
2.3878
-1
-1
21.0667
-1
0.0033
18.5722
-1
0.0000
-1
0.0000
-1
-1
0.1216
0.0142
-1
-1
-1
0.0000
25606.7800
23.2587
11896.7842
0.5333
-1
0.0533
0.0000
-1
-1
4.0000
-1
-1
32.7711
-1
-1
0.0000
-1
-1
0.3278
0.0000
2470631.6333
3828.6920
1433090.3043
77.6459
166.9166
-1
-1
-1
-1
-1
-1
-1
-1
0.0022
-1
-1
-1
-1
-1
206.1183
0.0001
-1
-1
1.8109
-1
-1
-1
-1
-1
-1
0.0141
0.0011
-1
-1
-1
2617.1579
1933.3711
-1
-1
887.1057
4.6190
-1
-1
16910.3243
-1
0.0000
129.0664
0.0000
-1
0.0051
-1
-1
-1
-1
0.0000
-1
-1
-1
0.0887
0.0041
-1
8369.6289
-1
-1
30.6478
0.0000
-1
-1
-1
9.9978
-1
187.2857
-1
-1
-1
0.0000
-1
1.0697
46357.0000
-1
88.1818
-1
0.2000
8.5000
0.0000
-1
31980.5000
-1
0.0018
127394.4286
5637.3333
-1
195.8539
-1
-1
-1
0.0806
-1
-1
19.6062
-1
0.0005
-1
142.1594
-1
-1
8.4648
-1
-1
-1
-1
174.0000
0.0000
-1
0.0000
18.4200
-1
-1
-1
-1
0.1316
1.7427
-1
-1
-1
-1
-1
8.1003
-1
0.0001
-1
0.0312
-1
-1
-1
-1
-1
0.1220
-1
0.0000
0.0000
0.8391
0.0029
0.3218
7.0000
0.0000
-1
-1
-1
-1
-1
5.9111
-1
0.0000
-1
-1
0.0002
50.8917
0.0000
-1
-1
146467.8698
0.0008
0.0000
-1
0.0000
-1
-1
-1
-1
-1
34302.1126
0.4616
-1
-1
-1
-1
0.0358
-1
-1
1.0528
-1
11.8913
-1
-1
-1
-1
-1
-1
-1
0.3621
0.0000
0.2371
9726.3333
463.4688
-1
-1
-1
1592.4020
66333.3333
0.0285
-1
0.0356
-1
-1
-1
3833.5000
6632.6997
3143.5017
0.0052
0.9156
0.0207
-1
5.0000
-1
-1
0.0000
0.1519
0.0021
-1
-1
-1
550.3704
-1
0.0000
-1
4818.0000
-1
0.0000
397437.2105
0.0941
982.1786
-1
-1
0.0002
0.1168
13809.3882
0.0093
0.5556
-1
10.5594
-1
-1
-1
-1
0.0000
-1
0.0263
0.0001
408790.6000
-1
-1
1.2931
-1
-1
-1
-1
0.3724
-1
-1
-1
0.0000
-1
-1
-1
-1
-1
0.0000
-1
-1
-1
0.4627
-1
0.0004
-1
160705.9182
-1
-1
768.8121
-1
-1
67.7693
-1
-1
-1
-1
-1
-1
-1
-1
-1
-1
-1
-1
-1
-1
-1
-1
-1
0.0050
-1
373.3852
-1
-1
-1
0.0000
-1
-1
-1
-1
-1
-1
-1
-1
0.0000
2156.4052
-1
0.0264
45342726.0000
-1
0.1467
18603.6410
0.0035
0.1575
-1
2.1667
-1
0.0000
-1
-1
0.0000
19018.8000
-1
22323.1786
0.0001
-1
-1
-1
-1
-1
0.0004
12.0248
0.0001
-1
0.0001
-1
0.0004
-1
-1
0.6727
36628869.0000
-1
-1
-1
-1
-1
1112643.6970
2175.5521
-1
0.0046
0.0003
0.0000
-1
0.0028
0.0023
-1
44.5000
321.3170
0.0102
33.9079
0.0000
87869.9763
123627.5000
0.0000
0.0001
0.0098
0.0003
0.0000
14.5160
0.0000
-1
-1
-1
0.0000
0.0165
5.3312
357.8571
0.0004
-1
-1
0.0364
-1
-1
828.2138
-1
-1
6.0392
0.2191
-1
91808834.0000
-1
0.0000
-1
0.0000
-1
-1
-1
-1
-1
-1
-1
-1
2.8000
-1
-1
-1
0.0035
0.0273
0.0236
72646299.0000
10554.6412
3296.5084
4.5286
0.0023
-1
7.2789
-1
-1
0.0000
-1
-1
-1
0.0000
-1
-1
208.1429
144727.9138
7.8906
-1
-1
0.0012
11.0909
11216.0000
-1
0.0000
-1
0.0000
0.0003
-1
-1
-1
-1
0.0000
-1
10659552.7500
0.0122
0.0479
76.7712
-1
0.0000
17.6667
-1
-1
0.4835
0.0001
-1
1166407.5263
18.3911
-1
0.0000
128773.2857
-1
-1
0.0012
-1
0.0023
0.0195
-1
1071.8356
-1
-1
-1
-1
-1
0.0007
-1
0.0000
-1
2.4759
0.0003
-1
0.0000
0.0312
-1
-1
38442.0000
38056.7472
-1
-1
-1
1907580.0000
1.3021
-1
-1
-1
-1
9.0000
19044.6000
436.6417
0.0000
12881.4186
-1
-1
-1
-1
-1
-1
-1
0.0007
6.4916
-1
385554.5938
0.0000
-1
0.0000
-1
-1
-1
0.0000
2.0765
-1
-1
-1
-1
0.0015
-1
-1
-1
-1
0.3019
-1
0.0962
-1
-1
0.0005
-1
-1
29909.5158
-1
-1
-1
-1
0.0037
336.0000
-1
-1
0.0110
-1
0.0842
-1
-1
2.0000
12763.3333
-1
1627.2500
0.0080
0.0012
-1
-1
-1
-1
0.1489
0.0270
-1
1.0000
0.0179
12.2163
4.6935
-1
2.2936
-1
0.0000
0.4296
-1
-1
-1
-1
-1
-1
0.0727
0.0115
-1
-1
0.3815
0.2332
0.1147
93.9138
0.0005
7.8056
-1
-1
-1
-1
-1
-1
0.0316
-1
-1
0.0001
-1
-1
0.0002
-1
9.3750
0.9106
-1
0.0000
-1
-1
0.1394
11578.0000
-1
-1
-1
0.0107
-1
1.4627
-1
21.2470
-1
-1
110248.4603
7278.5966
-1
0.0160
-1
0.3333
-1
0.0001
-1
-1
-1
0.8178
-1
16.0727
139.8719
-1
0.0298
-1
-1
-1
-1
-1
0.0008
0.0584
21.5946
5.2990
-1
-1
0.0000
-1
-1
0.0001
-1
16893.0000
-1
715.5000
-1
-1
0.0003
1210.4000
-1
0.0000
0.0333
1032.8039
505351.8710
3.7696
0.0037
-1
13.4004
0.0000
-1
7.6588
0.0316
-1
126.8571
0.0070
-1
-1
189.2632
562.1990
-1
0.1156
0.0003
-1
23.0000
0.0000
