-1
-1
-1
-1
-1
14.4264705882
24.8233277895
8218.0000000000
0.0000683641
-1
-1
-1
3.5840336134
-1
10658.6756756757
-1
38.0998143773
176.3958333333
0.1414320498
-1
-1
-1
-1
0.0023255814
256.3888888889
-1
0.0000251718
2.2080786915
0.2800000000
5.1984126984
243871.3333333333
144.4053536263
0.0051500446
-1
-1
-1
-1
0.0037864445
-1
-1
0.0000196147
-1
3529.0909090909
0.0003346720
1994862.3000000000
-1
-1
-1
-1
183.7946058091
0.0000001655
-1
-1
0.8417779609
-1
-1
0.0000002433
0.0007856949
0.0001359795
-1
-1
3.5942131990
0.0005473454
38.5000000000
-1
-1
0.0269005848
0.0119444150
0.0003957262
3344157.0000000000
60521.0869565217
-1
-1
-1
-1
-1
0.3653118040
-1
-1
11.2586206897
-1
0.1600000000
-1
-1
-1
129723.2617586912
-1
182706.0000000000
-1
-1
-1
-1
-1
0.0000029972
-1
0.0000002907
-1
-1
-1
-1
-1
53646468.0000000000
0.0500000000
-1
46347058.5000000000
-1
0.0003854040
-1
-1
0.0000223011
146020.3615023474
-1
-1
-1
-1
0.0000001459
-1
0.0000204824
0.0012556627
0.0014074595
75.6139460411
0.0013003901
-1
0.0027753174
-1
53.7157634828
0.0000025335
-1
1.5798045603
-1
-1
-1
0.0165484634
-1
0.5000000000
-1
-1
-1
-1
-1
-1
-1
2134.3809523810
1017.0033838657
-1
295.6777456647
0.0000003833
-1
0.5000000000
-1
112.0400000000
-1
0.0093506750
-1
-1
-1
-1
14921.5000000000
96.0329670330
-1
-1
-1
0.0243902439
-1
-1
-1
2378.4782296651
-1
-1
3.0000000000
0.0081603008
-1
-1
-1
13.9280707196
0.0000105255
0.8153562176
3.4375000000
1728.7246120605
-1
0.0399934705
4.0250000000
1.0755702116
-1
-1
-1
0.9082061350
380431.3684210526
-1
2687.4333333333
0.0000011046
-1
96605.6250000000
-1
-1
-1
6.6973245131
-1
-1
-1
-1
3506.6342857143
9852.0000000000
26472129.5000000000
215713.8510638298
-1
0.0299401198
-1
-1
-1
0.0579710145
-1
36.0416579003
0.0297321365
-1
0.6301632309
0.0723379964
0.0000007167
-1
-1
-1
-1
0.0084291002
-1
0.6788766789
-1
-1
-1
-1
0.0403391339
-1
-1
-1
-1
-1
-1
-1
-1
-1
883.3629964806
-1
0.0478409913
0.0002453761
-1
0.0716981132
-1
-1
-1
-1
16.6666666667
-1
-1
1793.6000000000
-1
211.4327253553
918.8000000000
-1
-1
0.0000002009
2165.2091662604
-1
-1
-1
-1
-1
-1
12481.3646221620
0.5000000000
0.0000144339
0.0000000207
0.0002093364
-1
1598.9375000000
-1
-1
81280.8445890968
204683.6666666667
-1
4691.0606060606
-1
0.0000169139
-1
-1
4297499.2857142854
-1
-1
0.4527296996
0.0051546392
-1
0.0345837021
-1
-1
-1
-1
-1
0.0000474226
-1
1.4250444437
16682.4459016393
-1
-1
4.8954883296
1.7049099563
0.0000111300
76039.4756097561
-1
-1
4.9333333333
-1
-1
194.0000000000
0.0029458800
1.2285187138
-1
10.9207308301
-1
-1
-1
-1
4053.7815756565
-1
0.1428571429
-1
20863890.5000000000
0.0000012346
0.0184715431
-1
-1
0.0000615441
36.4736842105
0.0090296038
0.3846153846
3.3461538462
869.4814765280
0.0145560408
0.0000694798
-1
1.8947721180
-1
-1
-1
-1
-1
28.5000000000
-1
42.5170396550
24030.0000000000
-1
-1
-1
0.6486486486
-1
13854.9154560129
-1
-1
187808.7931034483
8898.0091428571
0.0001161930
11.6000000000
0.0000001260
-1
-1
79.8632297396
0.0001260504
0.0003298482
-1
861.1761871989
0.0000165087
0.0000000111
-1
0.0204142286
0.0001408389
-1
-1
0.0119231580
-1
-1
0.0000055933
-1
6.2857142857
2.6114911081
-1
-1
-1
61531.2500000000
-1
-1
-1
-1
-1
102447.3333333333
0.2451253482
-1
3.5920941968
0.0013527902
36.8244084682
-1
0.0000535273
0.0000004903
0.0041131746
714.9075144509
0.0356757024
-1
-1
-1
3.0401345277
-1
0.0009791531
-1
0.0000005033
-1
0.0061659814
14557.7808764940
-1
1771.2500000000
-1
-1
-1
0.0689060809
0.0013372957
-1
3583.2900000000
0.7471264368
-1
-1
0.0000001697
-1
-1
0.0268633667
-1
-1
-1
-1
-1
-1
1.8452363854
-1
0.0904503349
-1
-1
20.7500000000
38.5000000000
-1
-1
184.0000000000
104799.0000000000
97.0415965915
-1
0.5714285714
-1
-1
0.0619504080
0.0694864048
-1
-1
48.2352941176
-1
0.0035858359
-1
3.7916666667
-1
-1
0.0008377477
1.5525035072
-1
0.0185185185
-1
41.4000000000
25748.0000000000
31.4551867220
-1
0.1689750693
-1
0.0000057831
-1
-1
0.0407177751
-1
4524.0670670671
-1
0.0132951374
242.0290686490
-1
-1
-1
0.0000000951
1.3333333333
-1
0.0000096479
-1
129.2500000000
9875.6051741294
8148.2500000000
-1
-1
0.0005422993
0.0000013897
-1
221615.3305785124
0.7204301075
-1
-1
-1
-1
-1
1.9134178801
0.0046897088
-1
1.5561959654
0.0009993754
17.0379092476
-1
0.9178339963
320524.4444444444
2.8092661481
3.0591133005
-1
0.0184349034
6313.8333333333
357.4206613906
-1
-1
0.0000087699
546.1428571429
6925.9767441860
-1
32.2857142857
498.0000000000
-1
-1
83.1481481481
-1
1251.4897959184
0.0000464649
-1
3753.5312918091
-1
0.0013873474
1730.2024408159
0.0000159721
0.0020612571
-1
-1
-1
16.2774581745
1415.2660870007
0.1458333333
182787.0000000000
643.2906336088
-1
-1
0.0005942842
0.1321644042
4282385.0000000000
0.0540540541
0.0116279070
-1
0.0008861614
0.5777385159
0.0000012589
-1
-1
0.7376460018
0.0211118930
0.0000001417
0.0029027576
-1
-1
145724.3571428571
0.8656762329
-1
43.0186875687
0.1170568562
-1
0.2479901199
-1
-1
0.0000003875
-1
-1
-1
7858.6718682271
-1
-1
-1
-1
0.0397018063
0.0000481559
0.0649350649
-1
0.3565737052
-1
-1
201792.8800000000
-1
-1
0.0013480971
-1
0.0001331542
-1
-1
-1
-1
-1
-1
-1
-1
0.0454545455
-1
0.0003043214
-1
-1
-1
-1
-1
7.8430092503
0.0887823993
1798.6428571429
-1
0.0000065657
-1
218.9341531138
-1
2686027.0000000000
0.0001119615
-1
0.0122557422
-1
-1
0.0142226587
0.0019316374
-1
0.1468263936
0.3838509317
-1
-1
-1
0.0050860260
413.6884463534
-1
-1
0.0002374167
-1
0.0000298936
-1
6.4850746269
2730.6352941176
-1
16.0135649998
-1
-1
0.0080970611
-1
-1
0.0431058987
0.0002338406
0.0000301311
-1
0.0001212856
0.0500000000
-1
0.5000000000
-1
0.0000018873
1294.0467445743
0.0000022013
0.0857368006
-1
-1
-1
562.8518518519
-1
-1
-1
-1
-1
-1
0.0104210752
7.0000000000
-1
6.4172467904
-1
-1
49145.8000000000
-1
-1
-1
-1
-1
0.7480312143
4477.9518072289
0.0246418101
-1
0.5555555556
-1
548.7712414434
-1
-1
-1
-1
-1
11.4428631235
168359.4038461538
-1
0.0404840625
-1
-1
-1
-1
0.0005803831
-1
198969.3333333333
0.4337952203
-1
-1
0.0000001454
-1
-1
-1
-1
0.0000030254
-1
-1
-1
-1
-1
574.8644067797
0.0001855063
22.7139648058
360.2457293035
-1
-1
-1
0.0000000454
12.2546302979
-1
0.0007171315
-1
1379.9646543114
-1
-1
-1
-1
-1
0.0009255429
-1
-1
0.0000112634
0.6666666667
0.0000011288
1153.6130952381
-1
17.0803103587
0.0020056372
-1
0.0000000276
0.9539641944
144005.9498207885
125.3333333333
-1
5.9322033898
287.2812500000
-1
0.0000230888
-1
0.0020601566
0.0000015707
0.0046088575
-1
-1
-1
0.0002792516
0.5000000000
-1
698.3488793672
21.5925925926
-1
-1
0.0000003334
-1
-1
-1
-1
-1
-1
0.2881355932
-1
-1
-1
82938.0000000000
0.0001712295
1.8451217333
-1
-1
-1
4.2115309889
0.0000000165
-1
0.0000188004
9182.0000000000
0.0045892611
381514.0000000000
-1
43.1500000000
0.0000003784
0.0000073038
-1
-1
3.2079689018
-1
-1
-1
-1
2953.7318007663
-1
-1
0.0706365260
-1
-1
-1
47.7100196878
-1
0.0001545595
1109.5686616941
-1
1.1403367517
-1
-1
0.0020449898
39.1786660246
1.7581385187
-1
1.7686384184
-1
-1
-1
-1
0.0362747620
-1
-1
1428.0000000000
-1
-1
3679.7126865672
3.5476190476
0.0006761325
-1
-1
5.3098499295
-1
-1
-1
-1
-1
-1
-1
-1
-1
9.6539176627
0.0000007494
781.2000000000
-1
0.0938271605
-1
-1
0.0525587828
-1
-1
-1
0.0000001352
-1
-1
-1
-1
-1
0.2005943974
-1
0.0000052609
-1
-1
-1
-1
-1
0.0214672709
0.0000071507
5.0000000000
-1
-1
-1
164686.0000000000
-1
-1
256.2173913043
-1
23010.9764864865
2.7419354839
-1
-1
3457.0869565217
-1
-1
-1
-1
-1
0.0000004187
154.6129032258
0.0333330864
-1
-1
-1
-1
0.0000245267
-1
-1
2.0988901537
-1
-1
107.5357142857
4.1191615992
-1
0.0000015322
19.7500000000
-1
-1
-1
-1
-1
0.0001927525
-1
0.0008563842
-1
-1
-1
0.0004028035
5.3181818182
0.3529411765
5.3211678832
0.1134468222
0.0035714359
1834518.1250000000
-1
-1
-1
-1
-1
29177178.0000000000
0.0000002961
-1
0.0332534452
-1
-1
-1
-1
-1
1382.6513569937
-1
13651514.0000000000
-1
-1
-1
26958.6875000000
229377.8333333333
-1
0.0034129693
-1
0.0221040851
-1
-1
-1
51.6149696275
-1
-1
2320.8237547893
0.0112072689
0.0003108486
-1
663.0666666667
0.6056996029
-1
-1
0.0021978816
34070.5000000000
-1
-1
1.0188850884
-1
-1
-1
427.0278350515
0.0181818182
355.8676277851
1.5000000000
-1
-1
-1
690.2222222222
-1
0.0000000215
0.0107270560
-1
-1
-1
-1
-1
0.0000001954
-1
-1
-1
0.0384615385
0.1669996645
-1
-1
47.1543374135
-1
0.4362643848
-1
0.0090400344
0.2008032129
0.0000012799
-1
-1
3.2253652909
306.6299934512
-1
0.2326530612
0.0000148080
0.0119297588
1.3098869437
-1
0.0030512990
0.0434782609
0.0202900640
-1
0.0144901610
-1
175.5799457719
-1
1323.3424657534
-1
0.0001585145
-1
-1
-1
-1
-1
-1
0.0000008248
602.6428571429
-1
0.1055408607
0.0014784151
3447.8918918919
-1
-1
-1
-1
4.8557692308
-1
0.0092026912
-1
292.2470588235
0.0000075587
-1
-1
1.6362052905
-1
-1
2048.9791666667
-1
0.0000068633
-1
0.0006869912
-1
4.4277978014
-1
0.0783755604
1174.1129032258
-1
-1
-1
-1
-1
0.0439231523
-1
-1
-1
-1
1659.8648648649
1.2170874329
-1
692595.4166666666
0.0030674847
-1
-1
-1
233.3333333333
19.2341246864
-1
0.0011458296
-1
0.0267590877
0.0000183194
-1
-1
0.0209459789
-1
-1
-1
-1
0.0043103448
0.0004448906
-1
15812.6607142857
0.0000026477
-1
-1
0.0000085133
0.0003916620
-1
-1
-1
-1
-1
-1
-1
-1
-1
-1
-1
25894927.5000000000
-1
-1
-1
1451.0000000000
-1
0.0857614265
-1
-1
0.0004997297
-1
-1
-1
0.3930348259
-1
0.0001457606
0.1428571429
-1
-1
-1
-1
44225.7042253521
0.0000730471
0.2363826994
131159.8852459016
-1
-1
0.0000030791
-1
-1
84038872.0000000000
7.1690140845
-1
-1
-1
0.0447310786
-1
-1
0.0001451029
-1
-1
-1
-1
-1
6.0000000000
-1
-1
0.0001431229
-1
0.0005074425
-1
3382.3376383764
0.0000195523
0.2906755872
-1
4229.1538461538
4.3995342629
-1
-1
0.2501905641
-1
-1
-1
714992.3333333334
-1
-1
-1
-1
-1
0.0018621974
-1
-1
-1
19.7922204214
-1
299441.3272727273
-1
0.8140459133
-1
-1
6.4424242424
7.9834333733
0.1590909091
9845.2389210019
-1
-1
0.2000000000
-1
1.3984615385
-1
-1
-1
-1
0.4169550173
-1
189.7142857143
249.5000000000
-1
-1
7.9812694902
0.2888195481
-1
-1
-1
0.0368956743
-1
-1
-1
3980.8404529079
-1
-1
-1
11029.9867924528
3.8318421674
-1
0.0095238095
-1
-1
-1
0.5470085470
-1
-1
0.0000080872
4.0692612137
-1
2.1250000000
540279.2500000000
0.0063694268
103557.3555555556
-1
60.5095367847
-1
-1
0.0753424658
1857.0000000000
-1
0.0001280744
232998.3821656051
-1
11.8550222440
73.0000000000
0.1775766017
1968.0000000000
0.0001003106
-1
33.3333333333
-1
-1
-1
0.0132158590
-1
-1
0.2153954802
-1
318.3333333333
1013.1531662078
1276.0000000000
49310.1666666667
0.0001125492
-1
-1
0.0000137902
2.0435031483
0.0000547633
-1
0.0000146554
-1
-1
0.0015011600
-1
-1
-1
31358.0000000000
693.4444444444
-1
0.0000225010
-1
-1
96.6153846154
-1
0.1643907234
-1
-1
0.0164096046
0.0135665231
0.0001975615
-1
-1
26318.0000000000
-1
-1
-1
-1
-1
2.8421052632
-1
-1
0.0033898305
-1
-1
-1
159.9525392076
-1
0.7633059260
-1
-1
0.0011190084
-1
-1
-1
-1
0.5916909811
-1
-1
-1
-1
-1
-1
-1
0.0208333333
1.5756823821
-1
-1
0.0010791367
0.0005351211
2.0000000000
52.3546467597
0.0025706941
-1
-1
-1
-1
1018.9298245614
12.1448948064
381.8245973246
-1
0.0000007861
-1
-1
1.4638380574
6.0296861747
2636.0000000000
2.0000000000
-1
-1
0.6524992476
-1
-1
-1
0.0429224349
-1
-1
-1
-1
6897.6721854305
0.3973799127
0.0000145362
-1
-1
-1
0.0005545543
-1
-1
-1
-1
0.0002402691
-1
-1
674.2623585041
-1
-1
-1
-1
604958.6000000000
20089.2272727273
0.0000814067
-1
0.0826446281
-1
-1
0.0032591048
-1
0.0000005528
-1
0.0082126246
0.0000526528
-1
-1
-1
0.0000000538
0.3329646018
-1
-1
9.3174603175
824.3033536585
0.0999485835
19.1818181818
106096.8352941176
1701.9500000000
0.0000001425
-1
-1
-1
-1
2.6751054852
-1
-1
-1
2498.4736842105
132.3261802575
-1
0.0000001736
124.3333333333
-1
-1
-1
0.0010286393
-1
-1
16871.3703703704
9540.3173076923
-1
-1
-1
-1
0.0098316190
-1
-1
-1
-1
181990.6000000000
25420.1200000000
-1
0.0000023286
-1
0.0002017148
-1
7.0000000000
9.9682841738
0.6856849877
16354.4251857803
-1
1.3744090766
1.1286687631
-1
259922.1854838710
-1
-1
-1
-1
-1
-1
-1
-1
0.0017594825
882.7137404580
-1
0.0001598977
-1
-1
1.2974823766
-1
-1
-1
8.3651094639
-1
0.0054347826
-1
-1
-1
0.0646039604
-1
2132906.5000000000
-1
0.0115516846
-1
-1
0.0035211268
0.0000118467
-1
0.0000076866
120504.6250000000
-1
-1
-1
0.0000081603
-1
-1
0.2000000000
0.6636530955
-1
0.0009679111
11.4589041096
0.0000135650
-1
-1
-1
-1
0.0000000227
0.0255319149
-1
-1
-1
-1
-1
-1
-1
-1
-1
-1
-1
-1
-1
-1
6.5037878788
0.0201948206
-1
0.0000008067
-1
0.0012600710
0.0034456926
15337206.6666666660
-1
-1
-1
0.0752190445
-1
-1
0.0000130450
111.3729684909
-1
-1
-1
-1
10.3983697537
1.3000000000
0.0121337130
-1
-1
-1
0.1412799847
4.1708947706
0.1428571429
0.0879283599
-1
0.0001283344
-1
0.0008297378
-1
10.9761070134
0.0121819473
-1
105.4623310811
-1
-1
3381.1724137931
-1
0.4146341463
0.0024090886
0.0000020048
0.0638804251
-1
0.0000125818
-1
-1
-1
-1
0.0846456693
-1
-1
-1
-1
-1
-1
52275.9396825397
-1
-1
-1
311818.0000000000
-1
-1
-1
-1
31686.7131661442
453769.4736842105
1.0306996284
0.2000000000
-1
0.2419380461
-1
-1
0.0000114851
-1
-1
-1
-1
-1
0.0000001434
56.6760551865
0.0000030380
-1
0.2500000000
-1
0.0039267016
6.9590705858
-1
23.1491712707
-1
-1
-1
1.0000000000
-1
699.4583333333
-1
0.0086956522
-1
-1
-1
0.3333333333
0.0034013605
-1
0.3333333333
0.0847117794
0.0079719388
19.0000000000
3532.5384615385
-1
-1
-1
-1
-1
-1
0.0032545757
-1
-1
2.8785871965
-1
-1
-1
0.0010672359
-1
481.0625000000
-1
-1
10.8779795547
1.3605156362
-1
7.8833333333
1.9065414276
-1
-1
0.0000004036
-1
-1
107327.2704626334
-1
-1
-1
-1
-1
0.0000015415
0.0001625516
0.4605263158
-1
0.8062956545
-1
-1
-1
-1
0.0003152486
-1
-1
0.3404710921
-1
0.1252348153
4271.5021582734
0.0004930966
0.1362615423
0.5307587150
-1
-1
177065.4821428571
112813.5000000000
1.3313505514
-1
-1
-1
13.1250000000
-1
-1
36.0175438596
16936.4263565891
0.3333333333
-1
-1
-1
68657.9655172414
5.7500000000
-1
-1
-1
1262375.3000000000
-1
21.6623529412
-1
0.0018621974
-1
-1
-1
0.1173467925
-1
1465.3525382378
-1
23.1233945700
607.5681818182
-1
75.9836065574
-1
-1
-1
-1
0.0000894901
-1
-1
0.1620271235
-1
-1
0.2540414704
-1
-1
-1
128.0000000000
-1
0.0032308665
0.0031774852
-1
0.0003492230
-1
-1
-1
-1
0.0525897176
7.5741287655
0.2000000000
15.2968378103
1293.6578047854
0.0047619048
0.7692307692
-1
-1
-1
1.0000000000
0.8898362892
0.0000001866
-1
-1
-1
-1
-1
-1
3.7063498828
-1
0.0053798050
0.8379056843
-1
-1
-1
-1
0.0149253731
23.3333333333
-1
-1
-1
-1
-1
-1
-1
33439.0000000000
-1
-1
4384.6572528883
-1
-1
-1
-1
0.0036657008
-1
0.0135794611
0.0000224385
-1
-1
-1
7599.2857142857
-1
0.1134040460
-1
-1
0.0055507066
1.8085106383
-1
17879961.2500000000
22755.1954732510
-1
0.0000001139
-1
1.4380697051
-1
913.0000000000
238.1250000000
-1
-1
-1
-1
0.0312500000
-1
-1
-1
-1
-1
-1
-1
-1
0.0000018509
-1
-1
-1
17365.2500000000
0.0010528532
-1
1.5972426471
26.3903772553
-1
-1
-1
-1
0.2619047619
0.0000238525
-1
-1
-1
705765.1428571428
-1
0.1363316718
-1
-1
0.0512820513
6.7319464838
1.0000000000
-1
-1
-1
-1
-1
-1
17.3529411765
-1
0.1083210241
0.0000982134
-1
-1
-1
-1
-1
-1
-1
1.6527904682
1.0000000000
-1
-1
-1
0.0000055734
-1
-1
0.0008771930
0.0000000160
0.0454732606
2.4434274219
360.5000000000
0.0006549410
1.3205882353
156771.0389908257
0.0010319917
10.4482758621
244.6789428679
-1
0.0000068307
289173.5652173913
-1
0.0000001430
-1
1.1944444444
0.0003567606
66639673.0000000000
2.5822784810
111093.8076923077
7.2109611677
-1
1.5000000000
-1
-1
-1
0.4674796748
-1
-1
-1
-1
-1
0.0023250233
-1
-1
-1
-1
-1
0.0769230769
-1
-1
0.0000906208
-1
0.0000504069
-1
-1
-1
3.1392844738
-1
-1
822.0000000000
-1
-1
11.1834348550
1.7500000000
-1
-1
129.8202247191
-1
0.0286667733
-1
-1
-1
0.1441871698
4.0838287753
5.3358733754
-1
-1
-1
0.0026492894
-1
1290300.6666666667
-1
-1
246.3294895943
-1
64.9571788413
-1
0.0415306249
-1
0.0000000628
-1
-1
-1
-1
-1
-1
-1
0.0046296296
11710.3393574297
-1
0.6696994797
-1
-1
649156.0000000000
809.3103448276
-1
0.0109270471
-1
705.0000000000
0.0185827980
-1
-1
-1
-1
-1
-1
15.5577644411
0.0000007445
0.0000045413
-1
-1
-1
120.2268548917
0.0021801378
-1
0.0034765929
-1
0.0016000000
1.3764103494
0.0000049419
0.0047987080
106.8016121809
0.0250000000
-1
-1
1.2571428571
-1
134865.7500000000
-1
-1
1856.7877697842
0.1312042917
-1
1403.6000000000
0.2857142857
-1
-1
0.0000970352
8669.9490945230
-1
-1
-1
-1
-1
-1
-1
-1
974.5264316431
0.0034901506
-1
2353.3881822848
-1
0.0000003926
0.0000042739
6620193.0000000000
0.0000091358
-1
-1
-1
-1
0.0007970160
70.8162544170
-1
0.0000014623
-1
-1
0.0001338867
0.0000183378
159.1042366390
-1
0.0000027547
0.0000000177
-1
-1
-1
0.0000001746
3136592.1111111110
-1
-1
0.0000124151
0.0339590147
0.0084344929
-1
12.6671039281
0.0006235102
-1
2.3685540950
-1
-1
15.5000000000
0.0000001008
-1
0.0020469217
-1
-1
-1
0.0155579405
2607001.5000000000
-1
0.0000062236
-1
-1
835.9156366772
3.8187187356
199.7008011382
-1
1.2962962963
-1
-1
14849744.8333333340
0.0032284266
-1
17615359.6000000015
-1
-1
-1
-1
12.6666666667
0.4000000000
0.0029673591
-1
-1
22672.7467248908
-1
-1
0.0000000413
279.2941176471
0.0108497682
0.3023193257
-1
0.0002646657
-1
-1
19.6446249033
-1
-1
0.0000021324
-1
-1
0.0053726540
-1
104.1276810500
-1
0.5000000000
-1
7278.0000000000
1.7068581275
-1
-1
-1
175.6333658240
-1
0.0047715882
0.0000457506
0.0162712213
-1
-1
-1
0.0002760906
-1
297.3192717584
-1
937.0270046083
3257.9477996965
-1
373563.5000000000
-1
3639462.0000000000
-1
2025.5236395877
0.0173139916
0.9768711854
-1
0.2000000000
-1
-1
-1
-1
6036467.8333333330
3445977.0000000000
-1
-1
-1
-1
0.0000136031
72.2758620690
-1
0.0000029200
-1
-1
11203.7333333333
-1
0.9804341034
0.0005889952
-1
1.2299835401
-1
-1
365665.5333333333
0.3510916888
-1
0.0001508637
-1
1.6666666667
0.0184699672
-1
0.0088885559
-1
0.5000000000
-1
583.7333333333
0.0766423358
0.0003074343
-1
-1
0.1582224324
0.0044422507
5317.1601255887
-1
0.0714285714
0.0049570969
-1
452169.5263157895
-1
0.2500000000
2175371.0810810812
-1
-1
-1
-1
-1
-1
0.0002466639
-1
-1
-1
143863.8400000000
-1
0.0101706353
-1
-1
-1
0.0125605297
-1
2.6666666667
-1
-1
1984972.8750000000
0.0003708291
-1
-1
-1
-1
0.0038690279
7.9119057099
2.5918319785
-1
0.4690618762
-1
-1
0.0000077950
-1
-1
0.3333333333
-1
0.0000041144
-1
-1
-1
124.0624414026
652.2088693297
0.4636991794
0.7889437002
0.0000154911
-1
7221589.3333333330
-1
0.0000191062
24.9636803874
-1
-1
275847.5000000000
9.6458333333
50.3855256966
-1
-1
0.0089427108
0.1097184307
60.1617647059
-1
-1
-1
-1
-1
0.0000006419
-1
0.3888888889
-1
-1
-1
11.3378378378
1.3046218487
0.0000889021
-1
-1
-1
14803.7959183673
-1
-1
-1
0.1071536069
-1
-1
-1
0.2532274953
-1
0.3908562573
0.0006485285
700058.4285714285
111.7106741573
-1
1.0000000000
-1
303.2518648530
82.5000000000
0.3397554611
0.0002108370
15.4833333333
-1
0.0472491221
0.0000512479
16816.0000000000
-1
-1
-1
-1
10.0000000000
-1
0.0009607194
-1
-1
3.5167127071
485.9686195116
3015.0000000000
3.9159646843
-1
2.4666666667
0.0076813097
100.0000000000
0.2500000000
-1
0.0000004187
0.0279624500
-1
-1
-1
0.0800492492
1.6230402181
-1
-1
804.8319083136
-1
0.0000658537
-1
-1
0.0000031900
-1
-1
-1
-1
1.2841530055
-1
-1
-1
-1
0.0000506362
431.0287593985
-1
-1
-1
3750.9883720930
-1
0.0062390907
44122.2758620690
-1
13.6250000000
-1
-1
-1
160211.6852589641
0.0000124807
-1
-1
0.0264119475
-1
46.2373587151
-1
1973277.5000000000
-1
0.0000343584
0.0000058221
-1
-1
0.0001959011
-1
0.4166666667
0.0001443398
-1
-1
0.0139333076
-1
-1
0.0102047345
0.0250000000
-1
-1
3.2697918619
-1
-1
-1
0.0346577644
0.0000244784
2297944.0000000000
-1
-1
0.5844155844
-1
-1
-1
0.0002611779
0.0000014782
-1
-1
-1
-1
-1
-1
682.0000000000
1.2763742147
-1
-1
0.0000017963
0.1617741437
0.0005709406
-1
-1
-1
-1
-1
-1
0.0000211609
-1
77740399.0000000000
109297.4067796610
-1
334.6470588235
-1
22176.6143187067
-1
0.0015515904
-1
3.6571874602
-1
-1
-1
-1
192536.8000000000
-1
1.8596491228
-1
-1
-1
0.4699444063
-1
0.0189050807
-1
-1
-1
-1
1.9441831513
-1
-1
8.0000000000
77.3076923077
-1
456.2070910556
2454.2825585229
3204.8336708330
-1
-1
-1
860.0652553325
11413.8181818182
0.0004357298
-1
-1
-1
1342.2000000000
0.0159613312
-1
9563.9512195122
0.0048841753
-1
2.2500000000
-1
-1
30998.6538461538
-1
0.1169202757
-1
-1
-1
0.0000641217
-1
0.0077805513
-1
-1
-1
-1
-1
0.0281219546
-1
-1
-1
0.0000018538
-1
0.0000457980
11851.9090909091
0.0966542696
0.0000000821
1158.8618307427
-1
-1
-1
0.0011737089
-1
-1
0.0793623181
-1
-1
-1
-1
-1
-1
-1
0.0000190975
-1
-1
0.0000156350
17794.6763862333
-1
0.2364217252
0.0000022426
-1
-1
-1
-1
-1
-1
-1
0.0000003685
0.0000018195
0.1227176221
0.0020202020
-1
0.0046390872
-1
0.0091685350
-1
5.0000000000
1.1043378749
-1
-1
-1
0.0001461187
2207.5886889460
34469.3243243243
-1
70904.0000000000
0.0009897315
45.0792079208
-1
-1
-1
0.0747177263
-1
-1
-1
-1
-1
-1
1.0464170425
14932.0303257207
86.3129103334
-1
-1
-1
-1
-1
1081.6966824645
-1
-1
-1
1.1009615385
171639.7911764706
-1
0.0000032961
0.0268373245
0.1615177276
0.0000457387
0.0677966102
-1
1247.1239539749
102014.0372272144
0.0001174594
-1
-1
0.0025857057
89.7972972973
0.0002091394
-1
0.0208333333
-1
-1
-1
-1
-1
460642.8533333333
-1
0.0555555556
0.0004873637
-1
-1
-1
674730.7166666667
393367.5975609756
1.6821358257
-1
-1
12.2788369876
0.0186799502
2.0676588195
-1
-1
-1
-1
-1
12832.5000000000
-1
-1
-1
496781.0000000000
-1
-1
-1
-1
-1
0.0051020408
3.6834532374
0.8271604938
-1
124053.1430793157
-1
-1
0.2500000000
507.8333333333
-1
26020.3333333333
-1
633538.7222222222
-1
39095779.0000000000
-1
-1
-1
0.0004351669
2707.6420824295
-1
5.4000000000
-1
-1
-1
0.1428571429
15.2425522282
3580.9085519490
2.9512269939
0.0112781955
0.2482569437
-1
88342.5375494071
-1
-1
0.0003724395
-1
3354839.1428571427
139.2516959064
0.0005882737
-1
0.0015347005
0.2585470085
-1
0.0051936362
11.5000000000
1134.0000000000
-1
-1
-1
-1
-1
3802.8407386036
-1
-1
-1
0.0000011694
-1
-1
-1
-1
154.2775389375
-1
100.0872001642
-1
-1
0.4831338411
0.5000000000
-1
-1
11.4287208232
-1
0.4899290435
1.4051297435
-1
-1
0.0666666667
-1
-1
280661.9051724138
0.6142534118
286.6111111111
-1
-1
-1
8705.9205619413
-1
101.9134122813
0.0001134993
1.7500000000
-1
-1
-1
0.0152515547
-1
-1
-1
0.6949025487
6773.9879518072
-1
-1
0.0013495277
-1
251010.9545454546
-1
1273.0136804677
-1
7.4627464434
-1
-1
-1
-1
-1
106.3821361221
-1
-1
348.0000000000
1.0708385253
-1
0.0000017365
0.0004686036
12499.0000000000
1.0000000000
-1
-1
0.4698795181
0.0064309855
-1
0.0000016998
0.0005592683
18063.7371273713
-1
-1
-1
-1
-1
-1
-1
14.8429752066
0.0000049456
0.0000004440
-1
790.8536585366
-1
7461056.0000000000
-1
-1
-1
0.1216216216
23018.6562500000
-1
-1
-1
-1
-1
-1
45494.5000000000
-1
79.8687611236
123809.7263843648
-1
5993.7615894040
162.3333333333
0.0069415398
767.7775665399
3.2467980296
0.0088804830
15634312.8333333340
-1
0.0000426429
-1
-1
-1
-1
207535.9677419355
-1
0.0380416356
-1
-1
-1
0.0002739749
-1
-1
-1
-1
-1
-1
-1
10.0342718169
0.0285714286
-1
-1
3.3847231663
0.0000322069
-1
-1
-1
-1
0.0000001149
-1
11.4527027027
-1
-1
0.0000003839
0.0000455087
-1
-1
0.0000017951
0.0184552907
0.0000001366
-1
-1
124444.9545454545
-1
-1
0.0000000331
-1
-1
-1
-1
23.6666666667
-1
-1
0.0243902439
-1
572.5954198473
-1
0.0051020408
-1
-1
2622998.6666666665
0.0015952810
-1
0.3684270746
0.0019707305
-1
47371.0000000000
1286.7523526498
0.0000004938
29.7417771232
-1
0.1666666667
363683.3369565217
0.0001859727
285673.6666666667
-1
306.6795096322
0.0448183260
0.0000018606
-1
0.0001283138
0.0443120271
-1
-1
8.0000000000
-1
-1
3.5476217448
-1
0.0001144919
0.2483253761
139183.7601115760
-1
-1
-1
-1
0.9475806452
0.0001732202
-1
-1
-1
0.0370005097
-1
-1
0.0012963309
-1
1.1503679073
0.1392076112
-1
-1
-1
0.0000779687
-1
-1
0.2477611940
0.0000003236
582.4010640475
4.2380952381
6.1371182452
-1
-1
-1
-1
0.0512257317
-1
0.0962962963
1.7861664871
0.0174389882
-1
-1
-1
-1
-1
-1
0.0015692428
0.0000000774
-1
-1
0.0022158210
6.6771269177
0.0001681626
0.0000020592
6.4500901400
-1
-1
4918.8410794603
-1
-1
0.1119402985
-1
8.2857142857
-1
0.0000078213
0.0000145568
-1
-1
-1
-1
0.0000000921
1021.2217898833
0.0000072531
0.0969529550
-1
-1
78760.5600000000
-1
89538.7142857143
-1
0.1344089039
0.7777777778
-1
9607555.3333333340
-1
-1
-1
-1
-1
83837045.0000000000
-1
-1
-1
0.1428571429
23.0000000000
-1
-1
0.0000006207
8391.8750000000
1.1314454418
-1
0.2969924812
-1
-1
0.0132279241
-1
0.1372549020
0.8787934010
0.0000000511
-1
-1
-1
0.0015347294
-1
-1
-1
9.7997698455
-1
0.0000036698
-1
-1
-1
0.2600312517
0.0039733945
-1
6490.0073597056
-1
-1
0.0443969810
-1
0.0114401847
0.0188516978
-1
-1
-1
85610.0000000000
-1
-1
-1
-1
1.9454957885
-1
-1
-1
-1
-1
-1
25.8025255239
-1
-1
-1
-1
5735595.0000000000
-1
0.2000000000
0.0000014511
557.1501416431
0.4509163151
0.2812500000
-1
-1
0.0036327688
-1
-1
0.2217741935
-1
0.0458818036
-1
-1
-1
0.0185185185
1242.4898477157
-1
0.0153521220
-1
0.0000812849
-1
-1
-1
-1
2734.0000000000
-1
1443.6036664085
4261.2857142857
386758.5000000000
-1
-1
-1
-1
-1
-1
103548.5000000000
0.0000013085
-1
-1
-1
-1
-1
487.5118343195
-1
0.0000084108
-1
-1
-1
0.0003846154
-1
1152.3455882353
-1
0.0000000281
1.3620900500
-1
0.0000000535
0.0002548234
0.1812052255
2552.3939987937
-1
92.4285714286
0.0290520371
-1
-1
-1
-1
0.0027573529
-1
-1
102.0156723964
-1
-1
-1
0.0000280339
81.5459606681
-1
1.4029850746
-1
97658.5714285714
5545.1570512821
19207.5143884892
437.1615638248
0.0010794579
3.4887459807
-1
-1
0.0356280193
-1
0.0046189376
0.0035847963
-1
-1
0.0124131816
0.0001327820
5734.7692307692
-1
-1
0.0013453218
-1
0.0208333333
1.2000000000
0.0013477089
0.5000000000
-1
-1
392.4444444444
1835.4302847231
-1
-1
-1
121.8943396226
-1
-1
-1
1210.7792207792
0.0000431635
-1
-1
0.0000026096
-1
-1
-1
0.6570910191
-1
-1
1.7307952302
783.7972544879
-1
0.0000002605
0.0010729614
-1
-1
0.0005700243
0.1111111111
-1
2142471.1470588236
4.2592592593
0.1666666667
-1
0.0004440578
-1
36.3140576114
-1
-1
-1
-1
-1
-1
-1
-1
-1
0.0000116150
-1
-1
-1
0.0018639329
-1
2423644.6388888890
-1
-1
46571.7254901961
100333.0000000000
0.0038073342
18.6522188441
-1
-1
-1
-1
0.0001691826
15919.3877551020
-1
-1
85354.3794871795
-1
-1
-1
-1
47.2999496729
-1
0.0000007823
0.0000465036
-1
-1
-1
0.0146661458
-1
0.0007552870
-1
0.0000000162
-1
1.2000000000
2.4385084570
-1
-1
-1
-1
14.7707682322
-1
-1
6.5602478895
-1
-1
278.5163685454
0.1838144659
-1
0.0000001218
-1
0.0047281324
-1
0.0010888903
-1
-1
82.4306482885
62.8375756405
0.1578947368
-1
0.1451096066
19.0583898973
-1
-1
-1
0.0007458918
-1
0.0000165363
-1
0.0016523463
-1
-1
0.0205088266
74.2047452728
0.0000416419
-1
1300.5000000000
11140.4978235968
0.3333333333
-1
2556948.0000000000
0.0000000214
3179506.0000000000
-1
123.5000000000
31952.5953757225
-1
703.5294117647
-1
-1
-1
-1
39.5000000000
8.6503164557
-1
-1
-1
9853.6244541485
-1
84394651.0000000000
-1
-1
0.0256410256
-1
-1
-1
-1
-1
-1
0.0000002615
-1
936134.5555555555
-1
-1
-1
0.0000018698
0.6670822943
-1
0.0000000279
-1
-1
-1
33114.0574712644
-1
-1
1.2500000000
0.0000024285
0.0537678470
0.2000000000
-1
39942.7142857143
1.0000000000
-1
-1
0.9507865156
-1
0.0000015977
-1
-1
0.0019472592
2628130.0000000000
-1
-1
-1
-1
208.6912442396
-1
-1
-1
-1
31484.5000000000
-1
-1
-1
-1
1.3326039387
0.0025408788
-1
0.0081721794
0.8569746260
-1
-1
0.0181440624
-1
62.0000000000
2.5270185994
-1
-1
-1
15.2331190037
-1
-1
-1
245065.3571428571
0.1928161475
-1
0.0023280372
422.1262344286
0.0002628505
-1
0.0000956734
0.5162994545
-1
332.8475242522
0.8188679245
0.0001578525
-1
0.0000105113
-1
0.0001137383
-1
1910956.5000000000
-1
-1
-1
-1
-1
-1
1.2537313433
35.7185238784
-1
-1
201751.2500000000
32342.3357348703
7.8546105869
-1
-1
0.0451977401
0.0159306762
0.0058311784
3869.1630267610
-1
-1
392932.0000000000
0.0013083297
1.5000000000
-1
1.0707692308
0.0004846527
1.6967912312
0.0000221822
-1
-1
0.0000031626
0.0000577445
-1
28.6666666667
-1
-1
-1
-1
-1
-1
-1
44.5263157895
186.1130346232
-1
-1
-1
6.1110775451
15452.2727272727
-1
-1
0.6949085537
-1
0.0102383054
0.0000274933
0.0007537960
0.0000001477
-1
-1
-1
-1
-1
0.1538991875
-1
10.1417322835
-1
-1
0.0192307692
-1
-1
-1
-1
-1
-1
-1
-1
0.0000311187
10.0000000000
-1
3.5553776477
-1
4653.6818181818
42.5735391515
-1
0.5833333333
-1
-1
-1
-1
0.0046853016
-1
0.2000000000
-1
-1
-1
11100.1714285714
-1
435.0000000000
-1
-1
-1
14.6666666667
-1
-1
0.7179487179
-1
-1
3.0000000000
0.0204134376
0.0000002796
0.8492723493
0.0002930832
-1
-1
-1
-1
0.0324254215
-1
-1
-1
0.0166051661
-1
-1
0.0020097262
-1
0.0000127778
-1
-1
-1
-1
1706212.1568627451
-1
-1
-1
2.6736806655
-1
-1
-1
0.0276770685
0.0001114703
-1
0.0074966940
-1
-1
0.0722082284
-1
835334.0307692308
-1
82472.2222222222
1.9382896212
-1
9203.0000000000
-1
-1
-1
1286.0645161290
1.0178705088
0.0000001926
0.4079871811
-1
-1
0.0000014494
0.0011520737
0.6838995569
-1
0.0000001883
-1
-1
-1
0.0000549854
-1
103.7333333333
-1
-1
-1
0.0085470085
-1
0.1951131872
-1
-1
0.0000691260
-1
-1
14.6508242313
-1
-1
0.0001364256
0.0000043212
-1
-1
8.6250000000
0.0000014440
-1
0.1817719439
329.9000000000
-1
0.0039436620
1.1220095694
0.0086167977
-1
-1
-1
-1
-1
0.0000315692
-1
1.4000000000
-1
1308.2400000000
-1
2320398.9750000001
-1
-1
66018.4868421053
0.0000014104
-1
4261.4476439791
3.9570650966
-1
0.2000000000
-1
-1
-1
384.2317073171
0.5829653335
-1
9.7588075881
0.0000470286
0.0003242873
-1
0.0002142425
12667.4317585302
0.0001626281
-1
2.0950701853
0.0000213013
-1
-1
-1
-1
-1
-1
210000.1666666667
23473.7777777778
-1
0.0000001900
17.0000000000
31133.3905440414
1146.7790563867
-1
-1
-1
-1
0.0001548227
-1
-1
379.1136316337
-1
-1
-1
204.4601307190
-1
-1
-1
-1
0.3333333333
-1
0.1287016530
62.6997455471
22098.6012269939
-1
-1
-1
-1
3218.7857142857
0.0017006803
-1
-1
-1
0.0005527916
-1
-1
-1
0.0000036363
-1
0.4306867065
0.0003669725
-1
-1
-1
0.0004405286
-1
-1
-1
1144712.7500000000
-1
0.2821316614
5.1842234466
-1
-1
-1
0.0212765957
22638.9166666667
-1
524.9590369357
0.8271604938
0.0090315142
-1
0.0000004516
-1
-1
-1
0.0000023548
0.0000019043
558.6530846226
16.2776279222
-1
-1
26928.6666666667
-1
-1
-1
105.5135709819
0.0001406361
3085677.8666666667
-1
-1
-1
0.0000000600
11902.2622950820
10175.6666666667
-1
-1
0.0010466548
0.0045167118
-1
-1
-1
0.0029761905
1.2857142857
0.0019126361
-1
1.0000000000
-1
2.8571428571
-1
0.0074829722
0.2140777991
-1
-1
-1
0.0621761658
0.0010711843
-1
-1
22.7500000000
-1
-1
20.2903225806
13583.8333333333
-1
-1
-1
0.0000001272
-1
4468.1150442478
-1
0.0653255912
-1
-1
231.2000000000
0.0126582278
-1
-1
-1
1181.7274220033
0.0002636309
0.0010465725
-1
0.0735294118
-1
-1
-1
0.3333333333
-1
-1
-1
-1
1423.6939887672
-1
1.4907131256
-1
-1
0.1910829088
-1
-1
0.2985347985
26.9042499416
-1
-1
4.6666666667
0.0515768663
-1
66102.2126379137
20248.0000000000
-1
0.1884368308
-1
0.8085774947
-1
0.0001843998
-1
-1
0.0418603110
-1
-1
41.7500000000
65.4000000000
-1
0.0000028814
2689163.8437500000
10.6530612245
-1
-1
-1
-1
0.0000213328
290.2333333333
0.0601409010
4003139.1764705884
-1
0.0000706314
-1
0.0010649627
-1
120.8290088497
-1
1951.2668810289
154.8386764637
-1
9328.4500000000
-1
30301.5833333333
1.0384615385
1.0000000000
-1
-1
-1
-1
0.0000341027
0.0001075847
-1
-1
153679.5000000000
-1
5559.5079020762
0.2097560976
-1
0.0000001574
-1
0.0000082754
8.7532230942
0.2500000000
-1
0.0000008462
0.2000000000
-1
-1
0.3188896412
1.5734912103
0.1080417885
-1
-1
-1
-1
-1
-1
-1
0.0000001047
-1
-1
-1
-1
284747.5500000000
-1
-1
427.7293378444
1702.9414738322
-1
0.1428571429
617.7863559116
-1
1.2335206751
118707.0113960114
-1
-1
-1
-1
-1
0.0000302768
-1
0.0000000974
-1
-1
0.6523816561
0.0027190894
44.2176696543
-1
185.9325842697
0.0000017058
1.3471433371
4.1450588810
0.4366197183
0.0000002171
0.0247349823
199971.6000000000
0.1365318225
-1
-1
0.0000071946
35.5600000000
-1
-1
55116.1791907514
0.0006159471
-1
3.0973451327
-1
-1
-1
0.0901442308
-1
576910.8333333334
-1
0.0013561205
-1
0.0000002803
-1
-1
-1
-1
5387.7721518987
-1
-1
1168.3994974874
0.0441219614
-1
-1
0.0000031692
-1
0.1111111111
0.0024996727
580.0000000000
-1
0.0083182854
-1
-1
77230.8245614035
0.9863387978
0.0000000705
-1
-1
-1
-1
-1
-1
0.0233453670
-1
2780272.8333333335
0.6177884615
-1
-1
-1
301337.1562500000
0.0000092906
2.4021691430
-1
-1
-1
-1
-1
-1
6.2604655810
69384.3333333333
1.0466517232
-1
-1
0.0000000182
1015.6678799451
-1
-1
0.0023132289
-1
-1
-1
0.0012594458
-1
-1
4631.7619047619
-1
-1
1647968.0000000000
-1
25.1800749678
239.6060606061
-1
0.0003022061
0.5047213851
0.0011713321
-1
-1
1.7119754282
25408.1370254810
-1
60611.2369146006
0.0000000198
-1
-1
-1
0.0123602211
13.7270916335
0.0010998138
0.0085758040
-1
-1
351.2024675439
-1
-1
-1
0.0003146106
-1
11008.4164456233
0.0000602591
-1
-1
-1
32375.2531025474
0.0000729745
-1
-1
2943.6235294118
-1
0.0021153738
40.3384615385
2054.4282511211
0.0000013519
-1
64.8127691294
-1
-1
949779.9870129870
0.0000013074
2.3333333333
-1
0.0000026447
0.0000017175
0.0001010305
-1
-1
-1
2.9004823856
78.4728350236
-1
-1
-1
0.0000229106
-1
-1
-1
-1
13.3387096774
-1
-1
0.0177272536
-1
1.5000000000
30.6640057361
5359.1810109290
-1
-1
0.0032292788
2.7548014103
-1
-1
-1
2369.2500000000
-1
-1
-1
-1
-1
-1
-1
-1
2606.0608648355
-1
-1
-1
-1
0.0000001279
-1
9.3439897698
35161.4705882353
-1
-1
0.0009247842
-1
62.4000000000
136.0986333161
-1
0.4443889505
-1
16.6666666667
-1
171.8974220299
0.0001277395
0.0000004260
-1
4148.5143083362
-1
0.0994663587
-1
0.0366282730
0.0232558140
-1
0.0011121130
0.0000104919
18.4113475177
-1
0.0006021728
-1
-1
-1
-1
3.2407480005
-1
358.1470588235
-1
-1
0.0057834931
109.7777777778
0.0476190476
-1
-1
-1
0.0500000000
-1
-1
-1
0.0000244599
-1
-1
0.0000039678
18.7500000000
0.0359755051
-1
-1
0.0002323960
-1
0.0454545455
-1
-1
0.0000067345
39.2245989305
1.6666666667
-1
0.0000006619
19.6242796233
0.0000000335
-1
4123.4000000000
19.0524674167
-1
0.1069472302
1744.8082984241
-1
0.0029154519
199650.3333333333
-1
-1
0.0344751896
0.0000828603
-1
-1
-1
0.0000012908
1729.8255528256
-1
5.0000000000
13204.6271186441
-1
-1
275764.3333333333
-1
4021.1000000000
464.1111111111
0.0002735978
-1
8302.8217054264
-1
-1
-1
-1
-1
-1
-1
2.0141567000
-1
-1
-1
0.0151422453
-1
-1
-1
-1
-1
0.0035196246
1506.7600000000
-1
-1
874.0000000000
-1
-1
0.0146025635
0.9173941737
-1
0.3225806452
0.0137457045
-1
-1
-1
37.0714285714
1.4575098613
-1
0.0000033302
11.6729559748
-1
2673.7247612651
-1
0.0000002383
0.1292371098
-1
254.5276299439
-1
12486.2133333333
-1
-1
-1
0.0037504262
84827675.0000000000
0.0000011347
-1
-1
0.2546935080
-1
-1
-1
-1
-1
-1
2.7854624704
-1
-1
-1
-1
-1
-1
3451.8018433180
-1
-1
-1
-1
-1
0.0764363112
376338.0357142857
-1
0.0010829319
0.9079017871
4.1935187313
-1
0.0588235294
0.0000887882
95154.5762711864
0.0000076329
-1
0.0021102611
-1
0.0000056803
-1
10309.5888272033
-1
-1
-1
292.7377777778
-1
6280.0000000000
8.3917645231
5.2500000000
10274.5000000000
-1
0.0001680689
4.6335984747
26904.4006968641
3008.3893805310
-1
67.0974421437
-1
0.0074483167
-1
0.3971646471
-1
84.6250000000
-1
135272.9259259259
-1
-1
1.7231047750
-1
-1
-1
305.5289457648
98277.9382550336
7.4885724001
-1
-1
1700.6622734761
-1
0.1218149649
-1
25068.6666666667
-1
-1
-1
0.1250000000
-1
36175.0000000000
-1
-1
-1
446.5000000000
0.0000016997
0.0000023040
-1
0.1707303437
-1
0.0297281993
-1
94.8684777922
1.8600435334
0.0082058029
-1
-1
-1
-1
-1
17114.0000000000
-1
-1
2.0869565217
-1
15.0833333333
633.2472089314
-1
11.4353645210
-1
0.0000164673
-1
3923788.5000000000
-1
-1
0.0001432730
0.0270270270
-1
0.0239028660
-1
14.2391304348
0.0091894872
-1
-1
-1
-1
0.2857142857
-1
-1
6.6951966649
-1
0.0000002935
160141.8901734104
0.0000016031
0.0227866879
-1
-1
-1
3.1200000000
114539.8800000000
-1
10421.6363636364
-1
-1
9.0828025478
-1
-1
-1
0.0000518780
-1
18.6666666667
197.6666666667
-1
-1
-1
-1
-1
101.9196786104
315.5147679325
0.0029259277
-1
-1
-1
-1
-1
-1
3007.4706814580
-1
-1
629226.9166666666
-1
783.8000000000
-1
178.2090909091
-1
2.1136729223
-1
-1
-1
13.3333333333
-1
0.0016025641
-1
-1
-1
-1
0.0013166101
-1
219057.5668016194
-1
-1
140634.5535714286
-1
0.1887811288
-1
0.0168776371
243.7388260635
0.3033707865
-1
1.6742135367
295063.6666666667
-1
-1
-1
-1
18.6457282458
0.0000066993
-1
-1
-1
0.0002754062
3972.5000000000
1.4883720930
-1
20431.2500000000
96.3785714286
0.0386266094
-1
0.0030444730
-1
-1
-1
1.5635359116
-1
-1
-1
-1
-1
-1
-1
-1
0.0000001382
-1
-1
-1
0.0000001190
-1
-1
2.0000000000
-1
-1
-1
-1
-1
0.0104166667
9.4992101106
-1
-1
1668.2228986186
-1
-1
-1
44.0000000000
-1
2.6864864865
0.1711852624
1658.5018612521
-1
-1
-1
0.0100334448
-1
0.7935453173
-1
158.8414785854
0.0000448035
16060.5000000000
-1
-1
6.7719212184
-1
0.0000040699
-1
-1
-1
-1
-1
-1
-1
-1
-1
4.7006726457
-1
-1
0.0000051035
-1
-1
-1
-1
0.0000039881
-1
-1
-1
-1
0.0793123270
-1
-1
-1
88.5581486183
0.1167336747
-1
-1
-1
0.4076134426
0.0000131618
-1
-1
-1
36.6949152542
0.0025380711
-1
-1
-1
-1
0.0000298564
0.0005692445
0.0040595399
-1
-1
0.3512820513
-1
-1
4896.0000000000
0.0604438370
-1
-1
-1
0.2968832632
37.1750000000
-1
-1
0.0007406310
-1
2.1097721759
0.0000021797
1029.2437550363
-1
-1
148.1666666667
0.1628787879
-1
-1
-1
-1
-1
-1
-1
1957.1212121212
-1
15.4395604396
10.1922365989
-1
0.0141477656
-1
0.0009183862
-1
1458.7500000000
-1
0.0000247836
-1
-1
-1
-1
-1
193.7785888078
0.0217626223
0.2200066874
0.4545454545
-1
1022794.5000000000
-1
0.0197967275
-1
-1
-1
586.9542483660
0.0024154589
-1
-1
4414.0000000000
1130.3113207547
0.0039758882
-1
1.5309914416
0.0000009013
-1
-1
0.0002920348
-1
-1
0.0000157940
0.0010648979
-1
-1
-1
0.1219187391
-1
-1
0.1428571429
-1
-1
0.0357142857
-1
0.0001101952
-1
66628.0000000000
0.0022222222
-1
-1
0.1403508772
-1
-1
-1
717868.7500000000
-1
0.0553689513
-1
-1
38900.0569105691
-1
-1
-1
20.0000000000
-1
-1
-1
-1
-1
67566.2619439868
0.0027100271
-1
-1
5356.0000000000
-1
1854.5000000000
-1
-1
-1
0.0093829517
16.5640244566
-1
1.0626829934
-1
-1
-1
0.0029285858
0.6666666667
-1
-1
-1
0.0319366731
-1
-1
-1
-1
0.0000000329
-1
-1
-1
88.9277066759
0.0005430421
-1
1.6666666667
2751.3333333333
834.3210088315
1567675.3333333333
115.7500000000
-1
-1
-1
1.8571428571
-1
11.9886392087
-1
-1
-1
387.5000000000
1.0778327877
-1
0.7592024540
0.0000208034
-1
-1
-1
-1
0.0000000715
-1
-1
178.9887005650
0.2564102564
-1
0.0123972335
-1
0.0000141900
5092.3915662651
-1
-1
0.0000736299
6791768.0909090908
-1
-1
-1
-1
20.2771415483
0.2052309691
-1
-1
1373.4485113241
-1
-1
-1
808.3939393939
-1
-1
104.3404548946
0.5000000000
0.0001632173
0.0021446078
76.8634569439
-1
-1
0.0000006970
-1
1.3083091755
-1
128.4058265583
-1
-1
0.0074908326
0.0221496599
-1
9661.6666666667
-1
-1
53.0000000000
-1
0.8918918919
0.0471247021
0.0370370370
-1
32.2040675629
-1
-1
-1
0.0181686453
0.0000166617
-1
313.1626794258
0.0113779879
0.0000023645
-1
-1
61359265.0000000000
75301.0000000000
-1
-1
-1
0.0472316802
-1
50.0998725709
0.0205234121
125.8948306595
-1
0.0000072589
954.4656488550
-1
-1
-1
-1
-1
0.1600372851
520.6134969325
0.0000276237
-1
-1
-1
0.1055216657
0.0043478261
-1
0.0000005931
-1
-1
-1
0.3794642857
-1
-1
218.5010488463
26777.0299260256
0.0000005099
-1
-1
5.5093926893
-1
0.9821352464
0.0000025634
1.1213248610
0.0002386835
2.0669033315
4449.2644230769
0.7831334025
-1
-1
-1
-1
-1
-1
0.0000000162
-1
294.7419354839
1.1073923648
0.1403508772
0.0001494992
-1
0.0000061794
-1
1.0000000000
0.7907213867
79867.0727272727
-1
-1
0.0051304335
0.0382244143
0.0001896813
0.0021786492
0.0972121802
154.6803034120
-1
-1
-1
-1
-1
-1
105894.2702702703
23026.0250000000
-1
-1
0.0056963978
-1
-1
-1
-1
0.2000000000
-1
0.0000016219
-1
10.7283324392
1.7644867550
-1
0.8749917027
-1
-1
-1
0.0001949691
15.9989960305
-1
1410.2585227273
-1
-1
-1
-1
-1
4031.6875000000
1432.0588235294
-1
-1
0.9352558479
-1
-1
-1
-1
-1
1032533.5714285715
0.0019193858
22.3333333333
-1
-1
0.0000266489
0.0000265774
144817.2727272727
-1
1.0000000000
-1
4955177.8333333330
0.0001290323
-1
0.0364963504
1966.1353956512
2.6553358613
8.1866295265
0.0000000220
-1
-1
-1
46.6802480620
-1
6870099.0000000000
-1
-1
-1
0.0015958053
-1
-1
-1
-1
0.1011080332
-1
-1
-1
0.0320000000
-1
0.9090909091
-1
2.6546546547
-1
-1
1.7500000000
0.0008341545
5955.0555555556
-1
0.0000137842
-1
-1
0.3333333333
-1
-1
-1
-1
-1
-1
-1
0.0106550645
-1
64630.6111111111
93.0000000000
-1
-1
-1
0.4056802531
-1
102215.0000000000
0.9779018180
-1
327.0000000000
-1
-1
-1
-1
-1
-1
-1
0.7716535433
0.0101302460
-1
1.3582959065
-1
-1
-1
0.0132915239
43.6120218579
0.0011547344
0.1153846154
-1
-1
-1
0.0180112339
0.1278735632
0.0002396358
-1
0.0002104519
0.1639868309
-1
-1
6.7465109655
-1
0.0000013802
0.0011102238
298.2222222222
0.0423111920
-1
-1
18.2426329169
8182.0000000000
-1
-1
514.4017448513
96647.3179190751
-1
21.3846153846
0.0001329136
3132.5000000000
-1
-1
-1
2.1417384495
-1
60.8919239905
-1
26.5912818647
846.1718750000
136.8533083645
3.1851849329
-1
-1
-1
-1
-1
-1
3.9755967161
-1
2397.2500000000
-1
-1
-1
274.6393442623
-1
0.0144196107
0.4090909091
-1
-1
0.0000765865
-1
0.0001395172
0.0231780463
0.0003691231
-1
-1
-1
-1
0.0000048656
-1
0.1583742405
0.1072373626
-1
-1
0.0000424339
-1
17875.6942148760
-1
-1
2239.8560000000
0.0026445176
-1
34703431.5000000000
-1
-1
0.0004878049
-1
-1
-1
-1
-1
0.3333333333
171849.2393162393
-1
0.0022139351
-1
3641.2857142857
0.0568144380
-1
-1
-1
0.0009560017
-1
-1
-1
1.2222222222
1.3718162435
0.0467733645
0.0000305998
-1
0.4984178719
-1
-1
-1
984998.5000000000
0.0040413608
0.0000010810
0.0009287723
-1
-1
137066.3467153285
-1
-1
-1
-1
-1
7.8333333333
-1
-1
103.2857142857
1554.1979166667
-1
0.0002820874
-1
129.8023013360
0.0000038664
-1
-1
-1
-1
23.6666666667
-1
0.0461538462
0.0422490470
0.0000322540
-1
-1
0.0000253794
-1
1884.1327470687
0.5000000000
-1
-1
-1
0.0506926273
-1
0.0055802623
0.7327455244
0.5959190671
0.4067982456
-1
-1
-1
8.3672358072
0.1345967898
-1
-1
-1
-1
16.5957446809
-1
-1
0.0001699813
-1
69.8804266984
-1
-1
-1
0.0012422360
-1
475.5000000000
4.6511627907
-1
-1
-1
-1
1.6050538920
-1
0.0000005405
0.0001153877
0.5000000000
-1
-1
0.0001075881
1220.8444135741
0.0000092363
0.0278203070
-1
1.3333333333
0.0000064034
-1
-1
9079.0000000000
-1
-1
-1
-1
0.0363149982
-1
-1
1732385.6666666667
-1
0.0724725944
-1
-1
-1
-1
61.1074107029
-1
0.0280246070
0.0000007129
-1
-1
-1
116765.8333333333
0.0001948178
0.2106590981
0.0012722646
1490.0340314136
0.0062500000
-1
-1
888.2566585956
0.0256503262
72.3333333333
0.0000079850
-1
0.3437500000
-1
-1
-1
-1
1344533.1428571430
6.9444444444
-1
-1
0.3333333333
-1
-1
-1
0.0032647639
-1
670.5953488372
1.0000000000
-1
-1
-1
-1
-1
0.0004425028
-1
68.4331171966
-1
0.0000311032
-1
0.0180049156
-1
0.0008658009
-1
-1
4.7027027027
9129.9528985507
-1
0.1470588235
-1
0.1127275258
27.0303233157
833.5814444601
-1
-1
-1
0.8334944904
-1
-1
-1
-1
-1
109053.7413793103
0.5152404606
2195.0814502111
21878.2626057530
0.0000052512
-1
3922.3386138614
-1
140.8305093582
30445.0254510309
-1
-1
-1
0.0011123252
6.2048401037
-1
-1
-1
3599.2797471346
-1
0.0111867704
-1
-1
-1
-1
-1
-1
217457.0000000000
11.3569983445
-1
11.0000000000
-1
-1
0.0618556701
-1
-1
2.3309854563
1.0254337051
-1
0.0012697555
-1
-1
0.2668062865
-1
3.5000000000
0.1848546660
-1
-1
-1
-1
-1
-1
0.0000002852
0.0008960573
0.0070323488
-1
1299.5000000000
-1
-1
498.9500542888
114123.0000000000
-1
-1
0.0078125000
0.0000026759
-1
-1
6302683.0000000000
-1
0.0003832657
0.0005931414
-1
-1
-1
0.0077916752
-1
-1
-1
4764683.0000000000
-1
-1
-1
-1
-1
-1
0.0407190620
-1
-1
12.0957230143
-1
11.5364244113
-1
-1
-1
49041.1666666667
-1
-1
-1
0.0099019129
0.0007425222
1.1986013986
-1
59.6359000510
0.0000508653
269919.8923076923
-1
0.0011086475
6.7234042553
-1
0.0001203560
-1
-1
-1
-1
0.0034621943
0.0000011295
-1
3.5000000000
-1
-1
-1
-1
0.0000029518
0.0015610688
-1
0.2000000000
0.0001047200
354.0563909774
-1
-1
-1
0.2500000000
-1
-1
0.0187986245
0.1538461538
29.3333333333
-1
15.2499124343
-1
-1
1484143.1063829786
-1
6142856.7500000000
-1
-1
-1
0.0000123851
791837.5714285715
-1
-1
-1
0.0000164426
0.3333333333
189.2791208791
0.0032894568
-1
-1
0.0000002753
-1
-1
-1
0.2358967206
0.3751421608
-1
3.4026001636
196.8708288482
1165519.2500000000
-1
0.0000012824
-1
-1
-1
0.0000032895
-1
0.8571428571
-1
-1
-1
0.0247547875
-1
1.2542568543
0.0000021417
-1
-1
-1
2.8395991767
0.0010999479
-1
-1
-1
0.0136257614
-1
-1
-1
-1
248479.6666666667
18196.8000000000
868707.2307692308
-1
-1
-1
-1
0.0006161198
-1
0.0093145450
0.0016191239
0.1038136918
-1
-1
-1
0.0967741935
1071142.2857142857
-1
0.0000906336
-1
9055.9241011984
-1
-1
0.0004080724
0.0017605634
0.0096296296
-1
0.5770609319
-1
254.1444419030
-1
-1
0.0152838428
1.7352941176
5.4128312844
-1
-1
0.0031347962
0.0000001822
-1
-1
-1
-1
0.0004177109
28850.5187637969
0.0005092814
-1
-1
-1
-1
-1
0.0009935616
-1
0.0000002459
128.3035051403
-1
-1
-1
-1
-1
-1
-1
27.5161290323
-1
-1
0.0000115088
-1
-1
472.1909923664
-1
0.0500752203
0.0000024470
-1
-1
0.0003557453
-1
-1
-1
-1
-1
0.0010678057
0.0002032259
-1
-1
-1
0.6386042647
-1
-1
0.0098522167
-1
-1
0.0232558140
1.0178157774
-1
10.2147296239
-1
-1
-1
2709.6442974165
0.0003025858
-1
-1
-1
-1
1.1382174780
2.7039408983
-1
-1
191.0550689783
-1
-1
-1
-1
0.5609685437
-1
0.9642857143
-1
15.9841411660
-1
0.0241700393
1.9653373161
-1
0.0104229094
-1
0.0003810863
0.8369000696
4.7178545187
139.8927630754
0.0625000000
0.0028612303
-1
0.1037891269
-1
-1
-1
-1
45231.5000000000
1.0000000000
-1
-1
-1
-1
-1
-1
-1
18109.5375670841
-1
-1
1.0218226897
-1
-1
-1
-1
140613.6666666667
-1
0.3133917994
5.9334554335
-1
-1
0.0019806883
0.6494419911
-1
-1
-1
-1
0.3939124551
-1
-1
0.1803676726
1.3280587737
-1
-1
1.8452783128
-1
0.0244619005
0.0040485830
0.1755797444
-1
-1
-1
0.0000020913
-1
-1
-1
0.0268911143
-1
-1
4710.8200312989
-1
0.5694444444
-1
0.0930718573
-1
-1
-1
0.0000095051
0.0000649349
-1
-1
-1
-1
-1
-1
-1
-1
-1
-1
-1
-1
-1
0.5274971942
270515.6176470588
0.0290046144
0.0364016106
-1
0.0009675599
72.4381880393
-1
-1
0.0035502959
0.0000027330
-1
0.0000003744
-1
0.0000003389
-1
-1
-1
-1
0.0186045052
-1
902170.0000000000
-1
-1
-1
0.0000075938
-1
-1
-1
-1
6564.7222222222
30937.3461538462
-1
-1
-1
-1
-1
-1
-1
0.0000895747
0.0000044770
-1
59089.4531250000
-1
95448.0000000000
-1
-1
0.1309768138
93708395.0000000000
1.0556151592
-1
-1
73021.2500000000
0.0080915361
-1
-1
0.0004151962
0.0000189285
3521690.0000000000
-1
278103.4000000000
-1
-1
0.0032810188
-1
-1
-1
0.0000072101
-1
-1
-1
32009.1132075472
-1
739.4179006252
-1
-1
-1
-1
-1
13.6504192530
439591.0000000000
0.4411431528
-1
-1
-1
-1
0.0000002463
-1
-1
71.3427362482
-1
-1
-1
-1
-1
-1
21829.8200000000
-1
-1
-1
0.0000003592
0.0003280840
-1
-1
-1
-1
-1
-1
-1
-1
-1
218.7567567568
-1
-1
-1
-1
0.5000000000
2688101.3999999999
-1
15400.6071428571
-1
-1
0.2845153168
1012.7200000000
0.0697970428
7.5961114682
-1
-1
78.5372905883
7623941.0000000000
-1
-1
-1
11965784.2500000000
2.3702755422
0.0002940703
-1
115.2688223173
-1
-1
-1
-1
0.0496496198
-1
-1
-1
-1
-1
-1
13234.4584130019
0.0000003655
13813.9758620690
-1
0.0000005631
0.1014492754
-1
-1
-1
-1
1759588.2727272727
-1
4117099.5000000000
0.0000052529
-1
1858.9761724660
-1
-1
-1
-1
0.0228560082
-1
-1
-1
-1
32984.5185185185
-1
-1
0.1286592866
0.0000074186
-1
0.0559523810
2760.1575704225
0.0370370370
4175.0000000000
14.2000000000
-1
-1
-1
-1
-1
0.0000000159
-1
-1
-1
-1
-1
-1
116.5612232680
-1
0.0018003886
18210.0459042343
-1
1.7432837722
5.7062500000
-1
-1
-1
1858.3721628674
1.2408566697
2438.4000000000
-1
-1
-1
-1
0.5000000000
-1
0.0490693739
-1
0.0003587504
-1
12872.2288135593
-1
-1
-1
0.0084568725
18.0979907268
-1
-1
0.0199567204
0.0604764814
-1
-1
-1
-1
0.0000001965
12.7663191296
-1
2.3883949295
-1
0.4914559338
-1
-1
-1
0.0410324289
0.3036559955
-1
-1
-1
0.0014202375
0.0003637686
0.0129815155
-1
0.0006669051
2013675.2903225806
24.8418365039
-1
-1
-1
675.9545949014
-1
-1
-1
0.0881480737
-1
5579.3026399604
2.7600000000
-1
-1
-1
-1
30.0760309278
0.0226708748
16008.3333333333
13500.8571428571
-1
0.0238065734
-1
4144.0047393365
-1
-1
-1
1255838.5294117648
-1
0.0000023694
-1
-1
20.3514376997
-1
-1
-1
-1
-1
3141.3059936909
-1
-1
-1
-1
-1
0.0000838243
0.0000135692
-1
0.0491803279
-1
-1
0.0000022849
-1
-1
26306.4733096085
1.6000000000
-1
-1
15.7449183258
-1
-1
0.0000061799
-1
5460222.0833333330
0.0005144215
-1
-1
-1
-1
-1
-1
-1
-1
-1
6421.7500000000
0.0000246909
-1
-1
0.0000012374
96875.6172839506
17702.0000000000
-1
-1
0.0005746049
-1
-1
-1
0.0024813896
-1
-1
-1
0.1688437835
0.0000631922
2129.7756379101
47.6000000000
-1
17.6545669924
-1
-1
-1
-1
75.7300028072
8318.0000000000
-1
-1
18.1900347625
-1
25.2717309349
-1
0.2500000000
0.1132349304
0.0000004595
-1
12.2500000000
0.0034762457
-1
-1
-1
-1
-1
-1
-1
-1
-1
-1
25.9248419151
0.0012982052
0.0000001215
0.0000004247
-1
0.0001135509
4.9484253534
-1
-1
-1
-1
-1
1.0000000000
-1
0.0000001173
1.5700384929
-1
0.0006004095
0.0005382778
68463.6868365180
-1
0.8888888889
-1
-1
17.7837837838
0.0000529255
0.0000001821
12681378.0000000000
549.9830759808
-1
-1
-1
-1
-1
0.0809023503
290646.4765100671
1.3241911932
-1
-1
-1
0.0194831482
-1
-1
-1
-1
-1
-1
-1
0.0000000203
23.6541104607
-1
-1
-1
-1
0.0003287052
-1
0.0000000413
-1
24.6948717949
0.0000000330
-1
6484.5961049958
0.1212711219
-1
-1
5363.3571428571
-1
-1
-1
-1
-1
0.0000327123
-1
5206.4019951469
-1
-1
-1
-1
-1
-1
-1
3.7085714286
-1
-1
0.0105035044
-1
-1
-1
-1
-1
-1
-1
-1
-1
0.0000170402
-1
-1
180.9363076467
0.0000032690
-1
0.1434782609
-1
224258.6529680365
0.0013244365
-1
-1
-1
-1
-1
0.0000000734
-1
-1
0.0000007897
-1
-1
-1
53.1762875907
650.8288288288
0.0003049652
-1
20119.2816768723
-1
-1
-1
-1
-1
-1
0.0019379845
0.0000504108
67335.9180327869
-1
-1
0.0000038217
-1
920.4372549993
-1
216.4285628019
-1
1.3076923077
-1
1.9254498715
-1
0.5227922922
0.0148752916
-1
1.0322580645
-1
23404.3333333333
-1
709.6888888889
2.4822439668
-1
-1
0.0004016956
-1
0.1842135525
-1
-1
-1
-1
0.2090752086
58321.5000000000
-1
0.0010141661
-1
5469.5611533587
0.0074074074
23.5105967926
0.0001658516
-1
0.0633733164
70799818.0000000000
17549.0000000000
0.0028574354
0.0000000184
-1
632960.7766990291
-1
188.9825581395
-1
-1
-1
-1
-1
-1
-1
297791.7847222222
0.0174563591
-1
0.0593563307
8.5765791600
-1
-1
-1
-1
-1
-1
0.0000002695
1141.1812283084
0.4217749909
0.0285714286
-1
-1
400103.5000000000
-1
-1
-1
-1
1.0558336298
-1
-1
12.7529314879
-1
-1
23.1702356902
4175140.0000000000
105573.6017699115
0.0000445659
-1
-1
-1
-1
-1
-1
0.0023421671
-1
1.6708860759
0.0571437141
18.3720301873
128.0853466387
-1
-1
4148.8709677419
-1
10341.6129032258
0.0000006430
-1
-1
22.5432079397
-1
33.9571626455
-1
-1
-1
-1
0.3292682927
-1
0.0010081916
0.0045549877
-1
-1
-1
-1
-1
0.0534650833
-1
0.0000108835
0.0029414646
-1
-1
14812.5000000000
-1
-1
-1
-1
0.0000529836
-1
-1
0.0001136932
0.0109890110
0.4880754603
-1
-1
-1
-1
-1
-1
-1
-1
88528.5000000000
919702.5000000000
-1
-1
4873502.4285714282
0.0821855949
0.0050505051
-1
0.0000087546
0.0000117667
-1
-1
-1
-1
192.9090909091
892.6126279863
0.0007060787
-1
0.1499649615
-1
0.0193370166
-1
-1
-1
1.2903301262
-1
-1
0.1581803417
-1
-1
-1
-1
-1
647.0000000000
38.5535580524
196.6474836094
-1
0.0000002906
0.0619418614
-1
0.6763449473
-1
0.0001553519
9.9782073965
0.0000000263
24.8677180123
-1
-1
0.1242105263
-1
7.4444444444
-1
26630.8355795148
0.0043341043
3.8729649343
-1
56184.0000000000
-1
-1
-1
-1
605.9904608086
-1
65898.4714285714
-1
0.0005819875
195.6000000000
0.0004308488
336.7619047619
0.3861386139
-1
8904.5258620690
8192846.0000000000
-1
-1
-1
-1
-1
0.0563197508
8.1875000000
4727.8150289017
-1
-1
1737.9767441860
-1
0.0000212162
-1
10271.3333333333
-1
0.0666666667
-1
-1
-1
-1
0.4032258065
175.1509433962
0.0145110410
-1
0.0000288060
-1
55.7619047619
-1
12.7500000000
-1
-1
-1
-1
-1
-1
-1
-1
0.0008332710
-1
-1
0.0000225702
0.0002716899
4.9552383897
-1
787.3953488372
-1
0.0283400810
12556.4285714286
-1
3805265.4285714286
535.8472222222
0.0004760205
-1
-1
-1
-1
-1
0.0000004667
-1
-1
162.6258780875
-1
-1
-1
-1
-1
-1
0.0036036036
-1
-1
-1
-1
73.0256410256
0.0000002207
53938.2424242424
0.0237612691
69230.7500000000
-1
10.7940740741
-1
-1
-1
0.0074776561
-1
0.6191209238
-1
-1
4279.9523809524
398.0043892111
0.0000018585
-1
-1
0.6996191002
-1
-1
-1
-1
-1
-1
-1
2747.1194029851
0.0166984204
-1
-1
-1
0.0000001142
0.0052519567
0.0151802657
0.0012011210
-1
-1
-1
-1
-1
0.0031615077
-1
-1
0.0012919897
-1
0.0429223183
-1
3.3333333333
31463.6129032258
-1
-1
-1
-1
-1
-1
0.4641093809
-1
-1
3593.5000000000
0.0012755102
17.5116279070
-1
0.0000000289
-1
119.3927125506
-1
-1
0.0023684366
0.2071323256
453.1111111111
-1
-1
16.5312500000
0.0004435713
-1
-1
0.5419958199
-1
10022.7441860465
-1
0.8158267280
0.0000149951
-1
4.3877551020
0.0019362882
-1
-1
0.2000000000
27352.7018633540
-1
-1
175.4000000000
85.5424309122
93320.0000000000
52.6109867484
-1
0.0000068073
-1
-1
-1
0.0327774583
0.0000019170
-1
-1
1.3750000000
0.0078928486
22.0000000000
-1
-1
-1
0.0027863590
-1
-1
0.0000002257
0.0002339251
-1
77.3517110266
-1
-1
0.0018336203
0.3550520919
-1
1650.7555555556
-1
16.3541776938
4.5340886796
0.0001914739
-1
-1
-1
-1
0.0090090090
2.6907630522
0.0001721467
0.0139414427
0.0144390060
-1
-1
-1
-1
5.0000000000
-1
-1
-1
364.0000000000
-1
-1
-1
0.0007771457
-1
13644.2250000000
0.0017241379
-1
0.0075949367
-1
-1
0.9111111111
-1
-1
-1
2.6334031387
-1
-1
-1
-1
-1
-1
-1
-1
20.5044860473
0.0003519270
10466.5294117647
-1
-1
1886039.8913043479
0.0019811944
-1
-1
-1
0.0000001507
0.0000030817
-1
0.0039062500
-1
0.0000108010
-1
-1
9317.0531914894
-1
-1
67466.1351351351
-1
-1
-1
0.0000021787
1.3889095646
0.4319071410
-1
-1
-1
-1
0.5206213382
-1
-1
-1
-1
0.9223465332
3.0000000000
-1
-1
64896.7450980392
-1
0.0859950860
-1
0.0000211815
0.0003369122
0.0000322248
-1
0.0596538165
-1
117.0625000000
1.6842014795
-1
0.0000103455
2.0000000000
-1
14.1186440678
1080.1389728097
-1
0.0000177119
-1
-1
-1
2.8287660548
-1
0.0001812275
0.0001174109
0.0077220077
-1
-1
0.0004757374
62.7613038087
227.6170212766
-1
0.0011572973
66784.0869565217
0.0086063298
-1
-1
792.9444444444
-1
1221.7424593968
276953.8484848485
-1
-1
-1
0.0000072809
-1
0.8456082935
0.0002482739
3945.3880597015
0.0002194426
201.6972048783
-1
-1
0.0000001687
-1
7.2439024390
-1
31.1414232986
-1
0.0185185185
89.1600000000
-1
3676699.5000000000
-1
0.2632923995
17304553.2500000000
-1
-1
-1
-1
-1
0.0000242972
-1
6347723.5000000000
-1
0.0085013359
-1
-1
0.0001130710
22.2526820759
0.0626038900
0.0000610356
-1
-1
-1
312.1666666667
0.0016779512
402.8938704170
-1
-1
0.0327868852
0.0312500000
-1
0.0312500000
-1
-1
-1
0.0641074370
-1
-1
944855.6666666666
0.0000030675
0.0000389545
41219.5000000000
-1
375.5000000000
88.6666666667
0.0076335878
477.5000000000
0.0000008265
-1
-1
-1
-1
0.0004597701
-1
-1
1.1550632911
0.1775703765
0.7362768496
27.3185145235
99728.0000000000
3465648.5714285714
80523.8315789474
-1
-1
-1
9178.0066225166
-1
-1
3.3292599176
-1
-1
-1
-1
-1
-1
517.0000000000
-1
-1
95763.8891402715
984.3216145833
-1
-1
-1
7.0000000000
-1
0.0023311110
0.0000056405
2.3887240356
0.0000063933
-1
-1
4.0961879433
-1
1.6237971873
-1
-1
-1
-1
0.7273932598
-1
-1
-1
0.0010553268
0.0000087236
0.0000813247
-1
0.0429834882
199928.6666666667
22.5680757394
858470.2745098040
0.0000008434
0.9962616822
-1
0.5795293344
-1
-1
21061.1876606684
-1
-1
-1
-1
-1
0.0019419856
0.0000071729
-1
-1
-1
18.9677419355
4559231.0000000000
-1
11211.0000000000
0.0019801980
0.0051903114
0.0001140812
-1
-1
0.3333333333
-1
-1
-1
-1
0.0000109122
0.0763011622
-1
-1
4504.4144736842
-1
205.1666666667
-1
-1
-1
-1
603.6619524465
-1
2227.2500000000
2622834.6666666665
-1
-1
0.0779252907
-1
-1
0.0000153827
-1
-1
78.7937853194
-1
-1
-1
0.4109149161
0.0000128949
-1
-1
603.3214715618
-1
-1
0.1428571429
0.0000777869
-1
-1
433.0000000000
0.0000001287
-1
365944.8333333333
-1
-1
-1
-1
-1
-1
0.0038946627
-1
-1
-1
-1
0.0000015450
0.0035742804
-1
-1
-1
7900311.0000000000
158369.1944444444
0.8983738113
-1
-1
-1
0.0013923518
-1
0.0031933951
0.0000418463
0.1851851852
0.0000199195
-1
1.7115384615
24.8709578072
-1
150.1309904153
-1
-1
-1
-1
-1
-1
0.0095832601
-1
-1
5.4909747292
2.2926865377
-1
-1
22978.7000000000
-1
0.0000043176
272.0217391304
-1
-1
-1
10.9922394678
-1
-1
-1
0.0000250005
-1
-1
-1
1.6467654536
-1
28.9870129870
0.0001554847
13.6124401914
0.1626715574
-1
-1
0.0000014637
40.8250019022
371365.7592592593
-1
11560685.3333333340
-1
72.0000000000
-1
-1
-1
-1
0.0001379957
-1
3.1205285665
-1
-1
-1
-1
0.0000928545
-1
0.0000001613
0.0121514024
0.0017064846
-1
-1
-1
-1
-1
-1
-1
-1
-1
0.0043307087
-1
-1
-1
-1
-1
-1
-1
-1
0.0296821207
-1
-1
0.0053919935
-1
22500.6585365854
-1
6.4705882353
0.0003939501
0.0224889834
-1
0.0042016807
-1
229.0252517428
1.0000000000
-1
0.0000686908
-1
11.4592220828
-1
1329.8502293215
0.0073529412
-1
-1
-1
-1
-1
-1
6.0906096875
0.0000028436
-1
-1
341.6000000000
0.9682765152
-1
-1
0.0003702655
-1
0.7913686157
-1
27898.9401408451
-1
2.9820990778
-1
-1
-1
-1
-1
-1
0.0000000338
-1
-1
-1
-1
0.0000108264
-1
7.0202558635
-1
770.3945111492
-1
-1
-1
-1
0.0000017691
4.9333333333
-1
-1
0.0000000208
186.4727272727
0.4219754530
-1
0.0277695361
-1
-1
209.0000000000
-1
-1
-1
796.7244041898
-1
0.0001997470
-1
0.3609166136
49.4938271605
-1
-1
-1
-1
0.0000019725
-1
-1
-1
-1
-1
0.0337393743
1078118.0133333334
-1
-1
-1
-1
0.7100371747
8364.5714285714
-1
0.1111111111
-1
-1
-1
-1
-1
2.1748458449
0.0023724792
-1
39163.0909090909
-1
1.2970809373
-1
-1
0.0001141857
5.0000000000
-1
550.7477477477
0.0038352765
-1
11.4932854961
0.0000068071
13032.5000000000
-1
-1
2.4543369096
-1
-1
0.0090302316
-1
0.0001806744
407.7017543860
2871.6666666667
-1
-1
0.0000134093
-1
21.4722222222
-1
-1
20.0512820513
-1
0.0013071895
-1
-1
-1
-1
-1
-1
-1
-1
29938.0111989460
-1
-1
0.0000003001
-1
855830.0000000000
-1
-1
-1
8.8766618435
-1
-1
0.0001965023
-1
-1
-1
0.0000590702
1883.5378582520
487.2972336944
134.6955827747
-1
0.0000046080
0.0000108975
2.0000414464
86.1093117409
-1
0.0043300457
-1
0.0055147059
-1
-1
-1
-1
117489.2000000000
-1
43.4460885888
104839.3157894737
-1
-1
-1
0.0016475494
-1
48.3441860465
0.0118138739
-1
14.9393939394
-1
-1
12.9213904452
45796165.0000000000
519.5185915493
44971.7500000000
-1
-1
-1
0.0166666667
1.4096437880
-1
-1
-1
373.3242078540
-1
-1
-1
-1
-1
-1
0.0461850050
-1
10629.1686288938
0.1193751452
-1
-1
-1
-1
-1
-1
-1
5.0000000000
-1
-1
226.5000000000
-1
-1
-1
0.0000198539
-1
0.0000001636
85.7464022252
-1
-1
-1
-1
-1
-1
-1
3726.5470794550
-1
2.8066768157
26827.4285714286
26.0588235294
-1
0.0000051693
0.1438515081
0.0092592593
-1
-1
113.4239631336
1952769.0000000000
-1
-1
-1
-1
-1
-1
-1
268531.1250000000
-1
0.0001997345
-1
561749.7441860465
-1
-1
-1
0.0264276569
-1
-1
0.0001471670
0.0900277008
-1
9.9059080963
0.1311887943
-1
29.4444444444
0.0000000439
0.2445652174
0.0002522704
-1
0.0612557427
-1
-1
-1
0.0000000393
0.1172502006
0.0042886340
2054.4698944755
1.2631519914
-1
0.2644651425
-1
37209.5502100038
-1
-1
-1
0.0687066975
-1
-1
83.1428571429
0.1565452092
567.6695652174
-1
0.4456521739
11719.0000000000
-1
-1
0.4000000000
-1
-1
0.0012562859
19191.3577113358
-1
8.5526315789
-1
-1
-1
990.3023255814
3.5000000000
-1
-1
-1
-1
-1
2.3138075314
-1
0.1111111111
0.7039480492
-1
-1
-1
0.0977443609
7.2875989446
-1
-1
-1
-1
0.1375568778
0.0000076545
-1
-1
-1
3.0514075887
-1
-1
-1
-1
-1
1866.4723091463
0.0000016327
0.0000000170
0.0001145257
-1
-1
472.8571428571
-1
-1
-1
0.0001937754
-1
-1
10895.8888888889
-1
0.0034562212
0.0545619378
46.3157894737
0.0222222222
-1
-1
5.6033895811
0.0256410256
-1
-1
0.1111111111
-1
-1
-1
10946.6666666667
-1
0.2972176759
-1
387.6666666667
0.0008873456
0.0003224843
0.0000000133
-1
-1
9425.3064516129
-1
1894975.0000000000
-1
-1
-1
-1
0.5059242709
15.5757736131
0.0002971768
-1
-1
-1
-1
933.6666666667
-1
12.5000000000
-1
-1
0.0000849041
-1
0.0000017349
0.0002655478
177112.3578947368
-1
-1
-1
-1
-1
-1
-1
-1
-1
2.7350200905
-1
0.3141510273
-1
-1
-1
0.0000185274
-1
-1
-1
0.0000094726
-1
17.9638554217
0.0054347826
-1
0.0002270614
-1
-1
1.9854446499
-1
-1
-1
-1
-1
10.5000000000
0.0023446659
0.0000447198
-1
-1
13.2689530686
1.0000000000
250.4235174345
-1
-1
163.5000000000
166.9444444444
13207.3382352941
15.3538846615
3.0000000000
0.0025849335
-1
-1
-1
-1
-1
-1
436611.4000000000
0.0000005312
-1
1.5409836066
-1
-1
17.2716937179
-1
-1
-1
-1
4.0000000000
3406.6973489215
-1
-1
-1
6770.0000000000
0.1087451874
-1
0.3661971831
4.3729344414
-1
0.0000000248
0.0110348614
-1
0.0000038443
-1
80.6666666667
10926.0000000000
-1
0.0000382452
-1
0.4176613081
-1
10.8866544790
113.8751269036
-1
-1
-1
-1
-1
0.0000007228
8004033.2222222220
6815.1428571429
784.0000000000
-1
0.5000000000
-1
0.1438536026
0.0000045814
0.0001787843
-1
-1
-1
-1
223.9142857143
-1
-1
0.0000775349
-1
0.0000402070
-1
32126.1707317073
0.0000001535
-1
-1
5.3792613636
24454.2992907801
-1
0.0043217287
0.4519304864
-1
0.0000055269
0.5144171041
-1
3151.1425231235
-1
47728.6964285714
0.0000076407
-1
2.5398938098
-1
-1
1669.3792343155
-1
0.1721854305
-1
-1
-1
-1
-1
0.0000229334
-1
1916.8291946636
-1
0.0012376238
-1
-1
-1
-1
-1
-1
-1
169737.4061930783
-1
-1
0.0000009650
-1
1.1830152389
-1
-1
-1
-1
21495.5454545455
0.0000033784
0.0000056167
-1
-1
0.0000176526
-1
264.7137555025
-1
0.0000005859
-1
-1
32.8735632184
5.7908309456
0.0040800775
0.0228332424
325.6497454242
-1
-1
-1
-1
-1
-1
-1
0.0026417000
0.0005309558
-1
1.0000000000
-1
-1
0.0014656424
-1
0.0108225108
-1
0.0000128269
0.3333333333
-1
0.1567270292
4.2244897959
187.4822085890
-1
0.0026322320
0.3223118174
0.0285956007
-1
-1
-1
-1
458.1666666667
-1
-1
-1
9.0000000000
-1
-1
-1
0.0000994085
0.0033392950
-1
9137.9349593496
0.0004784689
-1
-1
-1
0.0005977728
0.0545454545
0.1705685837
918.1111111111
70112.3333333333
0.0009905752
-1
295954.0526315789
9544184.0000000000
-1
-1
-1
-1
-1
-1
202.6251455180
94.5445544554
-1
-1
-1
35.2258408782
-1
-1
-1
-1
0.0000000476
-1
-1
9.7423111377
-1
1903.7142857143
-1
4904.0000000000
0.0001048097
4.6315789474
-1
106.6232073852
-1
1917.4000000000
-1
-1
0.2066913906
-1
-1
393482.0000000000
-1
-1
14.7142857143
-1
0.0083001350
-1
-1
954491.7647058824
-1
-1
814.5806451613
0.0008424600
-1
0.0046377487
-1
4.3754568106
-1
-1
-1
-1
0.0003265711
0.1107438388
3.0220876224
-1
-1
0.0189582310
1356.4701215906
0.0205477397
0.0007463801
-1
-1
-1
23349.0286602210
1.3054054054
-1
-1
28213.4000000000
-1
-1
-1
-1
8040825.0000000000
-1
0.0003543586
-1
-1
-1
246.7272727273
0.0000013665
20.1161290323
-1
-1
-1
1.3983799826
-1
-1
-1
18873.3783783784
0.0000932966
0.3333333333
0.0079756246
0.0714285714
0.0055124671
-1
-1
-1
0.0000017836
0.0003926136
0.0055494585
4.7000000000
-1
-1
-1
-1
-1
-1
-1
0.0000072532
565781.0483870967
-1
-1
-1
0.0001453193
-1
0.0016429840
-1
-1
0.0146980562
-1
0.8194444444
0.0084889643
0.0008627948
-1
-1
-1
0.0000572058
-1
-1
-1
-1
-1
0.1156462585
1186.3699757869
-1
-1
6.4142857143
-1
67.8556719653
22.7612278761
-1
-1
-1
-1
17.6027257240
-1
0.0007821144
-1
-1
-1
1.6871887578
15916.9439775910
0.0070546737
-1
0.2857142857
-1
-1
0.0000000173
34.5000000000
400710.9666666667
-1
0.0000225958
-1
-1
-1
-1
0.0010141988
0.2500000000
-1
334.9788135593
0.0000097636
-1
-1
345.2012692656
75862382.0000000000
0.0130718954
0.0000006497
0.4113911424
-1
-1
-1
0.0000000216
1844227.3999999999
-1
12.5000000000
2.6835132106
0.0000000762
-1
-1
0.0001399384
-1
-1
-1
-1
-1
12.1400154918
-1
-1
0.0254237288
129.8865676651
-1
0.1827029281
-1
3722120.0000000000
-1
0.0304347826
0.0013829041
-1
-1
-1
-1
-1
-1
-1
-1
-1
0.0000317487
20989.2922535211
-1
-1
-1
-1
66096.3750000000
-1
0.0021644597
-1
-1
-1
4.0864410824
18.5690961061
-1
-1
-1
-1
-1
13365.4000000000
0.0000000207
-1
0.0013779615
0.0140105519
-1
-1
0.0222222222
0.0003798851
0.0455207604
7791.0000000000
0.0006605020
-1
113363.8275862069
-1
0.0499854446
-1
-1
-1
7.0000000000
-1
0.0009660216
-1
-1
5939.4723247232
-1
-1
27.5569948187
-1
0.0211640212
367.1666666667
-1
-1
-1
9469.0000000000
-1
-1
0.0000254268
73.0000000000
-1
-1
-1
0.0000136968
-1
0.0116898420
602261.6875000000
0.0011604294
-1
-1
0.0249962979
-1
-1
-1
0.0002773540
0.0109170306
-1
0.0013819721
59329.8124238733
0.0000066927
0.0002435460
0.1304780876
3718.2175169822
6734.8962386511
-1
-1
22045.0000000000
-1
-1
-1
-1
-1
-1
-1
-1
-1
-1
-1
-1
-1
-1
86.2963689892
-1
0.0023764108
2429.3333333333
-1
51.6894936012
-1
-1
0.2204251386
-1
-1
28.6646759649
-1
1752.5000000000
-1
-1
-1
0.0000012081
-1
-1
-1
0.0000110377
-1
-1
-1
7.0697674419
-1
-1
-1
255330.1666666667
-1
-1
-1
0.0000011721
-1
1.2288206406
-1
-1
-1
12.1038685745
-1
0.0000188816
-1
-1
-1
-1
0.3333333333
-1
-1
-1
0.4397230924
-1
-1
23.0000000000
0.0000403037
0.0000184846
-1
-1
-1
0.0000017840
-1
-1
-1
-1
-1
-1
169475.2343750000
-1
369217.4090909091
0.0025575448
-1
-1
-1
3.3597169089
11.5957446809
0.0238180863
-1
0.1053056827
-1
-1
-1
39183.2443438914
-1
1.4376007583
-1
-1
-1
0.0000021317
-1
40.2500000000
-1
-1
-1
-1
-1
2681.0000000000
-1
0.0000015039
0.0087117212
-1
-1
-1
9.2095671982
0.0304580897
-1
3.2531340405
-1
-1
2.3055555556
-1
-1
-1
-1
-1
0.0065934066
-1
-1
-1
-1
-1
-1
241.4114846772
95.9411476042
-1
11788.0144927536
283.2925752856
1029.0000000000
-1
-1
176385.4629629629
12.6500000000
2.3001688117
0.0167615138
-1
-1
0.0000927738
-1
-1
-1
-1
2834.4285714286
-1
1046.5000000000
0.0001324269
0.1085196848
0.0241592772
-1
0.2771415772
0.0117836101
0.0092401496
-1
9.0000000000
-1
516.8001897395
40.0000000000
655.9314317344
0.0112359551
-1
12.0726035869
-1
-1
-1
4.2000000000
-1
0.0014267997
0.0446533490
-1
-1
-1
6.8485508963
10595972.8000000007
0.0122758926
-1
863.1567328918
-1
-1
-1
0.0106478597
0.8412151984
-1
-1
0.2384105960
2.2588749317
-1
0.8559971987
-1
0.0769230769
-1
0.0000001896
-1
1.4881999075
772.1551834924
4331.3691275168
0.3907580057
-1
-1
-1
-1
-1
0.2631578947
-1
0.1526074512
0.0000008333
-1
0.0653652311
0.2862451457
0.0001183975
-1
-1
-1
767.1697976003
-1
0.0000061926
-1
0.1070586776
-1
0.3076923077
-1
-1
22.8673495077
-1
-1
-1
0.2283235178
0.4162245800
110719.7777777778
15561.0000000000
0.0035381319
-1
-1
-1
-1
-1
0.0001472754
0.0000001195
0.9395199846
-1
85.7500000000
-1
-1
124331.7027027027
-1
0.0064702009
19.2231981627
39.7105820106
-1
0.0015799624
31.5956565403
-1
-1
0.0445190854
-1
-1
-1
-1
-1
-1
0.0000005094
-1
11.1460329853
0.0000001829
0.6525747930
-1
2216.7017829668
0.7474820144
-1
245.7384441939
6.4594594595
-1
-1
-1
-1
0.2130668362
0.0000092556
-1
-1
-1
-1
-1
-1
-1
-1
0.0001541901
22.1770924014
-1
-1
-1
-1
-1
1.0080316742
-1
297.6320062793
-1
20177.9583333333
-1
-1
-1
37.6778572544
0.0002084636
-1
-1
-1
-1
-1
0.0000051359
-1
-1
4.5088676671
123.6647914613
0.8823529412
-1
0.0001189064
31519.6585365854
1.0529085063
-1
-1
-1
0.0020449898
-1
-1
0.0000581689
-1
-1
-1
-1
0.0009633911
-1
-1
-1
604.9079831276
0.0192307692
-1
-1
-1
0.2417722204
7131.0000000000
0.1768188079
-1
-1
2.2862180429
-1
-1
7051.0619354839
-1
-1
-1
-1
-1
0.7420109655
-1
77.0000000000
-1
4.0000000000
-1
-1
-1
0.0011145833
0.0000378315
-1
-1
-1
0.0017116903
-1
-1
-1
-1
9.0000000000
0.0000009982
1651.6724137931
0.0000177481
-1
-1
-1
0.1106719368
20.4733475480
-1
255401.8000000000
-1
0.0366972477
0.9675405743
0.0132097480
7645.0000000000
-1
-1
135633.3333333333
0.0000000250
0.0001860741
-1
-1
-1
-1
0.0028773931
0.0001938924
-1
-1
-1
-1
21.1418439716
-1
-1
1204.8363954506
-1
-1
-1
-1
-1
-1
0.7668509248
-1
-1
20.0399283529
-1
-1
0.3189964158
0.6000000000
-1
-1
5.2419263531
-1
0.0942028437
0.0129870130
17.1904761905
0.0537683024
0.0000693493
-1
-1
-1
0.0068186650
-1
-1
0.2019583573
-1
-1
-1
0.0454545455
36.5368421053
-1
-1
-1
-1
-1
-1
-1
-1
-1
16084.2500000000
-1
2.6300378333
0.1347380804
-1
-1
4648.8852952238
0.0006102676
0.0001814100
8485.0000000000
48.3684210526
0.0018792380
-1
0.0007417710
-1
-1
11.8051948052
-1
0.0000001493
-1
89.4039735099
0.0000133903
-1
2932160.0000000000
-1
-1
-1
-1
0.0405226329
-1
0.0000191387
-1
154981.6363636364
-1
-1
-1
-1
-1
0.6758563884
-1
-1
0.0000002958
-1
-1
-1
0.0000476427
15.5549872123
-1
-1
0.0001029103
18359.2339449541
15932.7500000000
-1
-1
-1
19384.1221574344
-1
-1
0.0065436980
-1
-1
-1
-1
0.0002323947
-1
-1
-1
0.1851851852
-1
-1
0.0028818444
-1
-1
-1
5864.9180907484
-1
-1
-1
-1
-1
483319.3333333333
2.7535493537
-1
0.0481099656
-1
-1
0.0031659485
-1
-1
-1
0.0616438356
-1
0.0015633142
0.0000983091
47.5000000000
0.1076923077
-1
49910.7727272727
0.1428571429
-1
-1
-1
-1
-1
-1
-1
33.6469816572
-1
-1
0.0096618357
-1
0.1434112299
-1
-1
0.0287539936
0.0615034756
-1
3165.9444444444
-1
-1
18.0000000000
115827.4000000000
-1
-1
-1
-1
-1
-1
0.0001881114
-1
1.7878411911
0.0270270270
-1
-1
-1
0.0000192846
-1
-1
-1
-1
9.2857142857
-1
4827.2750000000
41.2249674902
0.0018497776
0.2416307781
-1
0.0000000446
-1
-1
-1
9220.1304347826
0.3658536585
0.0137795276
-1
70.3111111111
-1
-1
1.8000000000
-1
-1
-1
-1
1.7062937063
89176.6531440162
0.0549132948
-1
0.1642512077
-1
30.8015267176
-1
60.0000000000
-1
0.0000660502
0.8030961800
-1
-1
7225.9187096774
-1
0.0000013928
-1
-1
0.0001483894
14425544.0000000000
-1
0.0000269068
-1
-1
-1
-1
1786.5872504829
0.0379989624
-1
11930986.0000000000
-1
-1
0.0000003837
-1
-1
-1
-1
-1
0.0000000948
-1
-1
0.0001538935
0.3644623927
41.5633146716
5.2974176735
-1
-1
0.0025000000
-1
-1
-1
0.0000373379
498.0563173713
-1
-1
-1
-1
-1
1.2099516053
-1
-1
-1
-1
-1
-1
499397.0000000000
-1
1631546.8000000000
0.0025410462
0.0000153245
0.0226921093
-1
5532.6666666667
-1
1.3715268402
-1
-1
-1
-1
5.8333333333
722407.4000000000
-1
-1
-1
0.1666666667
-1
0.0057537399
-1
-1
-1
0.2500000000
0.0011947431
-1
-1
2.0124333925
6.2113272972
-1
-1
-1
2068.8181818182
31.5000000000
0.0012984905
354.2857142857
114.1697153370
0.0000000127
-1
-1
-1
-1
0.0000006201
0.0016081058
-1
32.5000000000
3720.0721876496
-1
0.0000016370
-1
1009598.9464285715
-1
-1
-1
-1
-1
-1
35.8000000000
0.0056657224
-1
-1
1.8000000000
-1
-1
0.0000006440
-1
0.0000129094
-1
-1
0.5259763703
-1
1.8994232773
-1
-1
-1
0.0000001815
0.0000147641
0.0706538184
-1
0.0002286237
0.0486360196
0.0103896104
0.0000000278
-1
0.0005844603
-1
-1
0.2116024727
222387.5542986425
-1
3224.1578947368
-1
-1
-1
-1
-1
0.0126489459
-1
-1
-1
-1
-1
-1
-1
-1
-1
-1
6.9562931318
512.0204302663
-1
194.8378378378
-1
-1
3.3333333333
-1
-1
-1
-1
-1
-1
-1
-1
-1
898.5910973085
-1
-1
-1
2.1175955519
1.0000000000
-1
-1
-1
-1
-1
0.0000917016
-1
1.3714176324
0.3333333333
12132986.1666666660
12758.3862863619
-1
-1
1214.9365079365
0.0004142502
143.0285195823
0.0000644570
-1
0.0000000340
130772.3478260870
-1
-1
-1
-1
0.2251845300
0.9747414537
0.1668693734
-1
-1
0.0002360284
-1
-1
0.0003322969
-1
0.0000153337
0.4051282051
-1
-1
811276.6321839080
-1
-1
0.0208384634
-1
-1
1.0000000000
0.3333333333
0.0013315579
-1
-1
0.6923076923
-1
189196.9445676275
-1
0.0000001330
0.4822202949
124.1487611077
-1
-1
0.0000000541
-1
0.0000004226
-1
-1
0.0101827191
-1
34.3283986551
-1
0.2500000000
0.0180117769
17645.2285714286
0.0105169134
0.0010061313
0.0186915888
0.0370370370
67.5059523810
473.2816901408
-1
22.4622985974
-1
62205.5340909091
0.0000000295
-1
-1
-1
0.0002886320
0.0029403117
31447653.3333333321
-1
-1
-1
-1
0.0259259259
-1
-1
-1
-1
-1
-1
0.0000155049
-1
-1
0.0000280623
-1
-1
0.0006605020
328088.8505747126
0.1232578581
-1
6.8331521697
123.7575757576
-1
-1
-1
-1
-1
0.0000031499
243.1951274066
-1
-1
-1
-1
-1
0.0434292160
-1
12.8571428571
-1
-1
-1
-1
0.4006219876
-1
888.5689655172
-1
-1
-1
169.3807291667
85.5915492958
-1
-1
-1
-1
-1
-1
-1
-1
-1
-1
76.1199673772
0.0000005603
0.0001347092
-1
3.2687763061
-1
-1
3.9221556886
-1
202.9269005848
0.3843882797
30.6809096349
8.3609296498
-1
0.0119760479
-1
-1
-1
24685.2644628099
12393.5000000000
-1
-1
-1
545.1366711773
3.2258710796
-1
-1
17392.5000000000
-1
-1
0.2500000000
0.0048038431
0.0000005812
0.0000020713
-1
-1
-1
1.5640303359
9.1075919181
-1
0.0000452848
-1
-1
0.0000000653
1.0706806283
-1
-1
-1
0.0128479657
182807.6000000000
-1
-1
0.0176006931
-1
-1
-1
-1
1928304.1200000001
-1
0.0000648683
0.5000000000
0.0134396022
-1
0.0014980231
-1
-1
0.0026595745
-1
-1
28521.3766603416
1.6686915888
-1
-1
-1
-1
-1
-1
-1
-1
-1
0.4831742843
-1
-1
40.6160086533
0.0000000656
-1
-1
53.2153110048
-1
-1
11.9964076538
0.0002518160
721991.2000000000
0.3320619966
8.1198208287
-1
0.0000734476
-1
-1
-1
-1
0.0015793562
1712.9523809524
-1
-1
0.0157035176
0.0000047890
52.1111111111
-1
35.2597759459
-1
-1
14020.7847533632
-1
-1
-1
-1
0.0000012496
17.1944649446
7930.8534341783
0.0144727774
16.6666666667
-1
-1
-1
0.5669890987
1.1623373205
-1
3115.7344961240
0.0000012639
-1
0.0000080750
-1
0.0002578257
-1
8244.6931797404
0.0065927111
-1
-1
-1
-1
-1
-1
-1
0.0000313460
13639660.1666666660
0.0407358739
8659.5063291139
0.0019801980
-1
-1
-1
-1
1.2745317305
0.0082490601
0.6357615894
-1
-1
-1
-1
0.0037240249
0.3981333940
1.2409291285
-1
-1
-1
-1
-1
461.5000000000
-1
-1
0.9902842001
0.0000000537
-1
0.2529053680
1.2941176471
-1
-1
-1
0.0060942873
-1
-1
-1
-1
-1
0.0001495647
-1
0.0912162162
-1
0.1375000000
-1
-1
-1
-1
-1
120.2307692308
-1
7877.4000000000
-1
0.0625000000
-1
19888.0909090909
-1
-1
-1
-1
3.2166666667
0.0008026756
-1
124.0000000000
-1
0.0011673619
0.9523809524
-1
19875.4000000000
300285.5000000000
0.0000209202
0.0016389086
0.6666666667
68.0833333333
0.0029585799
-1
11410.9769736842
12.7500000000
2.3877980365
-1
-1
21.0666666667
-1
0.0032596885
18.5721552878
-1
0.0000001764
-1
0.0000000691
-1
-1
0.1215964863
0.0141683329
-1
-1
-1
0.0000004174
25606.7800000000
23.2586846906
11896.7842105263
0.5333333333
-1
0.0533333333
0.0000020200
-1
-1
4.0000000000
-1
-1
32.7711361310
-1
-1
0.0000039352
-1
-1
0.3277767194
0.0000113375
2470631.6333333333
3828.6919831224
1433090.3043478262
77.6459349269
166.9166488414
-1
-1
-1
-1
-1
-1
-1
-1
0.0021786375
-1
-1
-1
-1
-1
206.1183431953
0.0000743620
-1
-1
1.8108667043
-1
-1
-1
-1
-1
-1
0.0141342756
0.0010958417
-1
-1
-1
2617.1578947368
1933.3710691824
-1
-1
887.1056546347
4.6190476190
-1
-1
16910.3243243243
-1
0.0000199892
129.0664206642
0.0000234236
-1
0.0050728195
-1
-1
-1
-1
0.0000026144
-1
-1
-1
0.0887389725
0.0040877292
-1
8369.6288659794
-1
-1
30.6477558485
0.0000017724
-1
-1
-1
9.9977619756
-1
187.2857142857
-1
-1
-1
0.0000000135
-1
1.0697230181
46357.0000000000
-1
88.1818181818
-1
0.2000000000
8.5000000000
0.0000168934
-1
31980.5000000000
-1
0.0017988924
127394.4285714286
5637.3333333333
-1
195.8539325843
-1
-1
-1
0.0805994330
-1
-1
19.6061604609
-1
0.0004718806
-1
142.1593843086
-1
-1
8.4647887324
-1
-1
-1
-1
174.0000000000
0.0000143943
-1
0.0000012883
18.4200000000
-1
-1
-1
-1
0.1315789474
1.7426792450
-1
-1
-1
-1
-1
8.1002785515
-1
0.0001168058
-1
0.0312234923
-1
-1
-1
-1
-1
0.1219929349
-1
0.0000038884
0.0000171898
0.8390677026
0.0028867542
0.3218349332
7.0000000000
0.0000012368
-1
-1
-1
-1
-1
5.9110506013
-1
0.0000002980
-1
-1
0.0002488703
50.8917020575
0.0000000412
-1
-1
146467.8697571744
0.0008084308
0.0000394260
-1
0.0000415144
-1
-1
-1
-1
-1
34302.1125541126
0.4616463985
-1
-1
-1
-1
0.0358377890
-1
-1
1.0528467618
-1
11.8912990790
-1
-1
-1
-1
-1
-1
-1
0.3621408737
0.0000062872
0.2371157873
9726.3333333333
463.4687500000
-1
-1
-1
1592.4019994738
66333.3333333333
0.0284552846
-1
0.0355889724
-1
-1
-1
3833.5000000000
6632.6997206704
3143.5016949153
0.0051533007
0.9156284338
0.0206996109
-1
5.0000000000
-1
-1
0.0000002508
0.1518617160
0.0021315816
-1
-1
-1
550.3703703704
-1
0.0000001347
-1
4818.0000000000
-1
0.0000346464
397437.2105263158
0.0941321973
982.1785714286
-1
-1
0.0001983340
0.1168361343
13809.3882352941
0.0093456085
0.5555555556
-1
10.5594358604
-1
-1
-1
-1
0.0000137637
-1
0.0263157895
0.0000757926
408790.6000000000
-1
-1
1.2931034483
-1
-1
-1
-1
0.3724305769
-1
-1
-1
0.0000001115
-1
-1
-1
-1
-1
0.0000008724
-1
-1
-1
0.4626520073
-1
0.0003993728
-1
160705.9182389937
-1
-1
768.8120649652
-1
-1
67.7693450456
-1
-1
-1
-1
-1
-1
-1
-1
-1
-1
-1
-1
-1
-1
-1
-1
-1
0.0050375536
-1
373.3852284972
-1
-1
-1
0.0000000869
-1
-1
-1
-1
-1
-1
-1
-1
0.0000167421
2156.4051724138
-1
0.0264373352
45342726.0000000000
-1
0.1466517620
18603.6410256410
0.0034571720
0.1574803150
-1
2.1666666667
-1
0.0000084859
-1
-1
0.0000001508
19018.8000000000
-1
22323.1785714286
0.0001106195
-1
-1
-1
-1
-1
0.0003955953
12.0248051028
0.0000623041
-1
0.0000537779
-1
0.0003519392
-1
-1
0.6726862302
36628869.0000000000
-1
-1
-1
-1
-1
1112643.6969696970
2175.5521235521
-1
0.0045871560
0.0002547933
0.0000000235
-1
0.0028011204
0.0022690918
-1
44.5000000000
321.3170359053
0.0102147031
33.9078989790
0.0000000294
87869.9762989973
123627.5000000000
0.0000042740
0.0000811842
0.0098399564
0.0002676242
0.0000014736
14.5160000000
0.0000173542
-1
-1
-1
0.0000497896
0.0164835165
5.3311756751
357.8571428571
0.0003763360
-1
-1
0.0364275368
-1
-1
828.2137686302
-1
-1
6.0391738031
0.2191358025
-1
91808834.0000000000
-1
0.0000001307
-1
0.0000002615
-1
-1
-1
-1
-1
-1
-1
-1
2.8000000000
-1
-1
-1
0.0035419126
0.0272727273
0.0236220472
72646299.0000000000
10554.6411832501
3296.5084192124
4.5285666336
0.0022557162
-1
7.2789083966
-1
-1
0.0000000455
-1
-1
-1
0.0000000118
-1
-1
208.1428571429
144727.9137931034
7.8906340636
-1
-1
0.0011663250
11.0908969142
11216.0000000000
-1
0.0000002553
-1
0.0000308395
0.0002867168
-1
-1
-1
-1
0.0000076873
-1
10659552.7500000000
0.0121942420
0.0479383800
76.7712213615
-1
0.0000052223
17.6666666667
-1
-1
0.4834949707
0.0001326847
-1
1166407.5263157894
18.3910891089
-1
0.0000142898
128773.2857142857
-1
-1
0.0011840265
-1
0.0022935780
0.0194939859
-1
1071.8356164384
-1
-1
-1
-1
-1
0.0007446016
-1
0.0000011648
-1
2.4759072093
0.0002553822
-1
0.0000001441
0.0312500000
-1
-1
38442.0000000000
38056.7471910112
-1
-1
-1
1907580.0000000000
1.3021265726
-1
-1
-1
-1
9.0000000000
19044.6000000000
436.6416739320
0.0000062044
12881.4186046512
-1
-1
-1
-1
-1
-1
-1
0.0006910850
6.4915740951
-1
385554.5937500000
0.0000015097
-1
0.0000187470
-1
-1
-1
0.0000007403
2.0764550801
-1
-1
-1
-1
0.0014519056
-1
-1
-1
-1
0.3019390582
-1
0.0962278676
-1
-1
0.0004941171
-1
-1
29909.5157894737
-1
-1
-1
-1
0.0037388445
336.0000000000
-1
-1
0.0109890110
-1
0.0841926641
-1
-1
2.0000000000
12763.3333333333
-1
1627.2500000000
0.0079670096
0.0012038957
-1
-1
-1
-1
0.1489361702
0.0270270270
-1
1.0000000000
0.0178571429
12.2163461538
4.6935483871
-1
2.2936216847
-1
0.0000016429
0.4295668383
-1
-1
-1
-1
-1
-1
0.0726915521
0.0114678899
-1
-1
0.3815002301
0.2332099972
0.1146788991
93.9137931034
0.0004610420
7.8056112224
-1
-1
-1
-1
-1
-1
0.0315551229
-1
-1
0.0001496670
-1
-1
0.0001794406
-1
9.3750000000
0.9105566219
-1
0.0000091711
-1
-1
0.1394493944
11578.0000000000
-1
-1
-1
0.0107284020
-1
1.4626895957
-1
21.2469782434
-1
-1
110248.4602917342
7278.5965909091
-1
0.0160142349
-1
0.3333333333
-1
0.0000712536
-1
-1
-1
0.8178438662
-1
16.0727248709
139.8719306588
-1
0.0297601849
-1
-1
-1
-1
-1
0.0008005939
0.0583836809
21.5945945946
5.2990347490
-1
-1
0.0000061944
-1
-1
0.0000852442
-1
16893.0000000000
-1
715.5000000000
-1
-1
0.0002861876
1210.4000000000
-1
0.0000441447
0.0333333333
1032.8038620045
505351.8709677419
3.7696335079
0.0036630037
-1
13.4004255319
0.0000060422
-1
7.6588235294
0.0316455696
-1
126.8571428571
0.0069801165
-1
-1
189.2631578947
562.1989664083
-1
0.1156383846
0.0002678811
-1
23.0000000000
0.0000113144
